[00:02:10] [HomeKit] Update Temperatur Wohnzimmer
[00:02:10] [HomeKit] Update Feuchtigkeit Wohnzimmer
[00:03:56] [HomeKit] Update Feuchtigkeit Garten
[00:07:23] [HomeKit] Update Feuchtigkeit Wohnzimmer
[00:12:36] [HomeKit] Update Feuchtigkeit Wohnzimmer
[00:14:22] [HomeKit] Update Temperatur Garten
[00:17:49] [HomeKit] Update Feuchtigkeit Wohnzimmer
[00:19:35] [HomeKit] Update Temperatur Garten
[00:19:35] [HomeKit] Update Feuchtigkeit Garten
[00:24:48] [HomeKit] Update Feuchtigkeit Garten
[00:28:15] [HomeKit] Update Feuchtigkeit Wohnzimmer
[00:33:28] [HomeKit] Update Feuchtigkeit Wohnzimmer
[00:35:14] [HomeKit] Update Feuchtigkeit Garten
[00:38:41] [HomeKit] Update Feuchtigkeit Wohnzimmer
[00:40:27] [HomeKit] Update Feuchtigkeit Garten
[00:43:54] [HomeKit] Update Feuchtigkeit Wohnzimmer
[00:45:40] [HomeKit] Update Temperatur Garten
[00:45:40] [HomeKit] Update Feuchtigkeit Garten
[00:50:53] [HomeKit] Update Temperatur Garten
[00:54:20] [HomeKit] Update Feuchtigkeit Wohnzimmer
[00:56:06] [HomeKit] Update Temperatur Garten
[00:56:06] [HomeKit] Update Feuchtigkeit Garten
[00:59:33] [HomeKit] Update Feuchtigkeit Wohnzimmer
[01:01:19] [HomeKit] Update Temperatur Garten
[01:01:19] [HomeKit] Update Feuchtigkeit Garten
[01:04:46] [HomeKit] Update Temperatur Wohnzimmer
[01:04:46] [HomeKit] Update Feuchtigkeit Wohnzimmer
[01:09:59] [HomeKit] Update Feuchtigkeit Wohnzimmer
[01:11:45] [HomeKit] Update Temperatur Garten
[01:15:12] [HomeKit] Update Feuchtigkeit Wohnzimmer
[01:16:58] [HomeKit] Update Feuchtigkeit Garten
[01:20:25] [HomeKit] Update Feuchtigkeit Wohnzimmer
[01:22:11] [HomeKit] Update Temperatur Garten
[01:22:11] [HomeKit] Update Feuchtigkeit Garten
[01:27:24] [HomeKit] Update Feuchtigkeit Garten
[01:30:51] [HomeKit] Update Feuchtigkeit Wohnzimmer
[01:32:37] [HomeKit] Update Temperatur Garten
[01:32:37] [HomeKit] Update Feuchtigkeit Garten
[01:41:18] [HomeKit] Update Feuchtigkeit Wohnzimmer
[01:48:16] [HomeKit] Update Feuchtigkeit Garten
[01:51:44] [HomeKit] Update Feuchtigkeit Wohnzimmer
[01:53:29] [HomeKit] Update Feuchtigkeit Garten
[01:58:42] [HomeKit] Update Temperatur Garten
[01:58:42] [HomeKit] Update Feuchtigkeit Garten
[02:02:10] [HomeKit] Update Temperatur Wohnzimmer
[02:02:10] [HomeKit] Update Feuchtigkeit Wohnzimmer
[02:03:55] [HomeKit] Update Temperatur Garten
[02:03:55] [HomeKit] Update Feuchtigkeit Garten
[02:07:23] [HomeKit] Update Temperatur Wohnzimmer
[02:07:23] [HomeKit] Update Feuchtigkeit Wohnzimmer
[02:09:08] [HomeKit] Update Temperatur Garten
[02:12:36] [HomeKit] Update Temperatur Wohnzimmer
[02:12:36] [HomeKit] Update Feuchtigkeit Wohnzimmer
[02:14:21] [HomeKit] Update Temperatur Garten
[02:14:21] [HomeKit] Update Feuchtigkeit Garten
[02:17:49] [HomeKit] Update Temperatur Wohnzimmer
[02:17:49] [HomeKit] Update Feuchtigkeit Wohnzimmer
[02:19:34] [HomeKit] Update Feuchtigkeit Garten
[02:23:02] [HomeKit] Update Temperatur Wohnzimmer
[02:23:02] [HomeKit] Update Feuchtigkeit Wohnzimmer
[02:24:47] [HomeKit] Update Temperatur Garten
[02:28:15] [HomeKit] Update Feuchtigkeit Wohnzimmer
[02:30:00] [HomeKit] Update Feuchtigkeit Garten
[02:33:28] [HomeKit] Update Feuchtigkeit Wohnzimmer
[02:40:26] [HomeKit] Update Feuchtigkeit Garten
[02:43:54] [HomeKit] Update Feuchtigkeit Wohnzimmer
[02:50:52] [HomeKit] Update Temperatur Garten
[02:54:20] [HomeKit] Update Feuchtigkeit Wohnzimmer
[02:59:33] [HomeKit] Update Feuchtigkeit Wohnzimmer
[03:06:31] [HomeKit] Update Feuchtigkeit Garten
[03:11:44] [HomeKit] Update Feuchtigkeit Garten
[03:15:12] [HomeKit] Update Feuchtigkeit Wohnzimmer
[03:16:57] [HomeKit] Update Feuchtigkeit Garten
[03:20:25] [HomeKit] Update Temperatur Wohnzimmer
[03:20:25] [HomeKit] Update Feuchtigkeit Wohnzimmer
[03:22:10] [HomeKit] Update Feuchtigkeit Garten
[03:30:51] [HomeKit] Update Feuchtigkeit Wohnzimmer
[03:41:17] [HomeKit] Update Feuchtigkeit Wohnzimmer
[03:43:02] [HomeKit] Update Feuchtigkeit Garten
[03:46:30] [HomeKit] Update Feuchtigkeit Wohnzimmer
[03:56:56] [HomeKit] Update Feuchtigkeit Wohnzimmer
[04:02:09] [HomeKit] Update Feuchtigkeit Wohnzimmer
[04:03:55] [HomeKit] Update Feuchtigkeit Garten
[04:09:08] [HomeKit] Update Temperatur Garten
[04:12:35] [HomeKit] Update Feuchtigkeit Wohnzimmer
[04:14:21] [HomeKit] Update Feuchtigkeit Garten
[04:17:48] [HomeKit] Update Feuchtigkeit Wohnzimmer
[04:19:34] [HomeKit] Update Temperatur Garten
[04:19:34] [HomeKit] Update Feuchtigkeit Garten
[04:24:47] [HomeKit] Update Feuchtigkeit Garten
[04:30:00] [HomeKit] Update Feuchtigkeit Garten
[04:33:27] [HomeKit] Update Feuchtigkeit Wohnzimmer
[04:35:13] [HomeKit] Update Feuchtigkeit Garten
[04:38:40] [HomeKit] Update Temperatur Wohnzimmer
[04:38:40] [HomeKit] Update Feuchtigkeit Wohnzimmer
[04:40:26] [HomeKit] Update Temperatur Garten
[04:43:53] [HomeKit] Update Feuchtigkeit Wohnzimmer
[04:45:39] [HomeKit] Update Feuchtigkeit Garten
[04:50:52] [HomeKit] Update Temperatur Garten
[04:50:52] [HomeKit] Update Feuchtigkeit Garten
[04:54:19] [HomeKit] Update Feuchtigkeit Wohnzimmer
[05:16:57] [HomeKit] Update Feuchtigkeit Garten
[05:22:10] [HomeKit] Update Feuchtigkeit Garten
[05:27:23] [HomeKit] Update Feuchtigkeit Garten
[05:37:49] [HomeKit] Update Feuchtigkeit Garten
[05:43:02] [HomeKit] Update Feuchtigkeit Garten
[05:48:15] [HomeKit] Update Feuchtigkeit Garten
[05:49:26] [HomeKit] Update Küche Rolllade
[05:49:33] [HomeKit] Update Küche Rolllade
[05:52:01] [HomeKit] Update Küche Rolllade
[05:58:41] [HomeKit] Update Feuchtigkeit Garten
[06:03:54] [HomeKit] Update Temperatur Garten
[06:09:07] [HomeKit] Update Temperatur Garten
[06:09:07] [HomeKit] Update Feuchtigkeit Garten
[06:19:33] [HomeKit] Update Temperatur Garten
[06:29:59] [HomeKit] Update Feuchtigkeit Garten
[06:45:38] [HomeKit] Update Temperatur Garten
[06:50:51] [HomeKit] Update Feuchtigkeit Garten
[06:54:18] [HomeKit] Update Feuchtigkeit Wohnzimmer
[06:56:04] [HomeKit] Update Feuchtigkeit Garten
[06:59:31] [HomeKit] Update Feuchtigkeit Wohnzimmer
[07:01:17] [HomeKit] Update Temperatur Garten
[07:01:17] [HomeKit] Update Feuchtigkeit Garten
[07:06:30] [HomeKit] Update Feuchtigkeit Garten
[07:11:43] [HomeKit] Update Temperatur Garten
[07:11:43] [HomeKit] Update Feuchtigkeit Garten
[07:15:10] [HomeKit] Update Feuchtigkeit Wohnzimmer
[07:16:56] [HomeKit] Update Temperatur Garten
[07:16:56] [HomeKit] Update Feuchtigkeit Garten
[07:20:24] [HomeKit] Update Feuchtigkeit Wohnzimmer
[07:22:09] [HomeKit] Update Feuchtigkeit Garten
[07:27:22] [HomeKit] Update Temperatur Garten
[07:27:23] [HomeKit] Update Feuchtigkeit Garten
[07:32:35] [HomeKit] Update Feuchtigkeit Garten
[07:36:03] [HomeKit] Update Feuchtigkeit Wohnzimmer
[07:37:48] [HomeKit] Update Temperatur Garten
[07:43:02] [HomeKit] Update Temperatur Garten
[07:48:15] [HomeKit] Update Feuchtigkeit Garten
[07:49:18] [HomeKit] GET Anfrage (Target): Küche Rolllade | Current Target State: 0
[07:49:18] [HomeKit] GET Anfrage (CurrentPosition): Küche Rolllade | Current State: 0
[07:49:18] [HomeKit] GET Anfrage für Treppe Licht Pflanze
[07:49:18] [HomeKit] GET Anfrage für LED Kette Nils
[07:49:18] [HomeKit] GET Anfrage (CurrentPosition): Nils Rolllade | Current State: 0
[07:49:18] [HomeKit] GET Anfrage (Target): Nils Rolllade | Current Target State: 0
[07:49:18] [HomeKit] GET Anfrage (Target): Gäste WC Rolllade | Current Target State: 0
[07:49:18] [HomeKit] GET Anfrage (CurrentPosition): Gäste WC Rolllade | Current State: 0
[07:49:18] [HomeKit] GET Anfrage (CurrentPosition): Wohnzimmer Rolllade Tür | Current State: 0
[07:49:18] [HomeKit] GET Anfrage (Target): Wohnzimmer Rolllade Tür | Current Target State: 0
[07:49:18] [HomeKit] GET Anfrage für Feuchtigkeit Garten
[07:49:18] [HomeKit] GET Anfrage (Target): Schlafzimmer Rolllade | Current Target State: 0
[07:49:18] [HomeKit] GET Anfrage (CurrentPosition): Schlafzimmer Rolllade | Current State: 0
[07:49:18] [HomeKit] GET Anfrage für Kompressor
[07:49:18] [HomeKit] GET Anfrage für Keller Licht
[07:49:18] [HomeKit] GET Anfrage für Nils Zimmer Licht
[07:49:18] [HomeKit] GET Anfrage (Target): Wohnzimmer Rolllade Fenster | Current Target State: 0
[07:49:18] [HomeKit] GET Anfrage (CurrentPosition): Wohnzimmer Rolllade Fenster | Current State: 0
[07:49:18] [HomeKit] GET Anfrage für Eingangs Flur Licht
[07:49:18] [HomeKit] GET Anfrage für Fernseher
[07:49:18] [HomeKit] GET Anfrage für Nils Dachboden Licht
[07:49:18] [HomeKit] GET Anfrage (CurrentPosition): Arbeitszimmer Rolllade Garten | Current State: 0
[07:49:18] [HomeKit] GET Anfrage (Target): Arbeitszimmer Rolllade Garten | Current Target State: 0
[07:49:18] [HomeKit] GET Anfrage für Subwoofer Nils Zimmer
[07:49:18] [HomeKit] GET Anfrage für Feuchtigkeit Wohnzimmer
[07:49:18] [HomeKit] GET Anfrage (CurrentPosition): Arbeitszimmer Rolllade Kindergarten | Current State: 0
[07:49:18] [HomeKit] GET Anfrage (Target): Arbeitszimmer Rolllade Kindergarten | Current Target State: 0
[07:49:18] [HomeKit] GET Anfrage für Brunnen
[07:49:18] [HomeKit] GET Anfrage für Arbeitszimmer Licht
[07:49:18] [HomeKit] GET Anfrage für Temperatur Garten
[07:49:33] [HomeKit] SET Anfrage für Küche Rolllade. Wert ==> 100
[07:49:33] [HomeKit] Update Küche Rolllade
[07:49:55] [HomeKit] GET Anfrage für LED Kette Nils
[07:49:55] [HomeKit] GET Anfrage für Nils Dachboden Licht
[07:49:55] [HomeKit] GET Anfrage für Kompressor
[07:49:55] [HomeKit] GET Anfrage (Target): Nils Rolllade | Current Target State: 0
[07:49:55] [HomeKit] GET Anfrage (CurrentPosition): Nils Rolllade | Current State: 0
[07:49:55] [HomeKit] GET Anfrage für Temperatur Garten
[07:49:55] [HomeKit] GET Anfrage für Feuchtigkeit Garten
[07:49:55] [HomeKit] GET Anfrage für Treppe Licht Pflanze
[07:49:55] [HomeKit] GET Anfrage für Nils Zimmer Licht
[07:49:55] [HomeKit] GET Anfrage für Subwoofer Nils Zimmer
[07:51:42] [HomeKit] Update Feuchtigkeit Wohnzimmer
[07:53:28] [HomeKit] Update Temperatur Garten
[07:56:55] [HomeKit] Update Feuchtigkeit Wohnzimmer
[08:02:08] [HomeKit] Update Feuchtigkeit Wohnzimmer
[08:03:54] [HomeKit] Update Feuchtigkeit Garten
[08:07:21] [HomeKit] Update Feuchtigkeit Wohnzimmer
[08:09:07] [HomeKit] Update Temperatur Garten
[08:12:34] [HomeKit] Update Feuchtigkeit Wohnzimmer
[08:16:00] [HomeKit] Update Wohnzimmer Rolllade Tür
[08:16:02] [HomeKit] Update Wohnzimmer Rolllade Fenster
[08:16:06] [HomeKit] Update Gäste WC Rolllade
[08:16:08] [HomeKit] Update Arbeitszimmer Rolllade Garten
[08:16:09] [HomeKit] Update Arbeitszimmer Rolllade Kindergarten
[08:16:09] [HomeKit] Update Schlafzimmer Rolllade
[08:17:47] [HomeKit] Update Feuchtigkeit Wohnzimmer
[08:19:33] [HomeKit] Update Feuchtigkeit Garten
[08:24:46] [HomeKit] Update Temperatur Garten
[08:24:46] [HomeKit] Update Feuchtigkeit Garten
[08:29:59] [HomeKit] Update Temperatur Garten
[08:29:59] [HomeKit] Update Feuchtigkeit Garten
[08:30:00] [HomeKit] Update Nils Rolllade
[08:33:26] [HomeKit] Update Feuchtigkeit Wohnzimmer
[08:35:12] [HomeKit] Update Temperatur Garten
[08:35:12] [HomeKit] Update Feuchtigkeit Garten
[08:40:25] [HomeKit] Update Feuchtigkeit Garten
[08:49:05] [HomeKit] Update Feuchtigkeit Wohnzimmer
[08:50:51] [HomeKit] Update Temperatur Garten
[08:50:51] [HomeKit] Update Feuchtigkeit Garten
[08:56:04] [HomeKit] Update Feuchtigkeit Garten
[09:01:17] [HomeKit] Update Feuchtigkeit Garten
[09:06:30] [HomeKit] Update Temperatur Garten
[09:06:30] [HomeKit] Update Feuchtigkeit Garten
[09:09:57] [HomeKit] Update Feuchtigkeit Wohnzimmer
[09:11:43] [HomeKit] Update Temperatur Garten
[09:16:56] [HomeKit] Update Feuchtigkeit Garten
[09:22:09] [HomeKit] Update Temperatur Garten
[09:25:36] [HomeKit] Update Temperatur Wohnzimmer
[09:25:36] [HomeKit] Update Feuchtigkeit Wohnzimmer
[09:27:22] [HomeKit] Update Temperatur Garten
[09:27:22] [HomeKit] Update Feuchtigkeit Garten
[09:30:49] [HomeKit] Update Feuchtigkeit Wohnzimmer
[09:32:35] [HomeKit] Update Temperatur Garten
[09:32:35] [HomeKit] Update Feuchtigkeit Garten
[09:36:02] [HomeKit] Update Feuchtigkeit Wohnzimmer
[09:37:48] [HomeKit] Update Temperatur Garten
[09:37:48] [HomeKit] Update Feuchtigkeit Garten
[09:43:01] [HomeKit] Update Temperatur Garten
[09:46:28] [HomeKit] Update Feuchtigkeit Wohnzimmer
[09:48:14] [HomeKit] Update Temperatur Garten
[09:48:14] [HomeKit] Update Feuchtigkeit Garten
[09:53:27] [HomeKit] Update Temperatur Garten
[09:53:27] [HomeKit] Update Feuchtigkeit Garten
[09:56:54] [HomeKit] Update Feuchtigkeit Wohnzimmer
[09:58:40] [HomeKit] Update Feuchtigkeit Garten
[10:03:53] [HomeKit] Update Temperatur Garten
[10:03:53] [HomeKit] Update Feuchtigkeit Garten
[10:07:20] [HomeKit] Update Feuchtigkeit Wohnzimmer
[10:09:06] [HomeKit] Update Temperatur Garten
[10:09:06] [HomeKit] Update Feuchtigkeit Garten
[10:12:33] [HomeKit] Update Feuchtigkeit Wohnzimmer
[10:14:19] [HomeKit] Update Temperatur Garten
[10:14:19] [HomeKit] Update Feuchtigkeit Garten
[10:17:46] [HomeKit] Update Feuchtigkeit Wohnzimmer
[10:19:32] [HomeKit] Update Temperatur Garten
[10:19:32] [HomeKit] Update Feuchtigkeit Garten
[10:22:59] [HomeKit] Update Feuchtigkeit Wohnzimmer
[10:24:45] [HomeKit] Update Temperatur Garten
[10:24:45] [HomeKit] Update Feuchtigkeit Garten
[10:28:12] [HomeKit] Update Feuchtigkeit Wohnzimmer
[10:29:58] [HomeKit] Update Feuchtigkeit Garten
[10:33:25] [HomeKit] Update Feuchtigkeit Wohnzimmer
[10:35:11] [HomeKit] Update Temperatur Garten
[10:35:11] [HomeKit] Update Feuchtigkeit Garten
[10:38:38] [HomeKit] Update Feuchtigkeit Wohnzimmer
[10:40:24] [HomeKit] Update Temperatur Garten
[10:40:24] [HomeKit] Update Feuchtigkeit Garten
[10:43:51] [HomeKit] Update Feuchtigkeit Wohnzimmer
[10:45:37] [HomeKit] Update Temperatur Garten
[10:45:37] [HomeKit] Update Feuchtigkeit Garten
[10:50:50] [HomeKit] Update Temperatur Garten
[10:50:50] [HomeKit] Update Feuchtigkeit Garten
[10:54:17] [HomeKit] Update Feuchtigkeit Wohnzimmer
[10:56:03] [HomeKit] Update Temperatur Garten
[10:56:03] [HomeKit] Update Feuchtigkeit Garten
[11:01:16] [HomeKit] Update Feuchtigkeit Garten
[11:06:29] [HomeKit] Update Temperatur Garten
[11:06:29] [HomeKit] Update Feuchtigkeit Garten
[11:09:56] [HomeKit] Update Temperatur Wohnzimmer
[11:09:56] [HomeKit] Update Feuchtigkeit Wohnzimmer
[11:11:42] [HomeKit] Update Temperatur Garten
[11:15:09] [HomeKit] Update Feuchtigkeit Wohnzimmer
[11:18:55] [HomeKit] GET Anfrage für Feuchtigkeit Garten
[11:18:55] [HomeKit] GET Anfrage für Subwoofer Nils Zimmer
[11:18:55] [HomeKit] GET Anfrage (Target): Nils Rolllade | Current Target State: 100
[11:18:55] [HomeKit] GET Anfrage (CurrentPosition): Nils Rolllade | Current State: 100
[11:18:55] [HomeKit] GET Anfrage für Kompressor
[11:18:55] [HomeKit] GET Anfrage für Temperatur Garten
[11:18:55] [HomeKit] GET Anfrage für LED Kette Nils
[11:18:55] [HomeKit] GET Anfrage für Nils Dachboden Licht
[11:18:55] [HomeKit] GET Anfrage für Treppe Licht Pflanze
[11:18:55] [HomeKit] GET Anfrage für Nils Zimmer Licht
[11:22:09] [HomeKit] Update Temperatur Garten
[11:22:09] [HomeKit] Update Feuchtigkeit Garten
[11:27:22] [HomeKit] Update Feuchtigkeit Garten
[11:32:35] [HomeKit] Update Feuchtigkeit Garten
[11:37:48] [HomeKit] Update Temperatur Garten
[11:37:48] [HomeKit] Update Feuchtigkeit Garten
[11:43:01] [HomeKit] Update Feuchtigkeit Garten
[11:48:14] [HomeKit] Update Temperatur Garten
[11:48:14] [HomeKit] Update Feuchtigkeit Garten
[11:53:27] [HomeKit] Update Temperatur Garten
[11:53:27] [HomeKit] Update Feuchtigkeit Garten
[11:56:53] [HomeKit] Update Temperatur Wohnzimmer
[11:56:53] [HomeKit] Update Feuchtigkeit Wohnzimmer
[12:02:06] [HomeKit] Update Feuchtigkeit Wohnzimmer
[12:03:53] [HomeKit] Update Temperatur Garten
[12:03:53] [HomeKit] Update Feuchtigkeit Garten
[12:07:19] [HomeKit] Update Temperatur Wohnzimmer
[12:07:19] [HomeKit] Update Feuchtigkeit Wohnzimmer
[12:09:06] [HomeKit] Update Temperatur Garten
[12:09:06] [HomeKit] Update Feuchtigkeit Garten
[12:14:19] [HomeKit] Update Temperatur Garten
[12:14:19] [HomeKit] Update Feuchtigkeit Garten
[12:17:45] [HomeKit] Update Feuchtigkeit Wohnzimmer
[12:22:58] [HomeKit] Update Temperatur Wohnzimmer
[12:22:58] [HomeKit] Update Feuchtigkeit Wohnzimmer
[12:24:45] [HomeKit] Update Feuchtigkeit Garten
[12:28:11] [HomeKit] Update Feuchtigkeit Wohnzimmer
[12:29:58] [HomeKit] Update Temperatur Garten
[12:29:58] [HomeKit] Update Feuchtigkeit Garten
[12:33:24] [HomeKit] Update Temperatur Wohnzimmer
[12:33:24] [HomeKit] Update Feuchtigkeit Wohnzimmer
[12:35:11] [HomeKit] Update Feuchtigkeit Garten
[12:40:24] [HomeKit] Update Feuchtigkeit Garten
[12:43:50] [HomeKit] Update Temperatur Wohnzimmer
[12:43:50] [HomeKit] Update Feuchtigkeit Wohnzimmer
[12:45:37] [HomeKit] Update Feuchtigkeit Garten
[12:49:03] [HomeKit] Update Temperatur Wohnzimmer
[12:49:03] [HomeKit] Update Feuchtigkeit Wohnzimmer
[12:54:16] [HomeKit] Update Temperatur Wohnzimmer
[12:54:16] [HomeKit] Update Feuchtigkeit Wohnzimmer
[12:59:29] [HomeKit] Update Feuchtigkeit Wohnzimmer
[13:01:16] [HomeKit] Update Temperatur Garten
[13:01:16] [HomeKit] Update Feuchtigkeit Garten
[13:04:42] [HomeKit] Update Feuchtigkeit Wohnzimmer
[13:06:29] [HomeKit] Update Temperatur Garten
[13:09:55] [HomeKit] Update Feuchtigkeit Wohnzimmer
[13:11:42] [HomeKit] Update Feuchtigkeit Garten
[13:16:55] [HomeKit] Update Temperatur Garten
[13:16:55] [HomeKit] Update Feuchtigkeit Garten
[13:20:22] [HomeKit] Update Feuchtigkeit Wohnzimmer
[13:27:21] [HomeKit] Update Temperatur Garten
[13:27:21] [HomeKit] Update Feuchtigkeit Garten
[13:30:48] [HomeKit] Update Feuchtigkeit Wohnzimmer
[13:32:34] [HomeKit] Update Feuchtigkeit Garten
[13:36:01] [HomeKit] Update Feuchtigkeit Wohnzimmer
[13:37:47] [HomeKit] Update Feuchtigkeit Garten
[13:41:14] [HomeKit] Update Feuchtigkeit Wohnzimmer
[13:43:00] [HomeKit] Update Temperatur Garten
[13:43:00] [HomeKit] Update Feuchtigkeit Garten
[13:48:13] [HomeKit] Update Temperatur Garten
[13:48:13] [HomeKit] Update Feuchtigkeit Garten
[13:56:53] [HomeKit] Update Feuchtigkeit Wohnzimmer
[13:58:39] [HomeKit] Update Temperatur Garten
[13:58:39] [HomeKit] Update Feuchtigkeit Garten
[14:02:06] [HomeKit] Update Temperatur Wohnzimmer
[14:02:06] [HomeKit] Update Feuchtigkeit Wohnzimmer
[14:03:52] [HomeKit] Update Feuchtigkeit Garten
[14:07:19] [HomeKit] Update Temperatur Wohnzimmer
[14:07:19] [HomeKit] Update Feuchtigkeit Wohnzimmer
[14:08:31] [HomeKit] GET Anfrage (CurrentPosition): Küche Rolllade | Current State: 100
[14:08:31] [HomeKit] GET Anfrage (Target): Küche Rolllade | Current Target State: 100
[14:08:31] [HomeKit] GET Anfrage für LED Kette Nils
[14:08:31] [HomeKit] GET Anfrage für Treppe Licht Pflanze
[14:08:31] [HomeKit] GET Anfrage (Target): Nils Rolllade | Current Target State: 100
[14:08:31] [HomeKit] GET Anfrage (CurrentPosition): Nils Rolllade | Current State: 100
[14:08:31] [HomeKit] GET Anfrage (Target): Gäste WC Rolllade | Current Target State: 100
[14:08:31] [HomeKit] GET Anfrage (CurrentPosition): Gäste WC Rolllade | Current State: 100
[14:08:31] [HomeKit] GET Anfrage für Keller Licht
[14:08:31] [HomeKit] GET Anfrage (Target): Wohnzimmer Rolllade Tür | Current Target State: 100
[14:08:31] [HomeKit] GET Anfrage (CurrentPosition): Wohnzimmer Rolllade Tür | Current State: 100
[14:08:31] [HomeKit] GET Anfrage für Nils Zimmer Licht
[14:08:31] [HomeKit] GET Anfrage (CurrentPosition): Schlafzimmer Rolllade | Current State: 100
[14:08:31] [HomeKit] GET Anfrage (Target): Schlafzimmer Rolllade | Current Target State: 100
[14:08:31] [HomeKit] GET Anfrage für Kompressor
[14:08:31] [HomeKit] GET Anfrage für Feuchtigkeit Garten
[14:08:31] [HomeKit] GET Anfrage (CurrentPosition): Wohnzimmer Rolllade Fenster | Current State: 100
[14:08:31] [HomeKit] GET Anfrage (Target): Wohnzimmer Rolllade Fenster | Current Target State: 100
[14:08:31] [HomeKit] GET Anfrage für Eingangs Flur Licht
[14:08:31] [HomeKit] GET Anfrage für Fernseher
[14:08:31] [HomeKit] GET Anfrage für Nils Dachboden Licht
[14:08:31] [HomeKit] GET Anfrage (CurrentPosition): Arbeitszimmer Rolllade Garten | Current State: 100
[14:08:31] [HomeKit] GET Anfrage (Target): Arbeitszimmer Rolllade Garten | Current Target State: 100
[14:08:31] [HomeKit] GET Anfrage für Subwoofer Nils Zimmer
[14:08:31] [HomeKit] GET Anfrage (Target): Arbeitszimmer Rolllade Kindergarten | Current Target State: 100
[14:08:31] [HomeKit] GET Anfrage (CurrentPosition): Arbeitszimmer Rolllade Kindergarten | Current State: 100
[14:08:31] [HomeKit] GET Anfrage für Feuchtigkeit Wohnzimmer
[14:08:31] [HomeKit] GET Anfrage für Temperatur Garten
[14:08:31] [HomeKit] GET Anfrage für Arbeitszimmer Licht
[14:08:31] [HomeKit] GET Anfrage für Brunnen
[14:08:33] [HomeKit] SET Befehl1
[14:08:33] [HomeKit] ANNNNNNN
[14:09:05] [HomeKit] Update Feuchtigkeit Garten
[14:12:32] [HomeKit] Update Temperatur Wohnzimmer
[14:12:32] [HomeKit] Update Feuchtigkeit Wohnzimmer
[14:14:18] [HomeKit] Update Feuchtigkeit Garten
[14:17:45] [HomeKit] Update Temperatur Wohnzimmer
[14:17:45] [HomeKit] Update Feuchtigkeit Wohnzimmer
[14:19:31] [HomeKit] Update Feuchtigkeit Garten
[14:24:44] [HomeKit] Update Feuchtigkeit Garten
[14:29:57] [HomeKit] Update Feuchtigkeit Garten
[14:33:24] [HomeKit] Update Feuchtigkeit Wohnzimmer
[14:35:10] [HomeKit] Update Feuchtigkeit Garten
[14:45:36] [HomeKit] Update Feuchtigkeit Garten
[14:50:49] [HomeKit] Update Feuchtigkeit Garten
[14:56:02] [HomeKit] Update Feuchtigkeit Garten
[15:01:15] [HomeKit] Update Temperatur Garten
[15:01:15] [HomeKit] Update Feuchtigkeit Garten
[15:04:42] [HomeKit] Update Feuchtigkeit Wohnzimmer
[15:06:28] [HomeKit] Update Feuchtigkeit Garten
[15:11:41] [HomeKit] Update Temperatur Garten
[15:11:42] [HomeKit] Update Feuchtigkeit Garten
[15:15:08] [HomeKit] Update Feuchtigkeit Wohnzimmer
[15:16:55] [HomeKit] Update Feuchtigkeit Garten
[15:19:24] [HomeKit] GET Anfrage für Feuchtigkeit Garten
[15:19:24] [HomeKit] GET Anfrage (CurrentPosition): Wohnzimmer Rolllade Fenster | Current State: 100
[15:19:24] [HomeKit] GET Anfrage (Target): Wohnzimmer Rolllade Fenster | Current Target State: 100
[15:19:24] [HomeKit] GET Anfrage für Subwoofer Nils Zimmer
[15:19:24] [HomeKit] GET Anfrage (Target): Arbeitszimmer Rolllade Kindergarten | Current Target State: 100
[15:19:24] [HomeKit] GET Anfrage (CurrentPosition): Arbeitszimmer Rolllade Kindergarten | Current State: 100
[15:19:24] [HomeKit] GET Anfrage für LED Kette Nils
[15:19:24] [HomeKit] GET Anfrage (Target): Nils Rolllade | Current Target State: 100
[15:19:24] [HomeKit] GET Anfrage (CurrentPosition): Nils Rolllade | Current State: 100
[15:19:24] [HomeKit] GET Anfrage für Feuchtigkeit Wohnzimmer
[15:19:24] [HomeKit] GET Anfrage für Treppe Licht Pflanze
[15:19:24] [HomeKit] GET Anfrage (Target): Wohnzimmer Rolllade Tür | Current Target State: 100
[15:19:24] [HomeKit] GET Anfrage (CurrentPosition): Wohnzimmer Rolllade Tür | Current State: 100
[15:19:24] [HomeKit] GET Anfrage (CurrentPosition): Küche Rolllade | Current State: 100
[15:19:24] [HomeKit] GET Anfrage (Target): Küche Rolllade | Current Target State: 100
[15:19:24] [HomeKit] GET Anfrage für Eingangs Flur Licht
[15:19:24] [HomeKit] GET Anfrage für Nils Dachboden Licht
[15:19:24] [HomeKit] GET Anfrage für Brunnen
[15:19:24] [HomeKit] GET Anfrage für Arbeitszimmer Licht
[15:19:24] [HomeKit] GET Anfrage (Target): Gäste WC Rolllade | Current Target State: 100
[15:19:24] [HomeKit] GET Anfrage (CurrentPosition): Gäste WC Rolllade | Current State: 100
[15:19:24] [HomeKit] GET Anfrage für Fernseher
[15:19:24] [HomeKit] GET Anfrage für Kompressor
[15:19:24] [HomeKit] GET Anfrage für Nils Zimmer Licht
[15:19:24] [HomeKit] GET Anfrage für Keller Licht
[15:19:24] [HomeKit] GET Anfrage (CurrentPosition): Arbeitszimmer Rolllade Garten | Current State: 100
[15:19:24] [HomeKit] GET Anfrage (Target): Arbeitszimmer Rolllade Garten | Current Target State: 100
[15:19:24] [HomeKit] GET Anfrage für Temperatur Garten
[15:19:24] [HomeKit] GET Anfrage (CurrentPosition): Schlafzimmer Rolllade | Current State: 100
[15:19:24] [HomeKit] GET Anfrage (Target): Schlafzimmer Rolllade | Current Target State: 100
[15:20:21] [HomeKit] Update Feuchtigkeit Wohnzimmer
[15:22:07] [HomeKit] Update Feuchtigkeit Garten
[15:27:21] [HomeKit] Update Temperatur Garten
[15:27:21] [HomeKit] Update Feuchtigkeit Garten
[15:32:34] [HomeKit] Update Feuchtigkeit Garten
[15:36:00] [HomeKit] Update Feuchtigkeit Wohnzimmer
[15:37:47] [HomeKit] Update Temperatur Garten
[15:43:00] [HomeKit] Update Feuchtigkeit Garten
[15:48:13] [HomeKit] Update Temperatur Garten
[15:48:13] [HomeKit] Update Feuchtigkeit Garten
[15:53:26] [HomeKit] Update Feuchtigkeit Garten
[15:56:52] [HomeKit] Update Feuchtigkeit Wohnzimmer
[15:58:39] [HomeKit] Update Temperatur Garten
[15:58:39] [HomeKit] Update Feuchtigkeit Garten
[16:02:05] [HomeKit] Update Temperatur Wohnzimmer
[16:02:05] [HomeKit] Update Feuchtigkeit Wohnzimmer
[16:03:52] [HomeKit] Update Feuchtigkeit Garten
[16:07:18] [HomeKit] Update Temperatur Wohnzimmer
[16:07:18] [HomeKit] Update Feuchtigkeit Wohnzimmer
[16:09:05] [HomeKit] Update Feuchtigkeit Garten
[16:12:31] [HomeKit] Update Feuchtigkeit Wohnzimmer
[16:14:18] [HomeKit] Update Temperatur Garten
[16:14:18] [HomeKit] Update Feuchtigkeit Garten
[16:19:31] [HomeKit] Update Feuchtigkeit Garten
[16:22:57] [HomeKit] Update Feuchtigkeit Wohnzimmer
[16:24:44] [HomeKit] Update Feuchtigkeit Garten
[16:28:10] [HomeKit] Update Feuchtigkeit Wohnzimmer
[16:35:10] [HomeKit] Update Temperatur Garten
[16:38:36] [HomeKit] Update Feuchtigkeit Wohnzimmer
[16:40:23] [HomeKit] Update Temperatur Garten
[16:40:23] [HomeKit] Update Feuchtigkeit Garten
[16:45:36] [HomeKit] Update Feuchtigkeit Garten
[16:50:49] [HomeKit] Update Temperatur Garten
[16:56:02] [HomeKit] Update Temperatur Garten
[16:56:02] [HomeKit] Update Feuchtigkeit Garten
[16:59:28] [HomeKit] Update Temperatur Wohnzimmer
[16:59:28] [HomeKit] Update Feuchtigkeit Wohnzimmer
[17:01:15] [HomeKit] Update Feuchtigkeit Garten
[17:04:41] [HomeKit] Update Temperatur Wohnzimmer
[17:04:41] [HomeKit] Update Feuchtigkeit Wohnzimmer
[17:06:28] [HomeKit] Update Temperatur Garten
[17:06:28] [HomeKit] Update Feuchtigkeit Garten
[17:09:54] [HomeKit] Update Feuchtigkeit Wohnzimmer
[17:13:19] [HomeKit] SET Befehlt: true
[17:13:19] [HomeKit] ANNNNNNN
[17:13:19] [HomeKit] Callback
[17:15:07] [HomeKit] Update Temperatur Wohnzimmer
[17:15:07] [HomeKit] Update Feuchtigkeit Wohnzimmer
[17:16:54] [HomeKit] Update Temperatur Garten
[17:16:54] [HomeKit] Update Feuchtigkeit Garten
[17:20:20] [HomeKit] Update Feuchtigkeit Wohnzimmer
[17:22:07] [HomeKit] Update Temperatur Garten
[17:22:07] [HomeKit] Update Feuchtigkeit Garten
[17:27:20] [HomeKit] Update Temperatur Garten
[17:27:20] [HomeKit] Update Feuchtigkeit Garten
[17:30:46] [HomeKit] Update Feuchtigkeit Wohnzimmer
[17:32:33] [HomeKit] Update Feuchtigkeit Garten
[17:35:59] [HomeKit] Update Feuchtigkeit Wohnzimmer
[17:37:46] [HomeKit] Update Temperatur Garten
[17:37:46] [HomeKit] Update Feuchtigkeit Garten
[17:41:12] [HomeKit] Update Temperatur Wohnzimmer
[17:41:12] [HomeKit] Update Feuchtigkeit Wohnzimmer
[17:42:59] [HomeKit] Update Feuchtigkeit Garten
[17:43:00] [HomeKit] Update Gäste WC Rolllade
[17:43:02] [HomeKit] Update Wohnzimmer Rolllade Fenster
[17:43:03] [HomeKit] Update Küche Rolllade
[17:43:05] [HomeKit] Update Wohnzimmer Rolllade Tür
[17:43:10] [HomeKit] Update Nils Rolllade
[17:43:11] [HomeKit] Update Arbeitszimmer Rolllade Garten
[17:43:12] [HomeKit] Update Arbeitszimmer Rolllade Kindergarten
[17:43:13] [HomeKit] Update Schlafzimmer Rolllade
[17:46:25] [HomeKit] Update Feuchtigkeit Wohnzimmer
[17:48:12] [HomeKit] Update Feuchtigkeit Garten
[17:58:38] [HomeKit] Update Temperatur Garten
[17:58:38] [HomeKit] Update Feuchtigkeit Garten
[18:02:04] [HomeKit] Update Feuchtigkeit Wohnzimmer
[18:03:51] [HomeKit] Update Feuchtigkeit Garten
[18:07:17] [HomeKit] Update Feuchtigkeit Wohnzimmer
[18:09:04] [HomeKit] Update Feuchtigkeit Garten
[18:14:17] [HomeKit] Update Temperatur Garten
[18:14:17] [HomeKit] Update Feuchtigkeit Garten
[18:17:43] [HomeKit] Update Feuchtigkeit Wohnzimmer
[18:19:30] [HomeKit] Update Feuchtigkeit Garten
[18:21:04] [HomeKit] Update Küche Rolllade
[18:21:11] [HomeKit] Update Küche Rolllade
[18:22:56] [HomeKit] Update Temperatur Wohnzimmer
[18:24:43] [HomeKit] Update Temperatur Garten
[18:28:09] [HomeKit] Update Feuchtigkeit Wohnzimmer
[18:29:56] [HomeKit] Update Feuchtigkeit Garten
[18:33:22] [HomeKit] Update Feuchtigkeit Wohnzimmer
[18:35:09] [HomeKit] Update Temperatur Garten
[18:35:09] [HomeKit] Update Feuchtigkeit Garten
[18:38:35] [HomeKit] Update Temperatur Wohnzimmer
[18:40:22] [HomeKit] Update Feuchtigkeit Garten
[18:44:28] [HomeKit] Update Küche Rolllade
[18:45:35] [HomeKit] Update Temperatur Garten
[18:49:01] [HomeKit] Update Feuchtigkeit Wohnzimmer
[18:50:48] [HomeKit] Update Temperatur Garten
[18:50:48] [HomeKit] Update Feuchtigkeit Garten
[18:54:14] [HomeKit] Update Temperatur Wohnzimmer
[18:54:15] [HomeKit] Update Feuchtigkeit Wohnzimmer
[18:56:01] [HomeKit] Update Temperatur Garten
[18:56:01] [HomeKit] Update Feuchtigkeit Garten
[19:04:41] [HomeKit] Update Feuchtigkeit Wohnzimmer
[19:06:27] [HomeKit] Update Temperatur Garten
[19:06:27] [HomeKit] Update Feuchtigkeit Garten
[19:11:40] [HomeKit] Update Feuchtigkeit Garten
[19:15:07] [HomeKit] Update Feuchtigkeit Wohnzimmer
[19:16:54] [HomeKit] Update Feuchtigkeit Garten
[19:20:20] [HomeKit] Update Temperatur Wohnzimmer
[19:20:20] [HomeKit] Update Feuchtigkeit Wohnzimmer
[19:22:07] [HomeKit] Update Feuchtigkeit Garten
[19:25:33] [HomeKit] Update Feuchtigkeit Wohnzimmer
[19:27:20] [HomeKit] Update Temperatur Garten
[19:27:20] [HomeKit] Update Feuchtigkeit Garten
[19:32:33] [HomeKit] Update Feuchtigkeit Garten
[19:33:05] [HomeKit] GET Anfrage für Feuchtigkeit Garten
[19:33:05] [HomeKit] GET Anfrage für Subwoofer Nils Zimmer
[19:33:05] [HomeKit] GET Anfrage (Target): Nils Rolllade | Current Target State: 0
[19:33:05] [HomeKit] GET Anfrage (CurrentPosition): Nils Rolllade | Current State: 0
[19:33:05] [HomeKit] GET Anfrage für Kompressor
[19:33:05] [HomeKit] GET Anfrage für Temperatur Garten
[19:33:05] [HomeKit] GET Anfrage für LED Kette Nils
[19:33:05] [HomeKit] GET Anfrage für Nils Dachboden Licht
[19:33:05] [HomeKit] GET Anfrage für Treppe Licht Pflanze
[19:33:05] [HomeKit] GET Anfrage für Nils Zimmer Licht
[19:35:59] [HomeKit] Update Feuchtigkeit Wohnzimmer
[19:37:46] [HomeKit] Update Feuchtigkeit Garten
[19:41:12] [HomeKit] Update Feuchtigkeit Wohnzimmer
[19:42:59] [HomeKit] Update Temperatur Garten
[19:42:59] [HomeKit] Update Feuchtigkeit Garten
[19:48:12] [HomeKit] Update Temperatur Garten
[19:48:12] [HomeKit] Update Feuchtigkeit Garten
[19:58:38] [HomeKit] Update Feuchtigkeit Garten
[20:02:04] [HomeKit] Update Feuchtigkeit Wohnzimmer
[20:12:30] [HomeKit] Update Feuchtigkeit Wohnzimmer
[20:22:56] [HomeKit] Update Temperatur Wohnzimmer
[20:28:09] [HomeKit] Update Feuchtigkeit Wohnzimmer
[20:35:09] [HomeKit] Update Temperatur Garten
[20:35:09] [HomeKit] Update Feuchtigkeit Garten
[20:38:35] [HomeKit] Update Feuchtigkeit Wohnzimmer
[20:40:22] [HomeKit] Update Feuchtigkeit Garten
[20:42:03] [HomeKit] GET Anfrage (Target): Küche Rolllade | Current Target State: 0
[20:42:03] [HomeKit] GET Anfrage (CurrentPosition): Küche Rolllade | Current State: 0
[20:42:03] [HomeKit] GET Anfrage für LED Kette Nils
[20:42:03] [HomeKit] GET Anfrage für Treppe Licht Pflanze
[20:42:03] [HomeKit] GET Anfrage (Target): Nils Rolllade | Current Target State: 0
[20:42:03] [HomeKit] GET Anfrage (CurrentPosition): Nils Rolllade | Current State: 0
[20:42:03] [HomeKit] GET Anfrage (CurrentPosition): Gäste WC Rolllade | Current State: 0
[20:42:03] [HomeKit] GET Anfrage (Target): Gäste WC Rolllade | Current Target State: 0
[20:42:03] [HomeKit] GET Anfrage (Target): Wohnzimmer Rolllade Tür | Current Target State: 0
[20:42:03] [HomeKit] GET Anfrage (CurrentPosition): Wohnzimmer Rolllade Tür | Current State: 0
[20:42:03] [HomeKit] GET Anfrage für Feuchtigkeit Garten
[20:42:03] [HomeKit] GET Anfrage für Nils Zimmer Licht
[20:42:03] [HomeKit] GET Anfrage (Target): Schlafzimmer Rolllade | Current Target State: 0
[20:42:03] [HomeKit] GET Anfrage (CurrentPosition): Schlafzimmer Rolllade | Current State: 0
[20:42:03] [HomeKit] GET Anfrage für Kompressor
[20:42:03] [HomeKit] GET Anfrage für Keller Licht
[20:42:03] [HomeKit] GET Anfrage (Target): Wohnzimmer Rolllade Fenster | Current Target State: 0
[20:42:03] [HomeKit] GET Anfrage (CurrentPosition): Wohnzimmer Rolllade Fenster | Current State: 0
[20:42:03] [HomeKit] GET Anfrage für Eingangs Flur Licht
[20:42:03] [HomeKit] GET Anfrage für Fernseher
[20:42:03] [HomeKit] GET Anfrage für Nils Dachboden Licht
[20:42:03] [HomeKit] GET Anfrage (Target): Arbeitszimmer Rolllade Garten | Current Target State: 0
[20:42:03] [HomeKit] GET Anfrage (CurrentPosition): Arbeitszimmer Rolllade Garten | Current State: 0
[20:42:03] [HomeKit] GET Anfrage für Subwoofer Nils Zimmer
[20:42:03] [HomeKit] GET Anfrage für Feuchtigkeit Wohnzimmer
[20:42:03] [HomeKit] GET Anfrage (Target): Arbeitszimmer Rolllade Kindergarten | Current Target State: 0
[20:42:03] [HomeKit] GET Anfrage (CurrentPosition): Arbeitszimmer Rolllade Kindergarten | Current State: 0
[20:42:03] [HomeKit] GET Anfrage für Brunnen
[20:42:03] [HomeKit] GET Anfrage für Temperatur Garten
[20:42:03] [HomeKit] GET Anfrage für Arbeitszimmer Licht
[20:42:10] [HomeKit] SET Befehlt: 1
[20:42:10] [HomeKit] ANNNNNNN
[20:42:10] [HomeKit] Callback
[20:42:11] [HomeKit] SET Befehlt: 0
[20:42:11] [HomeKit] AUSSSSSS
[20:42:11] [HomeKit] Callback
[20:43:48] [HomeKit] Update Feuchtigkeit Wohnzimmer
[20:45:35] [HomeKit] Update Temperatur Garten
[20:45:35] [HomeKit] Update Feuchtigkeit Garten
[20:49:01] [HomeKit] Update Temperatur Wohnzimmer
[20:49:01] [HomeKit] Update Feuchtigkeit Wohnzimmer
[20:50:13] [HomeKit] GET Anfrage (Target): Küche Rolllade | Current Target State: 0
[20:50:13] [HomeKit] GET Anfrage (CurrentPosition): Küche Rolllade | Current State: 0
[20:50:13] [HomeKit] GET Anfrage für LED Kette Nils
[20:50:13] [HomeKit] GET Anfrage für Treppe Licht Pflanze
[20:50:13] [HomeKit] GET Anfrage (Target): Nils Rolllade | Current Target State: 0
[20:50:13] [HomeKit] GET Anfrage (CurrentPosition): Nils Rolllade | Current State: 0
[20:50:13] [HomeKit] GET Anfrage (CurrentPosition): Gäste WC Rolllade | Current State: 0
[20:50:13] [HomeKit] GET Anfrage (Target): Gäste WC Rolllade | Current Target State: 0
[20:50:13] [HomeKit] GET Anfrage (Target): Wohnzimmer Rolllade Tür | Current Target State: 0
[20:50:13] [HomeKit] GET Anfrage (CurrentPosition): Wohnzimmer Rolllade Tür | Current State: 0
[20:50:13] [HomeKit] GET Anfrage für Feuchtigkeit Garten
[20:50:13] [HomeKit] GET Anfrage für Nils Zimmer Licht
[20:50:13] [HomeKit] GET Anfrage (Target): Schlafzimmer Rolllade | Current Target State: 0
[20:50:13] [HomeKit] GET Anfrage (CurrentPosition): Schlafzimmer Rolllade | Current State: 0
[20:50:13] [HomeKit] GET Anfrage für Kompressor
[20:50:13] [HomeKit] GET Anfrage für Keller Licht
[20:50:13] [HomeKit] GET Anfrage (Target): Wohnzimmer Rolllade Fenster | Current Target State: 0
[20:50:13] [HomeKit] GET Anfrage (CurrentPosition): Wohnzimmer Rolllade Fenster | Current State: 0
[20:50:13] [HomeKit] GET Anfrage für Eingangs Flur Licht
[20:50:13] [HomeKit] GET Anfrage für Fernseher
[20:50:13] [HomeKit] GET Anfrage für Nils Dachboden Licht
[20:50:13] [HomeKit] GET Anfrage (Target): Arbeitszimmer Rolllade Garten | Current Target State: 0
[20:50:13] [HomeKit] GET Anfrage (CurrentPosition): Arbeitszimmer Rolllade Garten | Current State: 0
[20:50:13] [HomeKit] GET Anfrage für Subwoofer Nils Zimmer
[20:50:13] [HomeKit] GET Anfrage für Feuchtigkeit Wohnzimmer
[20:50:13] [HomeKit] GET Anfrage (Target): Arbeitszimmer Rolllade Kindergarten | Current Target State: 0
[20:50:13] [HomeKit] GET Anfrage (CurrentPosition): Arbeitszimmer Rolllade Kindergarten | Current State: 0
[20:50:13] [HomeKit] GET Anfrage für Brunnen
[20:50:13] [HomeKit] GET Anfrage für Temperatur Garten
[20:50:13] [HomeKit] GET Anfrage für Arbeitszimmer Licht
[20:54:14] [HomeKit] Update Feuchtigkeit Wohnzimmer
[20:56:01] [HomeKit] Update Feuchtigkeit Garten
[20:59:27] [HomeKit] Update Feuchtigkeit Wohnzimmer
[21:04:40] [HomeKit] Update Feuchtigkeit Wohnzimmer
[21:09:53] [HomeKit] Update Feuchtigkeit Wohnzimmer
[21:15:06] [HomeKit] Update Temperatur Wohnzimmer
[21:15:06] [HomeKit] Update Feuchtigkeit Wohnzimmer
[21:16:53] [HomeKit] Update Feuchtigkeit Garten
[21:20:19] [HomeKit] Update Feuchtigkeit Wohnzimmer
[21:22:06] [HomeKit] Update Feuchtigkeit Garten
[21:25:32] [HomeKit] Update Feuchtigkeit Wohnzimmer
[21:27:19] [HomeKit] Update Feuchtigkeit Garten
[21:30:45] [HomeKit] Update Feuchtigkeit Wohnzimmer
[21:32:32] [HomeKit] Update Feuchtigkeit Garten
[21:35:58] [HomeKit] Update Feuchtigkeit Wohnzimmer
[21:48:11] [HomeKit] Update Feuchtigkeit Garten
[21:53:39] [HomeKit] GET Anfrage für Feuchtigkeit Garten
[21:53:39] [HomeKit] GET Anfrage (CurrentPosition): Wohnzimmer Rolllade Fenster | Current State: 0
[21:53:39] [HomeKit] GET Anfrage (Target): Wohnzimmer Rolllade Fenster | Current Target State: 0
[21:53:39] [HomeKit] GET Anfrage für Subwoofer Nils Zimmer
[21:53:39] [HomeKit] GET Anfrage (CurrentPosition): Arbeitszimmer Rolllade Kindergarten | Current State: 0
[21:53:39] [HomeKit] GET Anfrage (Target): Arbeitszimmer Rolllade Kindergarten | Current Target State: 0
[21:53:39] [HomeKit] GET Anfrage für LED Kette Nils
[21:53:39] [HomeKit] GET Anfrage (CurrentPosition): Nils Rolllade | Current State: 0
[21:53:39] [HomeKit] GET Anfrage (Target): Nils Rolllade | Current Target State: 0
[21:53:39] [HomeKit] GET Anfrage für Feuchtigkeit Wohnzimmer
[21:53:39] [HomeKit] GET Anfrage für Treppe Licht Pflanze
[21:53:39] [HomeKit] GET Anfrage (CurrentPosition): Wohnzimmer Rolllade Tür | Current State: 0
[21:53:39] [HomeKit] GET Anfrage (Target): Wohnzimmer Rolllade Tür | Current Target State: 0
[21:53:39] [HomeKit] GET Anfrage (CurrentPosition): Küche Rolllade | Current State: 0
[21:53:39] [HomeKit] GET Anfrage (Target): Küche Rolllade | Current Target State: 0
[21:53:39] [HomeKit] GET Anfrage für Eingangs Flur Licht
[21:53:39] [HomeKit] GET Anfrage für Nils Dachboden Licht
[21:53:39] [HomeKit] GET Anfrage für Brunnen
[21:53:39] [HomeKit] GET Anfrage für Arbeitszimmer Licht
[21:53:39] [HomeKit] GET Anfrage (Target): Gäste WC Rolllade | Current Target State: 0
[21:53:39] [HomeKit] GET Anfrage (CurrentPosition): Gäste WC Rolllade | Current State: 0
[21:53:39] [HomeKit] GET Anfrage für Fernseher
[21:53:39] [HomeKit] GET Anfrage für Kompressor
[21:53:39] [HomeKit] GET Anfrage für Nils Zimmer Licht
[21:53:39] [HomeKit] GET Anfrage für Keller Licht
[21:53:39] [HomeKit] GET Anfrage (CurrentPosition): Arbeitszimmer Rolllade Garten | Current State: 0
[21:53:39] [HomeKit] GET Anfrage (Target): Arbeitszimmer Rolllade Garten | Current Target State: 0
[21:53:39] [HomeKit] GET Anfrage für Temperatur Garten
[21:53:39] [HomeKit] GET Anfrage (CurrentPosition): Schlafzimmer Rolllade | Current State: 0
[21:53:39] [HomeKit] GET Anfrage (Target): Schlafzimmer Rolllade | Current Target State: 0
[21:56:50] [HomeKit] Update Temperatur Wohnzimmer
[21:56:50] [HomeKit] Update Feuchtigkeit Wohnzimmer
[22:09:03] [HomeKit] Update Feuchtigkeit Garten
[22:12:29] [HomeKit] Update Feuchtigkeit Wohnzimmer
[22:14:16] [HomeKit] Update Feuchtigkeit Garten
[22:19:29] [HomeKit] Update Feuchtigkeit Garten
[22:22:55] [HomeKit] Update Feuchtigkeit Wohnzimmer
[22:28:08] [HomeKit] Update Feuchtigkeit Wohnzimmer
[22:31:08] [HomeKit] GET Anfrage (CurrentPosition): Küche Rolllade | Current State: 0
[22:31:08] [HomeKit] GET Anfrage (Target): Küche Rolllade | Current Target State: 0
[22:31:08] [HomeKit] GET Anfrage für Treppe Licht Pflanze
[22:31:08] [HomeKit] GET Anfrage für LED Kette Nils
[22:31:08] [HomeKit] GET Anfrage (CurrentPosition): Nils Rolllade | Current State: 0
[22:31:08] [HomeKit] GET Anfrage (Target): Nils Rolllade | Current Target State: 0
[22:31:08] [HomeKit] GET Anfrage (Target): Gäste WC Rolllade | Current Target State: 0
[22:31:08] [HomeKit] GET Anfrage (CurrentPosition): Gäste WC Rolllade | Current State: 0
[22:31:08] [HomeKit] GET Anfrage für Keller Licht
[22:31:08] [HomeKit] GET Anfrage (CurrentPosition): Wohnzimmer Rolllade Tür | Current State: 0
[22:31:08] [HomeKit] GET Anfrage (Target): Wohnzimmer Rolllade Tür | Current Target State: 0
[22:31:08] [HomeKit] GET Anfrage für Feuchtigkeit Garten
[22:31:08] [HomeKit] GET Anfrage für Nils Zimmer Licht
[22:31:08] [HomeKit] GET Anfrage (CurrentPosition): Schlafzimmer Rolllade | Current State: 0
[22:31:08] [HomeKit] GET Anfrage (Target): Schlafzimmer Rolllade | Current Target State: 0
[22:31:08] [HomeKit] GET Anfrage für Kompressor
[22:31:08] [HomeKit] GET Anfrage (CurrentPosition): Wohnzimmer Rolllade Fenster | Current State: 0
[22:31:08] [HomeKit] GET Anfrage (Target): Wohnzimmer Rolllade Fenster | Current Target State: 0
[22:31:08] [HomeKit] GET Anfrage für Eingangs Flur Licht
[22:31:08] [HomeKit] GET Anfrage für Fernseher
[22:31:08] [HomeKit] GET Anfrage für Nils Dachboden Licht
[22:31:08] [HomeKit] GET Anfrage (Target): Arbeitszimmer Rolllade Garten | Current Target State: 0
[22:31:08] [HomeKit] GET Anfrage (CurrentPosition): Arbeitszimmer Rolllade Garten | Current State: 0
[22:31:08] [HomeKit] GET Anfrage für Subwoofer Nils Zimmer
[22:31:08] [HomeKit] GET Anfrage (CurrentPosition): Arbeitszimmer Rolllade Kindergarten | Current State: 0
[22:31:08] [HomeKit] GET Anfrage (Target): Arbeitszimmer Rolllade Kindergarten | Current Target State: 0
[22:31:08] [HomeKit] GET Anfrage für Feuchtigkeit Wohnzimmer
[22:31:08] [HomeKit] GET Anfrage für Temperatur Garten
[22:31:08] [HomeKit] GET Anfrage für Arbeitszimmer Licht
[22:31:08] [HomeKit] GET Anfrage für Brunnen
[22:31:12] [HomeKit] SET Befehl0
[22:31:12] [HomeKit] AUSSSSSS
[22:31:14] [HomeKit] SET Befehlt: 0
[22:31:14] [HomeKit] AUSSSSSS
[22:31:14] [HomeKit] Callback
[22:31:14] [HomeKit] SET Befehlt: 0
[22:31:14] [HomeKit] AUSSSSSS
[22:31:14] [HomeKit] Callback
[22:35:08] [HomeKit] Update Temperatur Garten
[22:35:08] [HomeKit] Update Feuchtigkeit Garten
[22:38:44] [HomeKit] GET Anfrage für LED Kette Nils
[22:38:44] [HomeKit] GET Anfrage für Nils Dachboden Licht
[22:38:44] [HomeKit] GET Anfrage für Kompressor
[22:38:44] [HomeKit] GET Anfrage (Target): Nils Rolllade | Current Target State: 0
[22:38:44] [HomeKit] GET Anfrage (CurrentPosition): Nils Rolllade | Current State: 0
[22:38:44] [HomeKit] GET Anfrage für Temperatur Garten
[22:38:44] [HomeKit] GET Anfrage für Feuchtigkeit Garten
[22:38:44] [HomeKit] GET Anfrage für Treppe Licht Pflanze
[22:38:44] [HomeKit] GET Anfrage für Nils Zimmer Licht
[22:38:44] [HomeKit] GET Anfrage für Subwoofer Nils Zimmer
[22:40:21] [HomeKit] Update Temperatur Garten
[22:40:21] [HomeKit] Update Feuchtigkeit Garten
[22:43:47] [HomeKit] Update Feuchtigkeit Wohnzimmer
[22:54:13] [HomeKit] Update Temperatur Wohnzimmer
[22:54:13] [HomeKit] Update Feuchtigkeit Wohnzimmer
[22:56:00] [HomeKit] Update Feuchtigkeit Garten
[22:59:26] [HomeKit] Update Temperatur Wohnzimmer
[22:59:26] [HomeKit] Update Feuchtigkeit Wohnzimmer
[23:01:13] [HomeKit] Update Feuchtigkeit Garten
[23:04:39] [HomeKit] Update Temperatur Wohnzimmer
[23:06:27] [HomeKit] Update Temperatur Garten
[23:06:27] [HomeKit] Update Feuchtigkeit Garten
[23:20:18] [HomeKit] Update Feuchtigkeit Wohnzimmer
[23:30:44] [HomeKit] Update Feuchtigkeit Wohnzimmer
[23:37:45] [HomeKit] Update Temperatur Garten
[23:41:10] [HomeKit] Update Feuchtigkeit Wohnzimmer
[23:42:58] [HomeKit] Update Feuchtigkeit Garten
[23:53:24] [HomeKit] Update Feuchtigkeit Garten
[23:56:49] [HomeKit] Update Feuchtigkeit Wohnzimmer
[23:58:37] [HomeKit] Update Feuchtigkeit Garten
[00:08:29] [HomeKit] Update Temperatur Garten
[00:24:08] [HomeKit] Update Feuchtigkeit Garten
[00:32:33] [HomeKit] Update Temperatur Wohnzimmer
[00:34:34] [HomeKit] Update Temperatur Garten
[00:34:34] [HomeKit] Update Feuchtigkeit Garten
[00:39:47] [HomeKit] Update Temperatur Garten
[00:50:13] [HomeKit] Update Feuchtigkeit Garten
[00:55:26] [HomeKit] Update Feuchtigkeit Garten
[01:00:39] [HomeKit] Update Feuchtigkeit Garten
[01:05:52] [HomeKit] Update Feuchtigkeit Garten
[01:09:04] [HomeKit] Update Temperatur Wohnzimmer
[01:11:05] [HomeKit] Update Feuchtigkeit Garten
[01:16:18] [HomeKit] Update Temperatur Garten
[01:16:19] [HomeKit] Update Feuchtigkeit Garten
[01:21:31] [HomeKit] Update Feuchtigkeit Garten
[01:31:58] [HomeKit] Update Feuchtigkeit Garten
[01:37:11] [HomeKit] Update Feuchtigkeit Garten
[01:47:37] [HomeKit] Update Feuchtigkeit Garten
[01:52:50] [HomeKit] Update Feuchtigkeit Garten
[01:58:03] [HomeKit] Update Feuchtigkeit Garten
[02:03:16] [HomeKit] Update Feuchtigkeit Garten
[02:06:28] [HomeKit] Update Temperatur Wohnzimmer
[02:08:29] [HomeKit] Update Feuchtigkeit Garten
[02:13:42] [HomeKit] Update Feuchtigkeit Garten
[02:18:55] [HomeKit] Update Feuchtigkeit Garten
[02:29:21] [HomeKit] Update Feuchtigkeit Garten
[02:34:34] [HomeKit] Update Feuchtigkeit Garten
[02:39:47] [HomeKit] Update Feuchtigkeit Garten
[02:50:13] [HomeKit] Update Feuchtigkeit Garten
[02:55:26] [HomeKit] Update Feuchtigkeit Garten
[03:00:39] [HomeKit] Update Temperatur Garten
[03:00:39] [HomeKit] Update Feuchtigkeit Garten
[03:09:04] [HomeKit] Update Temperatur Wohnzimmer
[03:11:05] [HomeKit] Update Temperatur Garten
[03:11:05] [HomeKit] Update Feuchtigkeit Garten
[03:16:18] [HomeKit] Update Temperatur Garten
[03:16:18] [HomeKit] Update Feuchtigkeit Garten
[03:26:44] [HomeKit] Update Feuchtigkeit Garten
[03:31:57] [HomeKit] Update Feuchtigkeit Garten
[03:42:23] [HomeKit] Update Temperatur Garten
[03:42:23] [HomeKit] Update Feuchtigkeit Garten
[03:58:02] [HomeKit] Update Feuchtigkeit Garten
[04:08:28] [HomeKit] Update Feuchtigkeit Garten
[04:16:53] [HomeKit] Update Temperatur Wohnzimmer
[04:39:46] [HomeKit] Update Temperatur Garten
[04:39:46] [HomeKit] Update Feuchtigkeit Garten
[04:44:59] [HomeKit] Update Feuchtigkeit Garten
[04:50:12] [HomeKit] Update Temperatur Garten
[04:55:25] [HomeKit] Update Feuchtigkeit Garten
[05:00:39] [HomeKit] Update Feuchtigkeit Garten
[05:05:52] [HomeKit] Update Feuchtigkeit Garten
[05:11:05] [HomeKit] Update Temperatur Garten
[05:11:05] [HomeKit] Update Feuchtigkeit Garten
[05:19:29] [HomeKit] Update Temperatur Wohnzimmer
[05:21:31] [HomeKit] Update Feuchtigkeit Garten
[05:26:44] [HomeKit] Update Feuchtigkeit Garten
[05:31:57] [HomeKit] Update Temperatur Garten
[05:35:08] [HomeKit] Update Temperatur Wohnzimmer
[05:40:21] [HomeKit] Update Temperatur Wohnzimmer
[05:47:36] [HomeKit] Update Temperatur Garten
[05:47:36] [HomeKit] Update Feuchtigkeit Garten
[05:58:12] [HomeKit] Update Küche Rolllade
[05:58:19] [HomeKit] Update Küche Rolllade
[06:04:17] [HomeKit] Update Küche Rolllade
[06:08:28] [HomeKit] Update Feuchtigkeit Garten
[06:13:41] [HomeKit] Update Feuchtigkeit Garten
[06:24:07] [HomeKit] Update Feuchtigkeit Garten
[06:26:14] [HomeKit] GET Anfrage für LED Kette Nils
[06:26:14] [HomeKit] GET Anfrage für Nils Dachboden Licht
[06:26:14] [HomeKit] GET Anfrage für Kompressor
[06:26:14] [HomeKit] GET Anfrage (CurrentPosition): Nils Rolllade | Current State: 0
[06:26:14] [HomeKit] GET Anfrage (Target): Nils Rolllade | Current Target State: 0
[06:26:14] [HomeKit] GET Anfrage für Temperatur Garten
[06:26:14] [HomeKit] GET Anfrage für Feuchtigkeit Garten
[06:26:14] [HomeKit] GET Anfrage für Nils Zimmer Licht
[06:26:14] [HomeKit] GET Anfrage für Treppe Licht Pflanze
[06:26:14] [HomeKit] GET Anfrage für Subwoofer Nils Zimmer
[06:26:59] [HomeKit] GET Anfrage für LED Kette Nils
[06:26:59] [HomeKit] GET Anfrage für Nils Dachboden Licht
[06:26:59] [HomeKit] GET Anfrage für Kompressor
[06:26:59] [HomeKit] GET Anfrage (CurrentPosition): Nils Rolllade | Current State: 0
[06:26:59] [HomeKit] GET Anfrage (Target): Nils Rolllade | Current Target State: 0
[06:26:59] [HomeKit] GET Anfrage für Temperatur Garten
[06:26:59] [HomeKit] GET Anfrage für Feuchtigkeit Garten
[06:26:59] [HomeKit] GET Anfrage für Nils Zimmer Licht
[06:26:59] [HomeKit] GET Anfrage für Treppe Licht Pflanze
[06:26:59] [HomeKit] GET Anfrage für Subwoofer Nils Zimmer
[06:29:20] [HomeKit] Update Temperatur Garten
[06:33:23] [HomeKit] Update Gäste WC Rolllade
[06:33:29] [HomeKit] Update Gäste WC Rolllade
[06:34:33] [HomeKit] Update Temperatur Garten
[06:34:33] [HomeKit] Update Feuchtigkeit Garten
[06:39:46] [HomeKit] Update Feuchtigkeit Garten
[06:50:12] [HomeKit] Update Feuchtigkeit Garten
[06:55:14] [HomeKit] GET Anfrage für Feuchtigkeit Garten
[06:55:14] [HomeKit] GET Anfrage für Subwoofer Nils Zimmer
[06:55:14] [HomeKit] GET Anfrage (CurrentPosition): Nils Rolllade | Current State: 0
[06:55:14] [HomeKit] GET Anfrage (Target): Nils Rolllade | Current Target State: 0
[06:55:14] [HomeKit] GET Anfrage für Kompressor
[06:55:14] [HomeKit] GET Anfrage für Temperatur Garten
[06:55:14] [HomeKit] GET Anfrage für LED Kette Nils
[06:55:14] [HomeKit] GET Anfrage für Nils Dachboden Licht
[06:55:14] [HomeKit] GET Anfrage für Nils Zimmer Licht
[06:55:14] [HomeKit] GET Anfrage für Treppe Licht Pflanze
[07:00:38] [HomeKit] Update Feuchtigkeit Garten
[07:01:17] [HomeKit] Update Gäste WC Rolllade
[07:09:02] [HomeKit] Update Temperatur Wohnzimmer
[07:09:51] [HomeKit] GET Anfrage für LED Kette Nils
[07:09:51] [HomeKit] GET Anfrage für Nils Dachboden Licht
[07:09:51] [HomeKit] GET Anfrage für Kompressor
[07:09:51] [HomeKit] GET Anfrage (CurrentPosition): Nils Rolllade | Current State: 0
[07:09:51] [HomeKit] GET Anfrage (Target): Nils Rolllade | Current Target State: 0
[07:09:51] [HomeKit] GET Anfrage für Temperatur Garten
[07:09:51] [HomeKit] GET Anfrage für Feuchtigkeit Garten
[07:09:51] [HomeKit] GET Anfrage für Nils Zimmer Licht
[07:09:51] [HomeKit] GET Anfrage für Treppe Licht Pflanze
[07:09:51] [HomeKit] GET Anfrage für Subwoofer Nils Zimmer
[07:10:25] [HomeKit] GET Anfrage für LED Kette Nils
[07:10:25] [HomeKit] GET Anfrage für Nils Dachboden Licht
[07:10:25] [HomeKit] GET Anfrage für Kompressor
[07:10:25] [HomeKit] GET Anfrage (CurrentPosition): Nils Rolllade | Current State: 0
[07:10:25] [HomeKit] GET Anfrage (Target): Nils Rolllade | Current Target State: 0
[07:10:25] [HomeKit] GET Anfrage für Temperatur Garten
[07:10:25] [HomeKit] GET Anfrage für Feuchtigkeit Garten
[07:10:25] [HomeKit] GET Anfrage für Nils Zimmer Licht
[07:10:25] [HomeKit] GET Anfrage für Treppe Licht Pflanze
[07:10:25] [HomeKit] GET Anfrage für Subwoofer Nils Zimmer
[07:11:04] [HomeKit] Update Temperatur Garten
[07:11:04] [HomeKit] Update Feuchtigkeit Garten
[07:22:16] [HomeKit] Update Wohnzimmer Rolllade Tür
[07:26:43] [HomeKit] Update Feuchtigkeit Garten
[07:37:09] [HomeKit] Update Temperatur Garten
[07:37:09] [HomeKit] Update Feuchtigkeit Garten
[07:47:35] [HomeKit] Update Temperatur Garten
[07:47:35] [HomeKit] Update Feuchtigkeit Garten
[07:52:48] [HomeKit] Update Temperatur Garten
[07:52:48] [HomeKit] Update Feuchtigkeit Garten
[07:56:00] [HomeKit] Update Temperatur Wohnzimmer
[07:58:01] [HomeKit] Update Temperatur Garten
[07:58:01] [HomeKit] Update Feuchtigkeit Garten
[08:03:14] [HomeKit] Update Feuchtigkeit Garten
[08:18:53] [HomeKit] Update Temperatur Garten
[08:18:53] [HomeKit] Update Feuchtigkeit Garten
[08:28:02] [HomeKit] Update Wohnzimmer Rolllade Fenster
[08:28:04] [HomeKit] Update Küche Rolllade
[08:28:06] [HomeKit] Update Gäste WC Rolllade
[08:28:08] [HomeKit] Update Arbeitszimmer Rolllade Garten
[08:28:09] [HomeKit] Update Arbeitszimmer Rolllade Kindergarten
[08:28:09] [HomeKit] Update Schlafzimmer Rolllade
[08:30:00] [HomeKit] Update Nils Rolllade
[08:50:12] [HomeKit] Update Temperatur Garten
[09:05:51] [HomeKit] Update Temperatur Garten
[09:05:51] [HomeKit] Update Feuchtigkeit Garten
[09:26:43] [HomeKit] Update Feuchtigkeit Garten
[09:37:09] [HomeKit] Update Feuchtigkeit Garten
[09:42:22] [HomeKit] Update Feuchtigkeit Garten
[09:47:35] [HomeKit] Update Temperatur Garten
[09:47:35] [HomeKit] Update Feuchtigkeit Garten
[09:58:01] [HomeKit] Update Temperatur Garten
[09:58:01] [HomeKit] Update Feuchtigkeit Garten
[10:06:35] [HomeKit] GET Anfrage für Feuchtigkeit Garten
[10:06:35] [HomeKit] GET Anfrage für Subwoofer Nils Zimmer
[10:06:35] [HomeKit] GET Anfrage (CurrentPosition): Nils Rolllade | Current State: 100
[10:06:35] [HomeKit] GET Anfrage (Target): Nils Rolllade | Current Target State: 100
[10:06:35] [HomeKit] GET Anfrage für Kompressor
[10:06:35] [HomeKit] GET Anfrage für Temperatur Garten
[10:06:35] [HomeKit] GET Anfrage für LED Kette Nils
[10:06:35] [HomeKit] GET Anfrage für Nils Dachboden Licht
[10:06:35] [HomeKit] GET Anfrage für Nils Zimmer Licht
[10:06:35] [HomeKit] GET Anfrage für Treppe Licht Pflanze
[10:29:19] [HomeKit] Update Feuchtigkeit Garten
[10:34:32] [HomeKit] Update Feuchtigkeit Garten
[10:50:11] [HomeKit] Update Temperatur Garten
[11:00:37] [HomeKit] Update Feuchtigkeit Garten
[11:15:24] [HomeKit] GET Anfrage für Feuchtigkeit Garten
[11:15:24] [HomeKit] GET Anfrage für Subwoofer Nils Zimmer
[11:15:24] [HomeKit] GET Anfrage (CurrentPosition): Nils Rolllade | Current State: 100
[11:15:24] [HomeKit] GET Anfrage (Target): Nils Rolllade | Current Target State: 100
[11:15:24] [HomeKit] GET Anfrage für Kompressor
[11:15:24] [HomeKit] GET Anfrage für Temperatur Garten
[11:15:24] [HomeKit] GET Anfrage für LED Kette Nils
[11:15:24] [HomeKit] GET Anfrage für Nils Dachboden Licht
[11:15:24] [HomeKit] GET Anfrage für Nils Zimmer Licht
[11:15:24] [HomeKit] GET Anfrage für Treppe Licht Pflanze
[11:15:55] [HomeKit] GET Anfrage für Feuchtigkeit Garten
[11:15:55] [HomeKit] GET Anfrage für Subwoofer Nils Zimmer
[11:15:55] [HomeKit] GET Anfrage (CurrentPosition): Nils Rolllade | Current State: 100
[11:15:55] [HomeKit] GET Anfrage (Target): Nils Rolllade | Current Target State: 100
[11:15:55] [HomeKit] GET Anfrage für Kompressor
[11:15:55] [HomeKit] GET Anfrage für Temperatur Garten
[11:15:55] [HomeKit] GET Anfrage für LED Kette Nils
[11:15:55] [HomeKit] GET Anfrage für Nils Dachboden Licht
[11:15:55] [HomeKit] GET Anfrage für Nils Zimmer Licht
[11:15:55] [HomeKit] GET Anfrage für Treppe Licht Pflanze
[11:16:16] [HomeKit] Update Temperatur Garten
[11:16:16] [HomeKit] Update Feuchtigkeit Garten
[11:19:07] [HomeKit] GET Anfrage für Feuchtigkeit Garten
[11:19:07] [HomeKit] GET Anfrage für Subwoofer Nils Zimmer
[11:19:07] [HomeKit] GET Anfrage (CurrentPosition): Nils Rolllade | Current State: 100
[11:19:07] [HomeKit] GET Anfrage (Target): Nils Rolllade | Current Target State: 100
[11:19:07] [HomeKit] GET Anfrage für Kompressor
[11:19:07] [HomeKit] GET Anfrage für Temperatur Garten
[11:19:07] [HomeKit] GET Anfrage für LED Kette Nils
[11:19:07] [HomeKit] GET Anfrage für Nils Dachboden Licht
[11:19:07] [HomeKit] GET Anfrage für Nils Zimmer Licht
[11:19:07] [HomeKit] GET Anfrage für Treppe Licht Pflanze
[11:21:29] [HomeKit] Update Feuchtigkeit Garten
[11:31:55] [HomeKit] Update Temperatur Garten
[11:31:55] [HomeKit] Update Feuchtigkeit Garten
[11:37:08] [HomeKit] Update Feuchtigkeit Garten
[11:40:19] [HomeKit] Update Temperatur Wohnzimmer
[11:42:21] [HomeKit] Update Feuchtigkeit Garten
[11:45:32] [HomeKit] Update Temperatur Wohnzimmer
[11:47:34] [HomeKit] Update Feuchtigkeit Garten
[11:52:47] [HomeKit] Update Temperatur Garten
[11:52:47] [HomeKit] Update Feuchtigkeit Garten
[11:55:58] [HomeKit] Update Temperatur Wohnzimmer
[11:58:00] [HomeKit] Update Feuchtigkeit Garten
[12:03:13] [HomeKit] Update Feuchtigkeit Garten
[12:08:26] [HomeKit] Update Temperatur Garten
[12:08:26] [HomeKit] Update Feuchtigkeit Garten
[12:13:39] [HomeKit] Update Feuchtigkeit Garten
[12:18:52] [HomeKit] Update Feuchtigkeit Garten
[12:24:06] [HomeKit] Update Temperatur Garten
[12:24:06] [HomeKit] Update Feuchtigkeit Garten
[12:29:19] [HomeKit] Update Feuchtigkeit Garten
[12:34:32] [HomeKit] Update Temperatur Garten
[12:34:32] [HomeKit] Update Feuchtigkeit Garten
[12:39:45] [HomeKit] Update Feuchtigkeit Garten
[12:44:58] [HomeKit] Update Feuchtigkeit Garten
[12:50:11] [HomeKit] Update Temperatur Garten
[12:50:11] [HomeKit] Update Feuchtigkeit Garten
[12:55:24] [HomeKit] Update Temperatur Garten
[13:00:37] [HomeKit] Update Temperatur Garten
[13:00:37] [HomeKit] Update Feuchtigkeit Garten
[13:05:50] [HomeKit] Update Temperatur Garten
[13:16:16] [HomeKit] Update Feuchtigkeit Garten
[13:21:29] [HomeKit] Update Temperatur Garten
[13:21:29] [HomeKit] Update Feuchtigkeit Garten
[13:31:55] [HomeKit] Update Feuchtigkeit Garten
[13:42:21] [HomeKit] Update Feuchtigkeit Garten
[13:47:34] [HomeKit] Update Temperatur Garten
[13:47:34] [HomeKit] Update Feuchtigkeit Garten
[13:52:47] [HomeKit] Update Temperatur Garten
[13:58:00] [HomeKit] Update Feuchtigkeit Garten
[14:03:13] [HomeKit] Update Temperatur Garten
[14:03:13] [HomeKit] Update Feuchtigkeit Garten
[14:08:26] [HomeKit] Update Temperatur Garten
[14:13:39] [HomeKit] Update Feuchtigkeit Garten
[14:18:52] [HomeKit] Update Temperatur Garten
[14:18:52] [HomeKit] Update Feuchtigkeit Garten
[14:29:18] [HomeKit] Update Temperatur Garten
[14:29:18] [HomeKit] Update Feuchtigkeit Garten
[14:39:44] [HomeKit] Update Feuchtigkeit Garten
[14:55:23] [HomeKit] Update Feuchtigkeit Garten
[14:58:34] [HomeKit] Update Temperatur Wohnzimmer
[15:02:45] [HomeKit] GET Anfrage für Feuchtigkeit Garten
[15:02:45] [HomeKit] GET Anfrage für Subwoofer Nils Zimmer
[15:02:45] [HomeKit] GET Anfrage (CurrentPosition): Nils Rolllade | Current State: 100
[15:02:45] [HomeKit] GET Anfrage (Target): Nils Rolllade | Current Target State: 100
[15:02:45] [HomeKit] GET Anfrage für Kompressor
[15:02:45] [HomeKit] GET Anfrage für Temperatur Garten
[15:02:45] [HomeKit] GET Anfrage für LED Kette Nils
[15:02:45] [HomeKit] GET Anfrage für Nils Dachboden Licht
[15:02:45] [HomeKit] GET Anfrage für Nils Zimmer Licht
[15:02:45] [HomeKit] GET Anfrage für Treppe Licht Pflanze
[15:03:47] [HomeKit] Update Temperatur Wohnzimmer
[15:05:49] [HomeKit] Update Temperatur Garten
[15:05:49] [HomeKit] Update Feuchtigkeit Garten
[15:09:00] [HomeKit] Update Temperatur Wohnzimmer
[15:11:02] [HomeKit] Update Temperatur Garten
[15:14:13] [HomeKit] Update Temperatur Wohnzimmer
[15:21:28] [HomeKit] Update Feuchtigkeit Garten
[15:24:39] [HomeKit] Update Temperatur Wohnzimmer
[15:26:41] [HomeKit] Update Feuchtigkeit Garten
[15:31:54] [HomeKit] Update Temperatur Garten
[15:31:54] [HomeKit] Update Feuchtigkeit Garten
[15:37:07] [HomeKit] Update Temperatur Garten
[15:37:07] [HomeKit] Update Feuchtigkeit Garten
[15:42:20] [HomeKit] Update Temperatur Garten
[15:47:33] [HomeKit] Update Temperatur Garten
[15:47:33] [HomeKit] Update Feuchtigkeit Garten
[16:03:12] [HomeKit] Update Feuchtigkeit Garten
[16:13:38] [HomeKit] Update Temperatur Garten
[16:13:38] [HomeKit] Update Feuchtigkeit Garten
[16:24:05] [HomeKit] Update Feuchtigkeit Garten
[16:29:18] [HomeKit] Update Feuchtigkeit Garten
[16:32:28] [HomeKit] Update Temperatur Wohnzimmer
[16:39:44] [HomeKit] Update Feuchtigkeit Garten
[16:55:23] [HomeKit] Update Feuchtigkeit Garten
[17:08:59] [HomeKit] Update Temperatur Wohnzimmer
[17:11:02] [HomeKit] Update Temperatur Garten
[17:11:02] [HomeKit] Update Feuchtigkeit Garten
[17:14:01] [HomeKit] Update Wohnzimmer Rolllade Fenster
[17:14:27] [HomeKit] Update Gäste WC Rolllade
[17:16:15] [HomeKit] Update Feuchtigkeit Garten
[17:21:28] [HomeKit] Update Feuchtigkeit Garten
[17:24:38] [HomeKit] Update Temperatur Wohnzimmer
[17:26:41] [HomeKit] Update Feuchtigkeit Garten
[17:32:03] [HomeKit] Update Küche Rolllade
[17:32:05] [HomeKit] Update Wohnzimmer Rolllade Tür
[17:32:10] [HomeKit] Update Nils Rolllade
[17:32:11] [HomeKit] Update Arbeitszimmer Rolllade Garten
[17:32:12] [HomeKit] Update Arbeitszimmer Rolllade Kindergarten
[17:32:13] [HomeKit] Update Schlafzimmer Rolllade
[17:42:20] [HomeKit] Update Temperatur Garten
[17:45:30] [HomeKit] Update Temperatur Wohnzimmer
[17:47:33] [HomeKit] Update Feuchtigkeit Garten
[17:52:46] [HomeKit] Update Feuchtigkeit Garten
[17:57:59] [HomeKit] Update Feuchtigkeit Garten
[18:03:12] [HomeKit] Update Feuchtigkeit Garten
[18:13:38] [HomeKit] Update Feuchtigkeit Garten
[18:16:48] [HomeKit] Update Temperatur Wohnzimmer
[18:18:51] [HomeKit] Update Temperatur Garten
[18:18:51] [HomeKit] Update Feuchtigkeit Garten
[18:24:04] [HomeKit] Update Feuchtigkeit Garten
[18:29:17] [HomeKit] Update Feuchtigkeit Garten
[18:55:22] [HomeKit] Update Feuchtigkeit Garten
[18:58:33] [HomeKit] Update Temperatur Wohnzimmer
[19:00:35] [HomeKit] Update Temperatur Garten
[19:05:48] [HomeKit] Update Feuchtigkeit Garten
[19:11:01] [HomeKit] Update Feuchtigkeit Garten
[19:21:27] [HomeKit] Update Feuchtigkeit Garten
[19:41:27] [HomeKit] GET Anfrage (CurrentPosition): Küche Rolllade | Current State: 0
[19:41:27] [HomeKit] GET Anfrage (Target): Küche Rolllade | Current Target State: 0
[19:41:27] [HomeKit] GET Anfrage für Treppe Licht Pflanze
[19:41:27] [HomeKit] GET Anfrage für LED Kette Nils
[19:41:27] [HomeKit] GET Anfrage (CurrentPosition): Nils Rolllade | Current State: 0
[19:41:27] [HomeKit] GET Anfrage (Target): Nils Rolllade | Current Target State: 0
[19:41:27] [HomeKit] GET Anfrage (CurrentPosition): Gäste WC Rolllade | Current State: 0
[19:41:27] [HomeKit] GET Anfrage (Target): Gäste WC Rolllade | Current Target State: 0
[19:41:27] [HomeKit] GET Anfrage für Keller Licht
[19:41:27] [HomeKit] GET Anfrage (Target): Wohnzimmer Rolllade Tür | Current Target State: 0
[19:41:27] [HomeKit] GET Anfrage (CurrentPosition): Wohnzimmer Rolllade Tür | Current State: 0
[19:41:27] [HomeKit] GET Anfrage für Nils Zimmer Licht
[19:41:27] [HomeKit] GET Anfrage (CurrentPosition): Schlafzimmer Rolllade | Current State: 0
[19:41:27] [HomeKit] GET Anfrage (Target): Schlafzimmer Rolllade | Current Target State: 0
[19:41:27] [HomeKit] GET Anfrage für Kompressor
[19:41:27] [HomeKit] GET Anfrage für Feuchtigkeit Garten
[19:41:27] [HomeKit] GET Anfrage (Target): Wohnzimmer Rolllade Fenster | Current Target State: 0
[19:41:27] [HomeKit] GET Anfrage (CurrentPosition): Wohnzimmer Rolllade Fenster | Current State: 0
[19:41:27] [HomeKit] GET Anfrage für Eingangs Flur Licht
[19:41:27] [HomeKit] GET Anfrage für Fernseher
[19:41:27] [HomeKit] GET Anfrage für Nils Dachboden Licht
[19:41:27] [HomeKit] GET Anfrage (Target): Arbeitszimmer Rolllade Garten | Current Target State: 0
[19:41:27] [HomeKit] GET Anfrage (CurrentPosition): Arbeitszimmer Rolllade Garten | Current State: 0
[19:41:27] [HomeKit] GET Anfrage für Subwoofer Nils Zimmer
[19:41:27] [HomeKit] GET Anfrage für Feuchtigkeit Wohnzimmer
[19:41:27] [HomeKit] GET Anfrage (Target): Arbeitszimmer Rolllade Kindergarten | Current Target State: 0
[19:41:27] [HomeKit] GET Anfrage (CurrentPosition): Arbeitszimmer Rolllade Kindergarten | Current State: 0
[19:41:27] [HomeKit] GET Anfrage für Brunnen
[19:41:27] [HomeKit] GET Anfrage für Arbeitszimmer Licht
[19:41:27] [HomeKit] GET Anfrage für Temperatur Garten
[19:41:31] [HomeKit] SET Befehlt: 1
[19:41:31] [HomeKit] ANNNNNNN
[19:41:31] [HomeKit] Callback
[19:41:32] [HomeKit] SET Befehlt: 0
[19:41:32] [HomeKit] AUSSSSSS
[19:41:32] [HomeKit] Callback
[19:41:33] [HomeKit] SET Befehlt: 1
[19:41:33] [HomeKit] ANNNNNNN
[19:41:33] [HomeKit] Callback
[19:41:36] [HomeKit] SET Befehlt: 0
[19:41:36] [HomeKit] AUSSSSSS
[19:41:36] [HomeKit] Callback
[19:41:37] [HomeKit] SET Befehlt: 1
[19:41:37] [HomeKit] ANNNNNNN
[19:41:37] [HomeKit] Callback
[19:47:32] [HomeKit] Update Feuchtigkeit Garten
[19:52:45] [HomeKit] Update Feuchtigkeit Garten
[20:03:12] [HomeKit] Update Feuchtigkeit Garten
[20:42:53] [HomeKit] Update Temperatur Wohnzimmer
[20:44:56] [HomeKit] Update Temperatur Garten
[20:44:56] [HomeKit] Update Feuchtigkeit Garten
[20:55:22] [HomeKit] Update Feuchtigkeit Garten
[21:00:35] [HomeKit] Update Feuchtigkeit Garten
[21:05:48] [HomeKit] Update Feuchtigkeit Garten
[21:11:01] [HomeKit] Update Feuchtigkeit Garten
[21:20:09] [HomeKit] GET Anfrage für Feuchtigkeit Garten
[21:20:09] [HomeKit] GET Anfrage für Subwoofer Nils Zimmer
[21:20:09] [HomeKit] GET Anfrage (CurrentPosition): Nils Rolllade | Current State: 0
[21:20:09] [HomeKit] GET Anfrage (Target): Nils Rolllade | Current Target State: 0
[21:20:09] [HomeKit] GET Anfrage für Kompressor
[21:20:09] [HomeKit] GET Anfrage für Temperatur Garten
[21:20:09] [HomeKit] GET Anfrage für LED Kette Nils
[21:20:09] [HomeKit] GET Anfrage für Nils Dachboden Licht
[21:20:09] [HomeKit] GET Anfrage für Nils Zimmer Licht
[21:20:09] [HomeKit] GET Anfrage für Treppe Licht Pflanze
[21:21:27] [HomeKit] Update Temperatur Garten
[21:21:27] [HomeKit] Update Feuchtigkeit Garten
[21:24:37] [HomeKit] Update Temperatur Wohnzimmer
[21:26:40] [HomeKit] Update Feuchtigkeit Garten
[21:31:53] [HomeKit] Update Feuchtigkeit Garten
[21:40:13] [HomeKit] GET Anfrage (Target): Küche Rolllade | Current Target State: 0
[21:40:13] [HomeKit] GET Anfrage (CurrentPosition): Küche Rolllade | Current State: 0
[21:40:13] [HomeKit] GET Anfrage für LED Kette Nils
[21:40:13] [HomeKit] GET Anfrage für Treppe Licht Pflanze
[21:40:13] [HomeKit] GET Anfrage (CurrentPosition): Nils Rolllade | Current State: 0
[21:40:13] [HomeKit] GET Anfrage (Target): Nils Rolllade | Current Target State: 0
[21:40:13] [HomeKit] GET Anfrage (Target): Gäste WC Rolllade | Current Target State: 0
[21:40:13] [HomeKit] GET Anfrage (CurrentPosition): Gäste WC Rolllade | Current State: 0
[21:40:13] [HomeKit] GET Anfrage (Target): Wohnzimmer Rolllade Tür | Current Target State: 0
[21:40:13] [HomeKit] GET Anfrage (CurrentPosition): Wohnzimmer Rolllade Tür | Current State: 0
[21:40:13] [HomeKit] GET Anfrage für Feuchtigkeit Garten
[21:40:13] [HomeKit] GET Anfrage (Target): Schlafzimmer Rolllade | Current Target State: 0
[21:40:13] [HomeKit] GET Anfrage (CurrentPosition): Schlafzimmer Rolllade | Current State: 0
[21:40:13] [HomeKit] GET Anfrage für Kompressor
[21:40:13] [HomeKit] GET Anfrage für Nils Zimmer Licht
[21:40:13] [HomeKit] GET Anfrage für Keller Licht
[21:40:13] [HomeKit] GET Anfrage (Target): Wohnzimmer Rolllade Fenster | Current Target State: 0
[21:40:13] [HomeKit] GET Anfrage (CurrentPosition): Wohnzimmer Rolllade Fenster | Current State: 0
[21:40:13] [HomeKit] GET Anfrage für Eingangs Flur Licht
[21:40:13] [HomeKit] GET Anfrage für Fernseher
[21:40:13] [HomeKit] GET Anfrage für Nils Dachboden Licht
[21:40:13] [HomeKit] GET Anfrage (Target): Arbeitszimmer Rolllade Garten | Current Target State: 0
[21:40:13] [HomeKit] GET Anfrage (CurrentPosition): Arbeitszimmer Rolllade Garten | Current State: 0
[21:40:13] [HomeKit] GET Anfrage für Subwoofer Nils Zimmer
[21:40:13] [HomeKit] GET Anfrage für Feuchtigkeit Wohnzimmer
[21:40:13] [HomeKit] GET Anfrage (Target): Arbeitszimmer Rolllade Kindergarten | Current Target State: 0
[21:40:13] [HomeKit] GET Anfrage (CurrentPosition): Arbeitszimmer Rolllade Kindergarten | Current State: 0
[21:40:13] [HomeKit] GET Anfrage für Brunnen
[21:40:13] [HomeKit] GET Anfrage für Temperatur Garten
[21:40:13] [HomeKit] GET Anfrage für Arbeitszimmer Licht
[21:40:16] [HomeKit] SET Befehlt: 0
[21:40:16] [HomeKit] AUSSSSSS
[21:40:16] [HomeKit] Callback
[21:40:17] [HomeKit] SET Befehlt: 0
[21:40:17] [HomeKit] AUSSSSSS
[21:40:17] [HomeKit] Callback
[21:42:19] [HomeKit] Update Feuchtigkeit Garten
[21:47:32] [HomeKit] Update Feuchtigkeit Garten
[21:52:45] [HomeKit] Update Temperatur Garten
[21:54:14] [HomeKit] GET Anfrage für LED Kette Nils
[21:54:14] [HomeKit] GET Anfrage für Nils Dachboden Licht
[21:54:14] [HomeKit] GET Anfrage für Kompressor
[21:54:14] [HomeKit] GET Anfrage (CurrentPosition): Nils Rolllade | Current State: 0
[21:54:14] [HomeKit] GET Anfrage (Target): Nils Rolllade | Current Target State: 0
[21:54:14] [HomeKit] GET Anfrage für Temperatur Garten
[21:54:14] [HomeKit] GET Anfrage für Feuchtigkeit Garten
[21:54:14] [HomeKit] GET Anfrage für Nils Zimmer Licht
[21:54:14] [HomeKit] GET Anfrage für Treppe Licht Pflanze
[21:54:14] [HomeKit] GET Anfrage für Subwoofer Nils Zimmer
[21:55:55] [HomeKit] Update Temperatur Wohnzimmer
[22:08:24] [HomeKit] Update Feuchtigkeit Garten
[22:24:03] [HomeKit] Update Feuchtigkeit Garten
[22:39:42] [HomeKit] Update Temperatur Garten
[22:39:42] [HomeKit] Update Feuchtigkeit Garten
[22:42:52] [HomeKit] Update Temperatur Wohnzimmer
[22:50:08] [HomeKit] Update Feuchtigkeit Garten
[22:55:21] [HomeKit] Update Temperatur Garten
[22:55:21] [HomeKit] Update Feuchtigkeit Garten
[23:16:13] [HomeKit] Update Temperatur Garten
[23:16:13] [HomeKit] Update Feuchtigkeit Garten
[23:26:39] [HomeKit] Update Feuchtigkeit Garten
[23:31:53] [HomeKit] Update Feuchtigkeit Garten
[23:42:18] [HomeKit] Update Temperatur Garten
[23:42:19] [HomeKit] Update Feuchtigkeit Garten
[23:47:32] [HomeKit] Update Feuchtigkeit Garten
[23:52:45] [HomeKit] Update Temperatur Garten
[23:52:45] [HomeKit] Update Feuchtigkeit Garten
[23:57:58] [HomeKit] Update Feuchtigkeit Garten
