[00:12:05] [HomeKit] Update Temperatur Wohnzimmer
[00:13:58] [HomeKit] Update Feuchtigkeit Garten
[00:24:24] [HomeKit] Update Feuchtigkeit Garten
[00:34:50] [HomeKit] Update Feuchtigkeit Garten
[00:40:03] [HomeKit] Update Feuchtigkeit Garten
[00:45:16] [HomeKit] Update Feuchtigkeit Garten
[00:50:29] [HomeKit] Update Feuchtigkeit Garten
[00:55:43] [HomeKit] Update Feuchtigkeit Garten
[01:00:56] [HomeKit] Update Temperatur Garten
[01:00:56] [HomeKit] Update Feuchtigkeit Garten
[01:06:09] [HomeKit] Update Temperatur Garten
[01:11:22] [HomeKit] Update Temperatur Garten
[01:11:22] [HomeKit] Update Feuchtigkeit Garten
[01:16:35] [HomeKit] Update Temperatur Garten
[01:16:35] [HomeKit] Update Feuchtigkeit Garten
[01:27:01] [HomeKit] Update Temperatur Garten
[01:27:01] [HomeKit] Update Feuchtigkeit Garten
[01:32:14] [HomeKit] Update Feuchtigkeit Garten
[01:37:27] [HomeKit] Update Feuchtigkeit Garten
[01:47:53] [HomeKit] Update Feuchtigkeit Garten
[02:13:58] [HomeKit] Update Feuchtigkeit Garten
[02:24:24] [HomeKit] Update Feuchtigkeit Garten
[02:45:16] [HomeKit] Update Feuchtigkeit Garten
[02:59:01] [HomeKit] Update Temperatur Wohnzimmer
[03:00:55] [HomeKit] Update Feuchtigkeit Garten
[03:04:14] [HomeKit] Update Temperatur Wohnzimmer
[03:06:08] [HomeKit] Update Feuchtigkeit Garten
[03:16:34] [HomeKit] Update Feuchtigkeit Garten
[03:19:53] [HomeKit] Update Temperatur Wohnzimmer
[03:27:00] [HomeKit] Update Feuchtigkeit Garten
[03:32:13] [HomeKit] Update Temperatur Garten
[03:32:13] [HomeKit] Update Feuchtigkeit Garten
[03:37:26] [HomeKit] Update Feuchtigkeit Garten
[04:03:31] [HomeKit] Update Temperatur Garten
[04:03:31] [HomeKit] Update Feuchtigkeit Garten
[04:08:44] [HomeKit] Update Feuchtigkeit Garten
[04:13:57] [HomeKit] Update Feuchtigkeit Garten
[04:19:10] [HomeKit] Update Temperatur Garten
[04:24:23] [HomeKit] Update Temperatur Garten
[04:24:23] [HomeKit] Update Feuchtigkeit Garten
[04:29:36] [HomeKit] Update Temperatur Garten
[04:34:49] [HomeKit] Update Temperatur Garten
[04:34:49] [HomeKit] Update Feuchtigkeit Garten
[04:45:15] [HomeKit] Update Feuchtigkeit Garten
[04:50:29] [HomeKit] Update Temperatur Garten
[04:50:29] [HomeKit] Update Feuchtigkeit Garten
[04:55:42] [HomeKit] Update Feuchtigkeit Garten
[05:16:34] [HomeKit] Update Feuchtigkeit Garten
[05:27:00] [HomeKit] Update Feuchtigkeit Garten
[05:32:13] [HomeKit] Update Feuchtigkeit Garten
[05:37:26] [HomeKit] Update Feuchtigkeit Garten
[05:40:45] [HomeKit] Update Temperatur Wohnzimmer
[05:42:39] [HomeKit] Update Feuchtigkeit Garten
[05:45:58] [HomeKit] Update Temperatur Wohnzimmer
[05:47:52] [HomeKit] Update Feuchtigkeit Garten
[05:53:05] [HomeKit] Update Feuchtigkeit Garten
[05:56:24] [HomeKit] Update Temperatur Wohnzimmer
[05:58:18] [HomeKit] Update Feuchtigkeit Garten
[06:03:31] [HomeKit] Update Temperatur Garten
[06:08:44] [HomeKit] Update Temperatur Garten
[06:13:57] [HomeKit] Update Feuchtigkeit Garten
[06:19:10] [HomeKit] Update Feuchtigkeit Garten
[06:22:29] [HomeKit] Update Temperatur Wohnzimmer
[06:23:59] [HomeKit] Update Gäste WC Rolllade
[06:24:05] [HomeKit] Update Gäste WC Rolllade
[06:24:23] [HomeKit] Update Feuchtigkeit Garten
[06:27:42] [HomeKit] Update Temperatur Wohnzimmer
[06:29:36] [HomeKit] Update Feuchtigkeit Garten
[06:32:55] [HomeKit] Update Temperatur Wohnzimmer
[06:34:49] [HomeKit] Update Temperatur Garten
[06:43:21] [HomeKit] Update Temperatur Wohnzimmer
[06:45:15] [HomeKit] Update Temperatur Garten
[06:45:15] [HomeKit] Update Feuchtigkeit Garten
[06:50:28] [HomeKit] Update Temperatur Garten
[06:50:28] [HomeKit] Update Feuchtigkeit Garten
[06:55:41] [HomeKit] Update Feuchtigkeit Garten
[07:06:07] [HomeKit] Update Feuchtigkeit Garten
[07:09:26] [HomeKit] Update Temperatur Wohnzimmer
[07:11:20] [HomeKit] Update Temperatur Garten
[07:11:20] [HomeKit] Update Feuchtigkeit Garten
[07:12:28] [HomeKit] GET Anfrage für LED Kette Nils
[07:12:28] [HomeKit] GET Anfrage für Nils Dachboden Licht
[07:12:28] [HomeKit] GET Anfrage für Kompressor
[07:12:28] [HomeKit] GET Anfrage (CurrentPosition): Nils Rolllade | Current State: 0
[07:12:28] [HomeKit] GET Anfrage (Target): Nils Rolllade | Current Target State: 0
[07:12:28] [HomeKit] GET Anfrage für Feuchtigkeit Garten
[07:12:28] [HomeKit] GET Anfrage für Temperatur Garten
[07:12:28] [HomeKit] GET Anfrage für Treppe Licht Pflanze
[07:12:28] [HomeKit] GET Anfrage für Subwoofer Nils Zimmer
[07:12:28] [HomeKit] GET Anfrage für Nils Zimmer Licht
[07:14:39] [HomeKit] Update Temperatur Wohnzimmer
[07:21:33] [HomeKit] Update Gäste WC Rolllade
[07:21:46] [HomeKit] Update Feuchtigkeit Garten
[07:25:05] [HomeKit] Update Temperatur Wohnzimmer
[07:26:59] [HomeKit] Update Temperatur Garten
[07:32:12] [HomeKit] Update Temperatur Garten
[07:32:12] [HomeKit] Update Feuchtigkeit Garten
[07:37:25] [HomeKit] Update Temperatur Garten
[07:37:25] [HomeKit] Update Feuchtigkeit Garten
[07:40:52] [HomeKit] GET Anfrage (Target): Küche Rolllade | Current Target State: 0
[07:40:52] [HomeKit] GET Anfrage (CurrentPosition): Küche Rolllade | Current State: 0
[07:40:52] [HomeKit] GET Anfrage für LED Kette Nils
[07:40:52] [HomeKit] GET Anfrage für Treppe Licht Pflanze
[07:40:52] [HomeKit] GET Anfrage (Target): Nils Rolllade | Current Target State: 0
[07:40:52] [HomeKit] GET Anfrage (CurrentPosition): Nils Rolllade | Current State: 0
[07:40:52] [HomeKit] GET Anfrage (CurrentPosition): Gäste WC Rolllade | Current State: 0
[07:40:52] [HomeKit] GET Anfrage (Target): Gäste WC Rolllade | Current Target State: 0
[07:40:52] [HomeKit] GET Anfrage für Keller Licht
[07:40:52] [HomeKit] GET Anfrage (Target): Wohnzimmer Rolllade Tür | Current Target State: 0
[07:40:52] [HomeKit] GET Anfrage (CurrentPosition): Wohnzimmer Rolllade Tür | Current State: 0
[07:40:52] [HomeKit] GET Anfrage für Feuchtigkeit Garten
[07:40:52] [HomeKit] GET Anfrage (Target): Schlafzimmer Rolllade | Current Target State: 0
[07:40:52] [HomeKit] GET Anfrage (CurrentPosition): Schlafzimmer Rolllade | Current State: 0
[07:40:52] [HomeKit] GET Anfrage für Nils Zimmer Licht
[07:40:52] [HomeKit] GET Anfrage für Kompressor
[07:40:52] [HomeKit] GET Anfrage (Target): Wohnzimmer Rolllade Fenster | Current Target State: 0
[07:40:52] [HomeKit] GET Anfrage (CurrentPosition): Wohnzimmer Rolllade Fenster | Current State: 0
[07:40:52] [HomeKit] GET Anfrage für Eingangs Flur Licht
[07:40:52] [HomeKit] GET Anfrage für Fernseher
[07:40:52] [HomeKit] GET Anfrage für Nils Dachboden Licht
[07:40:52] [HomeKit] GET Anfrage (Target): Arbeitszimmer Rolllade Garten | Current Target State: 0
[07:40:52] [HomeKit] GET Anfrage (CurrentPosition): Arbeitszimmer Rolllade Garten | Current State: 0
[07:40:52] [HomeKit] GET Anfrage für Subwoofer Nils Zimmer
[07:40:52] [HomeKit] GET Anfrage für Feuchtigkeit Wohnzimmer
[07:40:52] [HomeKit] GET Anfrage (Target): Arbeitszimmer Rolllade Kindergarten | Current Target State: 0
[07:40:52] [HomeKit] GET Anfrage (CurrentPosition): Arbeitszimmer Rolllade Kindergarten | Current State: 0
[07:40:52] [HomeKit] GET Anfrage für Brunnen
[07:40:52] [HomeKit] GET Anfrage für Temperatur Garten
[07:40:52] [HomeKit] GET Anfrage für Arbeitszimmer Licht
[07:41:05] [HomeKit] SET Anfrage für Küche Rolllade. Wert ==> 100
[07:41:05] [HomeKit] Update Küche Rolllade
[07:42:26] [HomeKit] GET Anfrage für Keller Licht
[07:42:26] [HomeKit] GET Anfrage (Target): Wohnzimmer Rolllade Tür | Current Target State: 0
[07:42:26] [HomeKit] GET Anfrage (Target): Küche Rolllade | Current Target State: 100
[07:42:26] [HomeKit] GET Anfrage (CurrentPosition): Küche Rolllade | Current State: 100
[07:42:26] [HomeKit] GET Anfrage (Target): Gäste WC Rolllade | Current Target State: 0
[07:42:26] [HomeKit] GET Anfrage (CurrentPosition): Gäste WC Rolllade | Current State: 0
[07:42:26] [HomeKit] GET Anfrage (Target): Wohnzimmer Rolllade Fenster | Current Target State: 0
[07:42:26] [HomeKit] GET Anfrage für Nils Zimmer Licht
[07:42:26] [HomeKit] GET Anfrage für LED Kette Nils
[07:42:26] [HomeKit] GET Anfrage (Target): Nils Rolllade | Current Target State: 0
[07:42:26] [HomeKit] GET Anfrage für Eingangs Flur Licht
[07:42:26] [HomeKit] GET Anfrage (Target): Arbeitszimmer Rolllade Garten | Current Target State: 0
[07:42:26] [HomeKit] GET Anfrage für Treppe Licht Pflanze
[07:42:26] [HomeKit] GET Anfrage für Arbeitszimmer Licht
[07:42:26] [HomeKit] GET Anfrage (CurrentPosition): Schlafzimmer Rolllade | Current State: 0
[07:42:26] [HomeKit] GET Anfrage (Target): Schlafzimmer Rolllade | Current Target State: 0
[07:42:26] [HomeKit] GET Anfrage für Nils Dachboden Licht
[07:42:26] [HomeKit] GET Anfrage (Target): Arbeitszimmer Rolllade Kindergarten | Current Target State: 0
[07:42:38] [HomeKit] Update Temperatur Garten
[07:45:57] [HomeKit] Update Temperatur Wohnzimmer
[07:47:51] [HomeKit] Update Feuchtigkeit Garten
[07:51:10] [HomeKit] Update Temperatur Wohnzimmer
[07:58:17] [HomeKit] Update Feuchtigkeit Garten
[08:08:43] [HomeKit] Update Feuchtigkeit Garten
[08:13:56] [HomeKit] Update Feuchtigkeit Garten
[08:19:09] [HomeKit] Update Temperatur Garten
[08:23:00] [HomeKit] Update Wohnzimmer Rolllade Tür
[08:23:02] [HomeKit] Update Wohnzimmer Rolllade Fenster
[08:23:06] [HomeKit] Update Gäste WC Rolllade
[08:23:08] [HomeKit] Update Arbeitszimmer Rolllade Garten
[08:23:09] [HomeKit] Update Arbeitszimmer Rolllade Kindergarten
[08:23:09] [HomeKit] Update Schlafzimmer Rolllade
[08:24:22] [HomeKit] Update Feuchtigkeit Garten
[08:29:35] [HomeKit] Update Feuchtigkeit Garten
[08:30:00] [HomeKit] Update Nils Rolllade
[08:34:49] [HomeKit] Update Temperatur Garten
[08:34:49] [HomeKit] Update Feuchtigkeit Garten
[08:43:20] [HomeKit] Update Temperatur Wohnzimmer
[08:45:15] [HomeKit] Update Feuchtigkeit Garten
[08:48:33] [HomeKit] Update Temperatur Wohnzimmer
[08:50:28] [HomeKit] Update Feuchtigkeit Garten
[08:55:41] [HomeKit] Update Feuchtigkeit Garten
[08:58:59] [HomeKit] Update Temperatur Wohnzimmer
[09:04:12] [HomeKit] Update Temperatur Wohnzimmer
[09:06:07] [HomeKit] Update Temperatur Garten
[09:06:07] [HomeKit] Update Feuchtigkeit Garten
[09:11:20] [HomeKit] Update Feuchtigkeit Garten
[09:16:33] [HomeKit] Update Feuchtigkeit Garten
[09:21:46] [HomeKit] Update Temperatur Garten
[09:21:46] [HomeKit] Update Feuchtigkeit Garten
[09:26:59] [HomeKit] Update Feuchtigkeit Garten
[09:32:12] [HomeKit] Update Feuchtigkeit Garten
[09:37:25] [HomeKit] Update Feuchtigkeit Garten
[09:42:38] [HomeKit] Update Temperatur Garten
[09:47:51] [HomeKit] Update Feuchtigkeit Garten
[10:08:43] [HomeKit] Update Feuchtigkeit Garten
[10:13:56] [HomeKit] Update Temperatur Garten
[10:19:09] [HomeKit] Update Temperatur Garten
[10:19:09] [HomeKit] Update Feuchtigkeit Garten
[10:29:35] [HomeKit] Update Temperatur Garten
[10:34:48] [HomeKit] Update Feuchtigkeit Garten
[10:40:01] [HomeKit] Update Temperatur Garten
[10:40:01] [HomeKit] Update Feuchtigkeit Garten
[10:45:14] [HomeKit] Update Feuchtigkeit Garten
[11:00:53] [HomeKit] Update Feuchtigkeit Garten
[11:06:06] [HomeKit] Update Feuchtigkeit Garten
[11:11:19] [HomeKit] Update Feuchtigkeit Garten
[11:16:32] [HomeKit] Update Feuchtigkeit Garten
[11:21:45] [HomeKit] Update Temperatur Garten
[11:21:45] [HomeKit] Update Feuchtigkeit Garten
[11:30:17] [HomeKit] Update Temperatur Wohnzimmer
[11:33:56] [HomeKit] GET Anfrage für Feuchtigkeit Garten
[11:33:56] [HomeKit] GET Anfrage für Subwoofer Nils Zimmer
[11:33:56] [HomeKit] GET Anfrage (CurrentPosition): Nils Rolllade | Current State: 100
[11:33:56] [HomeKit] GET Anfrage (Target): Nils Rolllade | Current Target State: 100
[11:33:56] [HomeKit] GET Anfrage für Kompressor
[11:33:56] [HomeKit] GET Anfrage für Temperatur Garten
[11:33:56] [HomeKit] GET Anfrage für LED Kette Nils
[11:33:56] [HomeKit] GET Anfrage für Nils Dachboden Licht
[11:33:56] [HomeKit] GET Anfrage für Treppe Licht Pflanze
[11:33:56] [HomeKit] GET Anfrage für Nils Zimmer Licht
[11:47:50] [HomeKit] Update Temperatur Garten
[11:47:50] [HomeKit] Update Feuchtigkeit Garten
[11:53:03] [HomeKit] Update Feuchtigkeit Garten
[11:58:16] [HomeKit] Update Feuchtigkeit Garten
[12:03:29] [HomeKit] Update Feuchtigkeit Garten
[12:08:42] [HomeKit] Update Feuchtigkeit Garten
[12:13:55] [HomeKit] Update Feuchtigkeit Garten
[12:19:08] [HomeKit] Update Feuchtigkeit Garten
[12:24:22] [HomeKit] Update Feuchtigkeit Garten
[12:34:48] [HomeKit] Update Temperatur Garten
[12:34:48] [HomeKit] Update Feuchtigkeit Garten
[12:40:01] [HomeKit] Update Temperatur Garten
[12:40:01] [HomeKit] Update Feuchtigkeit Garten
[12:45:14] [HomeKit] Update Feuchtigkeit Garten
[12:50:27] [HomeKit] Update Temperatur Garten
[12:55:40] [HomeKit] Update Feuchtigkeit Garten
[13:00:53] [HomeKit] Update Temperatur Garten
[13:00:53] [HomeKit] Update Feuchtigkeit Garten
[13:06:06] [HomeKit] Update Temperatur Garten
[13:11:19] [HomeKit] Update Feuchtigkeit Garten
[13:16:32] [HomeKit] Update Feuchtigkeit Garten
[13:21:45] [HomeKit] Update Temperatur Garten
[13:21:45] [HomeKit] Update Feuchtigkeit Garten
[13:32:11] [HomeKit] Update Feuchtigkeit Garten
[13:37:24] [HomeKit] Update Feuchtigkeit Garten
[13:42:37] [HomeKit] Update Temperatur Garten
[13:42:37] [HomeKit] Update Feuchtigkeit Garten
[13:47:50] [HomeKit] Update Temperatur Garten
[13:47:50] [HomeKit] Update Feuchtigkeit Garten
[13:53:03] [HomeKit] Update Feuchtigkeit Garten
[13:58:16] [HomeKit] Update Temperatur Garten
[13:58:16] [HomeKit] Update Feuchtigkeit Garten
[14:03:29] [HomeKit] Update Feuchtigkeit Garten
[14:08:42] [HomeKit] Update Feuchtigkeit Garten
[14:13:55] [HomeKit] Update Temperatur Garten
[14:19:08] [HomeKit] Update Feuchtigkeit Garten
[14:24:21] [HomeKit] Update Temperatur Garten
[14:24:21] [HomeKit] Update Feuchtigkeit Garten
[14:29:34] [HomeKit] Update Temperatur Garten
[14:29:34] [HomeKit] Update Feuchtigkeit Garten
[14:34:47] [HomeKit] Update Feuchtigkeit Garten
[14:40:00] [HomeKit] Update Feuchtigkeit Garten
[14:50:26] [HomeKit] Update Feuchtigkeit Garten
[14:55:39] [HomeKit] Update Feuchtigkeit Garten
[15:00:52] [HomeKit] Update Temperatur Garten
[15:00:52] [HomeKit] Update Feuchtigkeit Garten
[15:06:05] [HomeKit] Update Temperatur Garten
[15:06:05] [HomeKit] Update Feuchtigkeit Garten
[15:11:18] [HomeKit] Update Feuchtigkeit Garten
[15:16:31] [HomeKit] Update Feuchtigkeit Garten
[15:21:44] [HomeKit] Update Temperatur Garten
[15:21:44] [HomeKit] Update Feuchtigkeit Garten
[15:26:57] [HomeKit] Update Temperatur Garten
[15:26:57] [HomeKit] Update Feuchtigkeit Garten
[15:32:10] [HomeKit] Update Temperatur Garten
[15:32:10] [HomeKit] Update Feuchtigkeit Garten
[15:37:23] [HomeKit] Update Feuchtigkeit Garten
[15:42:36] [HomeKit] Update Temperatur Garten
[15:42:36] [HomeKit] Update Feuchtigkeit Garten
[16:03:28] [HomeKit] Update Temperatur Garten
[16:03:29] [HomeKit] Update Feuchtigkeit Garten
[16:08:42] [HomeKit] Update Temperatur Garten
[16:08:42] [HomeKit] Update Feuchtigkeit Garten
[16:13:55] [HomeKit] Update Feuchtigkeit Garten
[16:19:08] [HomeKit] Update Feuchtigkeit Garten
[16:22:26] [HomeKit] Update Temperatur Wohnzimmer
[16:24:21] [HomeKit] Update Temperatur Garten
[16:24:21] [HomeKit] Update Feuchtigkeit Garten
[16:29:34] [HomeKit] Update Temperatur Garten
[16:29:34] [HomeKit] Update Feuchtigkeit Garten
[16:31:17] [HomeKit] SET Befehlt: false
[16:31:17] [HomeKit] AUSSSSSS
[16:31:17] [HomeKit] SET Befehltrue
[16:31:17] [HomeKit] ANNNNNNN
[16:31:17] [HomeKit] SET Befehlt: false
[16:31:17] [HomeKit] AUSSSSSS
[16:31:17] [HomeKit] SET Befehlt: true
[16:31:17] [HomeKit] ANNNNNNN
[16:31:17] [HomeKit] Callback
[16:31:17] [HomeKit] Callback
[16:31:17] [HomeKit] Callback
[16:34:47] [HomeKit] Update Feuchtigkeit Garten
[16:40:00] [HomeKit] Update Temperatur Garten
[16:40:00] [HomeKit] Update Feuchtigkeit Garten
[16:45:13] [HomeKit] Update Feuchtigkeit Garten
[16:50:26] [HomeKit] Update Temperatur Garten
[16:50:26] [HomeKit] Update Feuchtigkeit Garten
[16:55:39] [HomeKit] Update Feuchtigkeit Garten
[17:00:52] [HomeKit] Update Temperatur Garten
[17:00:52] [HomeKit] Update Feuchtigkeit Garten
[17:06:05] [HomeKit] Update Feuchtigkeit Garten
[17:09:17] [HomeKit] GET Anfrage für Feuchtigkeit Garten
[17:09:17] [HomeKit] GET Anfrage für Subwoofer Nils Zimmer
[17:09:17] [HomeKit] GET Anfrage (CurrentPosition): Nils Rolllade | Current State: 100
[17:09:17] [HomeKit] GET Anfrage (Target): Nils Rolllade | Current Target State: 100
[17:09:17] [HomeKit] GET Anfrage für Kompressor
[17:09:17] [HomeKit] GET Anfrage für Temperatur Garten
[17:09:17] [HomeKit] GET Anfrage für LED Kette Nils
[17:09:17] [HomeKit] GET Anfrage für Nils Dachboden Licht
[17:09:17] [HomeKit] GET Anfrage für Treppe Licht Pflanze
[17:09:17] [HomeKit] GET Anfrage für Nils Zimmer Licht
[17:11:18] [HomeKit] Update Temperatur Garten
[17:16:31] [HomeKit] Update Feuchtigkeit Garten
[17:19:49] [HomeKit] Update Feuchtigkeit Wohnzimmer
[17:21:44] [HomeKit] Update Temperatur Garten
[17:21:44] [HomeKit] Update Feuchtigkeit Garten
[17:26:57] [HomeKit] Update Feuchtigkeit Garten
[17:30:15] [HomeKit] Update Feuchtigkeit Wohnzimmer
[17:32:10] [HomeKit] Update Feuchtigkeit Garten
[17:35:28] [HomeKit] Update Feuchtigkeit Wohnzimmer
[17:37:00] [HomeKit] Update Gäste WC Rolllade
[17:37:02] [HomeKit] Update Wohnzimmer Rolllade Fenster
[17:37:03] [HomeKit] Update Küche Rolllade
[17:37:05] [HomeKit] Update Wohnzimmer Rolllade Tür
[17:37:10] [HomeKit] Update Nils Rolllade
[17:37:11] [HomeKit] Update Arbeitszimmer Rolllade Garten
[17:37:12] [HomeKit] Update Arbeitszimmer Rolllade Kindergarten
[17:37:13] [HomeKit] Update Schlafzimmer Rolllade
[17:37:23] [HomeKit] Update Feuchtigkeit Garten
[17:40:41] [HomeKit] Update Feuchtigkeit Wohnzimmer
[17:42:36] [HomeKit] Update Feuchtigkeit Garten
[17:43:58] [HomeKit] SET Befehlt: 0
[17:43:58] [HomeKit] AUSSSSSS
[17:43:58] [HomeKit] SET Befehl1
[17:43:58] [HomeKit] ANNNNNNN
[17:43:58] [HomeKit] SET Anfrage für Nils Rolllade. Wert ==> 100
[17:43:58] [HomeKit] SET Befehlt: 1
[17:43:58] [HomeKit] ANNNNNNN
[17:43:58] [HomeKit] SET Befehlt: false
[17:43:58] [HomeKit] AUSSSSSS
[17:43:58] [HomeKit] Callback
[17:43:58] [HomeKit] Callback
[17:43:58] [HomeKit] Callback
[17:43:58] [HomeKit] Update Nils Rolllade
[17:44:03] [HomeKit] GET Anfrage für Feuchtigkeit Garten
[17:44:03] [HomeKit] GET Anfrage für Subwoofer Nils Zimmer
[17:44:03] [HomeKit] GET Anfrage (CurrentPosition): Nils Rolllade | Current State: 100
[17:44:03] [HomeKit] GET Anfrage (Target): Nils Rolllade | Current Target State: 100
[17:44:03] [HomeKit] GET Anfrage für Kompressor
[17:44:03] [HomeKit] GET Anfrage für Temperatur Garten
[17:44:03] [HomeKit] GET Anfrage für LED Kette Nils
[17:44:03] [HomeKit] GET Anfrage für Nils Dachboden Licht
[17:44:03] [HomeKit] GET Anfrage für Treppe Licht Pflanze
[17:44:03] [HomeKit] GET Anfrage für Nils Zimmer Licht
[17:45:51] [HomeKit] GET Anfrage für LED Kette Nils
[17:45:51] [HomeKit] GET Anfrage für Nils Dachboden Licht
[17:45:51] [HomeKit] GET Anfrage für Kompressor
[17:45:51] [HomeKit] GET Anfrage (CurrentPosition): Nils Rolllade | Current State: 100
[17:45:51] [HomeKit] GET Anfrage (Target): Nils Rolllade | Current Target State: 100
[17:45:51] [HomeKit] GET Anfrage für Feuchtigkeit Garten
[17:45:51] [HomeKit] GET Anfrage für Temperatur Garten
[17:45:51] [HomeKit] GET Anfrage für Treppe Licht Pflanze
[17:45:51] [HomeKit] GET Anfrage für Subwoofer Nils Zimmer
[17:45:51] [HomeKit] GET Anfrage für Nils Zimmer Licht
[17:46:33] [HomeKit] GET Anfrage (Target): Küche Rolllade | Current Target State: 0
[17:46:33] [HomeKit] GET Anfrage (CurrentPosition): Küche Rolllade | Current State: 0
[17:46:33] [HomeKit] GET Anfrage für Treppe Licht Pflanze
[17:46:33] [HomeKit] GET Anfrage für LED Kette Nils
[17:46:33] [HomeKit] GET Anfrage (CurrentPosition): Nils Rolllade | Current State: 100
[17:46:33] [HomeKit] GET Anfrage (Target): Nils Rolllade | Current Target State: 100
[17:46:33] [HomeKit] GET Anfrage (Target): Gäste WC Rolllade | Current Target State: 0
[17:46:33] [HomeKit] GET Anfrage (CurrentPosition): Gäste WC Rolllade | Current State: 0
[17:46:33] [HomeKit] GET Anfrage (CurrentPosition): Wohnzimmer Rolllade Tür | Current State: 0
[17:46:33] [HomeKit] GET Anfrage (Target): Wohnzimmer Rolllade Tür | Current Target State: 0
[17:46:33] [HomeKit] GET Anfrage für Feuchtigkeit Garten
[17:46:33] [HomeKit] GET Anfrage (Target): Schlafzimmer Rolllade | Current Target State: 0
[17:46:33] [HomeKit] GET Anfrage (CurrentPosition): Schlafzimmer Rolllade | Current State: 0
[17:46:33] [HomeKit] GET Anfrage für Kompressor
[17:46:33] [HomeKit] GET Anfrage für Keller Licht
[17:46:33] [HomeKit] GET Anfrage für Nils Zimmer Licht
[17:46:33] [HomeKit] GET Anfrage (CurrentPosition): Wohnzimmer Rolllade Fenster | Current State: 0
[17:46:33] [HomeKit] GET Anfrage (Target): Wohnzimmer Rolllade Fenster | Current Target State: 0
[17:46:33] [HomeKit] GET Anfrage für Eingangs Flur Licht
[17:46:33] [HomeKit] GET Anfrage für Fernseher
[17:46:33] [HomeKit] GET Anfrage für Nils Dachboden Licht
[17:46:33] [HomeKit] GET Anfrage (Target): Arbeitszimmer Rolllade Garten | Current Target State: 0
[17:46:33] [HomeKit] GET Anfrage (CurrentPosition): Arbeitszimmer Rolllade Garten | Current State: 0
[17:46:33] [HomeKit] GET Anfrage für Subwoofer Nils Zimmer
[17:46:33] [HomeKit] GET Anfrage für Feuchtigkeit Wohnzimmer
[17:46:33] [HomeKit] GET Anfrage (CurrentPosition): Arbeitszimmer Rolllade Kindergarten | Current State: 0
[17:46:33] [HomeKit] GET Anfrage (Target): Arbeitszimmer Rolllade Kindergarten | Current Target State: 0
[17:46:33] [HomeKit] GET Anfrage für Brunnen
[17:46:33] [HomeKit] GET Anfrage für Temperatur Garten
[17:46:33] [HomeKit] GET Anfrage für Arbeitszimmer Licht
[17:47:49] [HomeKit] Update Temperatur Garten
[17:53:02] [HomeKit] Update Temperatur Garten
[17:53:02] [HomeKit] Update Feuchtigkeit Garten
[17:58:15] [HomeKit] Update Temperatur Garten
[17:58:15] [HomeKit] Update Feuchtigkeit Garten
[18:03:28] [HomeKit] Update Temperatur Garten
[18:03:28] [HomeKit] Update Feuchtigkeit Garten
[18:08:41] [HomeKit] Update Feuchtigkeit Garten
[18:11:59] [HomeKit] Update Feuchtigkeit Wohnzimmer
[18:13:54] [HomeKit] Update Temperatur Garten
[18:13:54] [HomeKit] Update Feuchtigkeit Garten
[18:17:12] [HomeKit] Update Temperatur Wohnzimmer
[18:17:12] [HomeKit] Update Feuchtigkeit Wohnzimmer
[18:19:07] [HomeKit] Update Temperatur Garten
[18:19:07] [HomeKit] Update Feuchtigkeit Garten
[18:22:25] [HomeKit] Update Temperatur Wohnzimmer
[18:22:25] [HomeKit] Update Feuchtigkeit Wohnzimmer
[18:24:20] [HomeKit] Update Temperatur Garten
[18:30:35] [HomeKit] SET Befehlt: true
[18:30:35] [HomeKit] ANNNNNNN
[18:30:35] [HomeKit] SET Befehltrue
[18:30:35] [HomeKit] ANNNNNNN
[18:30:35] [HomeKit] SET Befehlt: false
[18:30:35] [HomeKit] AUSSSSSS
[18:30:35] [HomeKit] SET Befehlt: false
[18:30:35] [HomeKit] AUSSSSSS
[18:30:35] [HomeKit] Callback
[18:30:35] [HomeKit] Callback
[18:30:35] [HomeKit] Callback
[18:32:51] [HomeKit] Update Feuchtigkeit Wohnzimmer
[18:34:46] [HomeKit] Update Temperatur Garten
[18:34:46] [HomeKit] Update Feuchtigkeit Garten
[18:45:12] [HomeKit] Update Temperatur Garten
[18:45:12] [HomeKit] Update Feuchtigkeit Garten
[18:48:30] [HomeKit] Update Feuchtigkeit Wohnzimmer
[18:53:43] [HomeKit] Update Temperatur Wohnzimmer
[18:53:43] [HomeKit] Update Feuchtigkeit Wohnzimmer
[18:55:38] [HomeKit] Update Temperatur Garten
[18:55:38] [HomeKit] Update Feuchtigkeit Garten
[18:58:56] [HomeKit] Update Feuchtigkeit Wohnzimmer
[19:00:51] [HomeKit] Update Temperatur Garten
[19:00:51] [HomeKit] Update Feuchtigkeit Garten
[19:04:09] [HomeKit] Update Temperatur Wohnzimmer
[19:04:09] [HomeKit] Update Feuchtigkeit Wohnzimmer
[19:06:04] [HomeKit] Update Temperatur Garten
[19:06:04] [HomeKit] Update Feuchtigkeit Garten
[19:11:17] [HomeKit] Update Feuchtigkeit Garten
[19:14:35] [HomeKit] Update Feuchtigkeit Wohnzimmer
[19:16:30] [HomeKit] Update Feuchtigkeit Garten
[19:21:43] [HomeKit] Update Feuchtigkeit Garten
[19:26:56] [HomeKit] Update Temperatur Garten
[19:26:56] [HomeKit] Update Feuchtigkeit Garten
[19:27:06] [HomeKit] GET Anfrage für Feuchtigkeit Garten
[19:27:06] [HomeKit] GET Anfrage für Subwoofer Nils Zimmer
[19:27:06] [HomeKit] GET Anfrage (CurrentPosition): Nils Rolllade | Current State: 100
[19:27:06] [HomeKit] GET Anfrage (Target): Nils Rolllade | Current Target State: 100
[19:27:06] [HomeKit] GET Anfrage für Kompressor
[19:27:06] [HomeKit] GET Anfrage für Temperatur Garten
[19:27:06] [HomeKit] GET Anfrage für LED Kette Nils
[19:27:06] [HomeKit] GET Anfrage für Nils Dachboden Licht
[19:27:06] [HomeKit] GET Anfrage für Treppe Licht Pflanze
[19:27:06] [HomeKit] GET Anfrage für Nils Zimmer Licht
[19:27:12] [HomeKit] GET Anfrage für Feuchtigkeit Garten
[19:27:12] [HomeKit] GET Anfrage für Subwoofer Nils Zimmer
[19:27:12] [HomeKit] GET Anfrage (CurrentPosition): Nils Rolllade | Current State: 100
[19:27:12] [HomeKit] GET Anfrage (Target): Nils Rolllade | Current Target State: 100
[19:27:12] [HomeKit] GET Anfrage für Kompressor
[19:27:12] [HomeKit] GET Anfrage für Temperatur Garten
[19:27:12] [HomeKit] GET Anfrage für LED Kette Nils
[19:27:12] [HomeKit] GET Anfrage für Nils Dachboden Licht
[19:27:12] [HomeKit] GET Anfrage für Treppe Licht Pflanze
[19:27:12] [HomeKit] GET Anfrage für Nils Zimmer Licht
[19:30:14] [HomeKit] Update Feuchtigkeit Wohnzimmer
[19:32:09] [HomeKit] Update Feuchtigkeit Garten
[19:37:22] [HomeKit] Update Feuchtigkeit Garten
[19:40:40] [HomeKit] Update Feuchtigkeit Wohnzimmer
[19:42:32] [HomeKit] SET Befehl1
[19:42:32] [HomeKit] ANNNNNNN
[19:42:32] [HomeKit] SET Befehlt: 0
[19:42:32] [HomeKit] AUSSSSSS
[19:42:32] [HomeKit] SET Befehlt: false
[19:42:32] [HomeKit] AUSSSSSS
[19:42:32] [HomeKit] SET Befehlt: 1
[19:42:32] [HomeKit] ANNNNNNN
[19:42:32] [HomeKit] SET Anfrage für Nils Rolllade. Wert ==> 100
[19:42:32] [HomeKit] Callback
[19:42:32] [HomeKit] Callback
[19:42:32] [HomeKit] Callback
[19:42:35] [HomeKit] Update Temperatur Garten
[19:53:02] [HomeKit] Update Temperatur Garten
[19:53:02] [HomeKit] Update Feuchtigkeit Garten
[20:01:32] [HomeKit] Update Feuchtigkeit Wohnzimmer
[20:03:28] [HomeKit] Update Temperatur Garten
[20:03:28] [HomeKit] Update Feuchtigkeit Garten
[20:08:41] [HomeKit] Update Feuchtigkeit Garten
[20:13:54] [HomeKit] Update Temperatur Garten
[20:16:24] [HomeKit] GET Anfrage für Feuchtigkeit Garten
[20:16:24] [HomeKit] GET Anfrage für Subwoofer Nils Zimmer
[20:16:24] [HomeKit] GET Anfrage (CurrentPosition): Nils Rolllade | Current State: 100
[20:16:24] [HomeKit] GET Anfrage (Target): Nils Rolllade | Current Target State: 100
[20:16:24] [HomeKit] GET Anfrage für Kompressor
[20:16:24] [HomeKit] GET Anfrage für Temperatur Garten
[20:16:24] [HomeKit] GET Anfrage für LED Kette Nils
[20:16:24] [HomeKit] GET Anfrage für Nils Dachboden Licht
[20:16:24] [HomeKit] GET Anfrage für Treppe Licht Pflanze
[20:16:24] [HomeKit] GET Anfrage für Nils Zimmer Licht
[20:16:54] [HomeKit] GET Anfrage für LED Kette Nils
[20:16:54] [HomeKit] GET Anfrage für Nils Dachboden Licht
[20:16:54] [HomeKit] GET Anfrage für Kompressor
[20:16:54] [HomeKit] GET Anfrage (CurrentPosition): Nils Rolllade | Current State: 100
[20:16:54] [HomeKit] GET Anfrage (Target): Nils Rolllade | Current Target State: 100
[20:16:54] [HomeKit] GET Anfrage für Feuchtigkeit Garten
[20:16:54] [HomeKit] GET Anfrage für Temperatur Garten
[20:16:54] [HomeKit] GET Anfrage für Treppe Licht Pflanze
[20:16:54] [HomeKit] GET Anfrage für Subwoofer Nils Zimmer
[20:16:54] [HomeKit] GET Anfrage für Nils Zimmer Licht
[20:17:02] [HomeKit] GET Anfrage für LED Kette Nils
[20:17:02] [HomeKit] GET Anfrage für Nils Dachboden Licht
[20:17:02] [HomeKit] GET Anfrage für Kompressor
[20:17:02] [HomeKit] GET Anfrage (CurrentPosition): Nils Rolllade | Current State: 100
[20:17:02] [HomeKit] GET Anfrage (Target): Nils Rolllade | Current Target State: 100
[20:17:02] [HomeKit] GET Anfrage für Feuchtigkeit Garten
[20:17:02] [HomeKit] GET Anfrage für Temperatur Garten
[20:17:02] [HomeKit] GET Anfrage für Treppe Licht Pflanze
[20:17:02] [HomeKit] GET Anfrage für Subwoofer Nils Zimmer
[20:17:02] [HomeKit] GET Anfrage für Nils Zimmer Licht
[20:17:05] [HomeKit] GET Anfrage für LED Kette Nils
[20:17:05] [HomeKit] GET Anfrage für Nils Dachboden Licht
[20:17:05] [HomeKit] GET Anfrage für Kompressor
[20:17:05] [HomeKit] GET Anfrage (CurrentPosition): Nils Rolllade | Current State: 100
[20:17:05] [HomeKit] GET Anfrage (Target): Nils Rolllade | Current Target State: 100
[20:17:05] [HomeKit] GET Anfrage für Feuchtigkeit Garten
[20:17:05] [HomeKit] GET Anfrage für Temperatur Garten
[20:17:05] [HomeKit] GET Anfrage für Treppe Licht Pflanze
[20:17:05] [HomeKit] GET Anfrage für Subwoofer Nils Zimmer
[20:17:05] [HomeKit] GET Anfrage für Nils Zimmer Licht
[20:17:11] [HomeKit] Update Feuchtigkeit Wohnzimmer
[20:19:07] [HomeKit] Update Temperatur Garten
[20:19:07] [HomeKit] Update Feuchtigkeit Garten
[20:24:20] [HomeKit] Update Feuchtigkeit Garten
[20:27:37] [HomeKit] Update Feuchtigkeit Wohnzimmer
[20:34:46] [HomeKit] Update Feuchtigkeit Garten
[20:50:25] [HomeKit] Update Feuchtigkeit Garten
[20:55:38] [HomeKit] Update Temperatur Garten
[20:55:38] [HomeKit] Update Feuchtigkeit Garten
[21:00:51] [HomeKit] Update Temperatur Garten
[21:00:51] [HomeKit] Update Feuchtigkeit Garten
[21:06:04] [HomeKit] Update Feuchtigkeit Garten
[21:09:21] [HomeKit] Update Feuchtigkeit Wohnzimmer
[21:11:17] [HomeKit] Update Feuchtigkeit Garten
[21:16:30] [HomeKit] Update Feuchtigkeit Garten
[21:21:43] [HomeKit] Update Feuchtigkeit Garten
[21:25:01] [HomeKit] Update Feuchtigkeit Wohnzimmer
[21:26:56] [HomeKit] Update Feuchtigkeit Garten
[21:32:09] [HomeKit] Update Feuchtigkeit Garten
[21:37:22] [HomeKit] Update Feuchtigkeit Garten
[21:40:40] [HomeKit] Update Feuchtigkeit Wohnzimmer
[21:45:47] [HomeKit] SET Befehlt: true
[21:45:47] [HomeKit] ANNNNNNN
[21:45:47] [HomeKit] SET Befehltrue
[21:45:47] [HomeKit] ANNNNNNN
[21:45:47] [HomeKit] SET Befehlt: false
[21:45:47] [HomeKit] AUSSSSSS
[21:45:47] [HomeKit] SET Befehlt: false
[21:45:47] [HomeKit] AUSSSSSS
[21:45:47] [HomeKit] Callback
[21:45:47] [HomeKit] Callback
[21:45:47] [HomeKit] Callback
[21:47:48] [HomeKit] Update Temperatur Garten
[21:47:48] [HomeKit] Update Feuchtigkeit Garten
[21:50:28] [HomeKit] GET Anfrage (CurrentPosition): Küche Rolllade | Current State: 0
[21:50:28] [HomeKit] GET Anfrage (Target): Küche Rolllade | Current Target State: 0
[21:50:28] [HomeKit] GET Anfrage für Treppe Licht Pflanze
[21:50:28] [HomeKit] GET Anfrage für LED Kette Nils
[21:50:28] [HomeKit] GET Anfrage (Target): Nils Rolllade | Current Target State: 100
[21:50:28] [HomeKit] GET Anfrage (CurrentPosition): Nils Rolllade | Current State: 100
[21:50:28] [HomeKit] GET Anfrage (CurrentPosition): Gäste WC Rolllade | Current State: 0
[21:50:28] [HomeKit] GET Anfrage (Target): Gäste WC Rolllade | Current Target State: 0
[21:50:28] [HomeKit] GET Anfrage für Keller Licht
[21:50:28] [HomeKit] GET Anfrage (CurrentPosition): Wohnzimmer Rolllade Tür | Current State: 0
[21:50:28] [HomeKit] GET Anfrage (Target): Wohnzimmer Rolllade Tür | Current Target State: 0
[21:50:28] [HomeKit] GET Anfrage für Nils Zimmer Licht
[21:50:28] [HomeKit] GET Anfrage (CurrentPosition): Schlafzimmer Rolllade | Current State: 0
[21:50:28] [HomeKit] GET Anfrage (Target): Schlafzimmer Rolllade | Current Target State: 0
[21:50:28] [HomeKit] GET Anfrage für Kompressor
[21:50:28] [HomeKit] GET Anfrage für Feuchtigkeit Garten
[21:50:28] [HomeKit] GET Anfrage (CurrentPosition): Wohnzimmer Rolllade Fenster | Current State: 0
[21:50:28] [HomeKit] GET Anfrage (Target): Wohnzimmer Rolllade Fenster | Current Target State: 0
[21:50:28] [HomeKit] GET Anfrage für Eingangs Flur Licht
[21:50:28] [HomeKit] GET Anfrage für Fernseher
[21:50:28] [HomeKit] GET Anfrage für Nils Dachboden Licht
[21:50:28] [HomeKit] GET Anfrage (CurrentPosition): Arbeitszimmer Rolllade Garten | Current State: 0
[21:50:28] [HomeKit] GET Anfrage (Target): Arbeitszimmer Rolllade Garten | Current Target State: 0
[21:50:28] [HomeKit] GET Anfrage für Subwoofer Nils Zimmer
[21:50:28] [HomeKit] GET Anfrage (Target): Arbeitszimmer Rolllade Kindergarten | Current Target State: 0
[21:50:28] [HomeKit] GET Anfrage (CurrentPosition): Arbeitszimmer Rolllade Kindergarten | Current State: 0
[21:50:28] [HomeKit] GET Anfrage für Feuchtigkeit Wohnzimmer
[21:50:28] [HomeKit] GET Anfrage für Temperatur Garten
[21:50:28] [HomeKit] GET Anfrage für Arbeitszimmer Licht
[21:50:28] [HomeKit] GET Anfrage für Brunnen
[21:50:30] [HomeKit] SET Befehlt: 0
[21:50:30] [HomeKit] AUSSSSSS
[21:50:30] [HomeKit] Callback
[21:50:31] [HomeKit] SET Befehlt: 0
[21:50:31] [HomeKit] AUSSSSSS
[21:50:31] [HomeKit] Callback
[21:50:32] [HomeKit] SET Befehl0
[21:50:32] [HomeKit] AUSSSSSS
[21:50:33] [HomeKit] SET Anfrage für Nils Rolllade. Wert ==> 0
[21:50:33] [HomeKit] Update Nils Rolllade
[21:50:48] [HomeKit] GET Anfrage für LED Kette Nils
[21:50:48] [HomeKit] GET Anfrage für Nils Dachboden Licht
[21:50:48] [HomeKit] GET Anfrage für Kompressor
[21:50:48] [HomeKit] GET Anfrage (CurrentPosition): Nils Rolllade | Current State: 0
[21:50:48] [HomeKit] GET Anfrage (Target): Nils Rolllade | Current Target State: 0
[21:50:48] [HomeKit] GET Anfrage für Feuchtigkeit Garten
[21:50:48] [HomeKit] GET Anfrage für Temperatur Garten
[21:50:48] [HomeKit] GET Anfrage für Treppe Licht Pflanze
[21:50:48] [HomeKit] GET Anfrage für Subwoofer Nils Zimmer
[21:50:48] [HomeKit] GET Anfrage für Nils Zimmer Licht
[21:53:01] [HomeKit] Update Feuchtigkeit Garten
[21:56:19] [HomeKit] Update Feuchtigkeit Wohnzimmer
[21:58:14] [HomeKit] Update Temperatur Garten
[22:01:32] [HomeKit] Update Feuchtigkeit Wohnzimmer
[22:03:27] [HomeKit] Update Feuchtigkeit Garten
[22:08:40] [HomeKit] Update Temperatur Garten
[22:08:40] [HomeKit] Update Feuchtigkeit Garten
[22:13:53] [HomeKit] Update Temperatur Garten
[22:17:11] [HomeKit] Update Feuchtigkeit Wohnzimmer
[22:19:06] [HomeKit] Update Temperatur Garten
[22:19:06] [HomeKit] Update Feuchtigkeit Garten
[22:29:32] [HomeKit] Update Feuchtigkeit Garten
[22:48:29] [HomeKit] Update Temperatur Wohnzimmer
[22:50:24] [HomeKit] Update Feuchtigkeit Garten
[22:55:37] [HomeKit] Update Temperatur Garten
[22:55:37] [HomeKit] Update Feuchtigkeit Garten
[23:00:50] [HomeKit] Update Feuchtigkeit Garten
[23:06:03] [HomeKit] Update Temperatur Garten
[23:11:16] [HomeKit] Update Feuchtigkeit Garten
[23:21:42] [HomeKit] Update Feuchtigkeit Garten
[23:26:55] [HomeKit] Update Feuchtigkeit Garten
[23:37:22] [HomeKit] Update Temperatur Garten
[23:42:35] [HomeKit] Update Temperatur Garten
[23:47:48] [HomeKit] Update Feuchtigkeit Garten
