[00:07:15] [HomeKit] Update Feuchtigkeit Wohnzimmer
[00:09:03] [HomeKit] Update Feuchtigkeit Garten
[00:17:41] [HomeKit] Update Feuchtigkeit Wohnzimmer
[00:33:20] [HomeKit] Update Temperatur Wohnzimmer
[00:33:20] [HomeKit] Update Feuchtigkeit Wohnzimmer
[00:35:08] [HomeKit] Update Temperatur Garten
[00:35:08] [HomeKit] Update Feuchtigkeit Garten
[00:40:21] [HomeKit] Update Feuchtigkeit Garten
[00:43:46] [HomeKit] Update Feuchtigkeit Wohnzimmer
[00:45:34] [HomeKit] Update Temperatur Garten
[00:49:00] [HomeKit] Update Feuchtigkeit Wohnzimmer
[00:50:47] [HomeKit] Update Feuchtigkeit Garten
[00:54:13] [HomeKit] Update Feuchtigkeit Wohnzimmer
[00:56:00] [HomeKit] Update Feuchtigkeit Garten
[01:01:13] [HomeKit] Update Feuchtigkeit Garten
[01:04:39] [HomeKit] Update Feuchtigkeit Wohnzimmer
[01:09:52] [HomeKit] Update Feuchtigkeit Wohnzimmer
[01:15:05] [HomeKit] Update Feuchtigkeit Wohnzimmer
[01:20:18] [HomeKit] Update Feuchtigkeit Wohnzimmer
[01:22:05] [HomeKit] Update Temperatur Garten
[01:22:05] [HomeKit] Update Feuchtigkeit Garten
[01:25:31] [HomeKit] Update Feuchtigkeit Wohnzimmer
[01:32:31] [HomeKit] Update Feuchtigkeit Garten
[01:35:57] [HomeKit] Update Feuchtigkeit Wohnzimmer
[01:48:10] [HomeKit] Update Feuchtigkeit Garten
[01:51:36] [HomeKit] Update Feuchtigkeit Wohnzimmer
[01:58:36] [HomeKit] Update Feuchtigkeit Garten
[02:02:02] [HomeKit] Update Feuchtigkeit Wohnzimmer
[02:03:49] [HomeKit] Update Temperatur Garten
[02:03:49] [HomeKit] Update Feuchtigkeit Garten
[02:09:02] [HomeKit] Update Feuchtigkeit Garten
[02:17:41] [HomeKit] Update Feuchtigkeit Wohnzimmer
[02:19:28] [HomeKit] Update Feuchtigkeit Garten
[02:22:54] [HomeKit] Update Feuchtigkeit Wohnzimmer
[02:24:41] [HomeKit] Update Feuchtigkeit Garten
[02:33:20] [HomeKit] Update Feuchtigkeit Wohnzimmer
[02:35:07] [HomeKit] Update Feuchtigkeit Garten
[02:38:33] [HomeKit] Update Temperatur Wohnzimmer
[02:38:33] [HomeKit] Update Feuchtigkeit Wohnzimmer
[02:40:20] [HomeKit] Update Feuchtigkeit Garten
[02:43:46] [HomeKit] Update Feuchtigkeit Wohnzimmer
[02:48:59] [HomeKit] Update Feuchtigkeit Wohnzimmer
[02:50:46] [HomeKit] Update Feuchtigkeit Garten
[03:04:38] [HomeKit] Update Feuchtigkeit Wohnzimmer
[03:06:26] [HomeKit] Update Feuchtigkeit Garten
[03:09:51] [HomeKit] Update Feuchtigkeit Wohnzimmer
[03:15:04] [HomeKit] Update Feuchtigkeit Wohnzimmer
[03:16:52] [HomeKit] Update Feuchtigkeit Garten
[03:22:05] [HomeKit] Update Feuchtigkeit Garten
[03:27:18] [HomeKit] Update Feuchtigkeit Garten
[03:32:31] [HomeKit] Update Temperatur Garten
[03:32:31] [HomeKit] Update Feuchtigkeit Garten
[03:35:56] [HomeKit] Update Feuchtigkeit Wohnzimmer
[03:37:44] [HomeKit] Update Feuchtigkeit Garten
[03:42:57] [HomeKit] Update Feuchtigkeit Garten
[03:48:10] [HomeKit] Update Feuchtigkeit Garten
[03:56:48] [HomeKit] Update Feuchtigkeit Wohnzimmer
[03:58:36] [HomeKit] Update Feuchtigkeit Garten
[04:07:14] [HomeKit] Update Temperatur Wohnzimmer
[04:07:14] [HomeKit] Update Feuchtigkeit Wohnzimmer
[04:09:02] [HomeKit] Update Temperatur Garten
[04:12:27] [HomeKit] Update Feuchtigkeit Wohnzimmer
[04:14:15] [HomeKit] Update Feuchtigkeit Garten
[04:17:40] [HomeKit] Update Feuchtigkeit Wohnzimmer
[04:19:28] [HomeKit] Update Feuchtigkeit Garten
[04:22:53] [HomeKit] Update Feuchtigkeit Wohnzimmer
[04:29:54] [HomeKit] Update Temperatur Garten
[04:29:54] [HomeKit] Update Feuchtigkeit Garten
[04:35:07] [HomeKit] Update Temperatur Garten
[04:38:32] [HomeKit] Update Feuchtigkeit Wohnzimmer
[04:40:20] [HomeKit] Update Feuchtigkeit Garten
[04:45:33] [HomeKit] Update Feuchtigkeit Garten
[04:48:58] [HomeKit] Update Feuchtigkeit Wohnzimmer
[04:50:46] [HomeKit] Update Temperatur Garten
[04:50:46] [HomeKit] Update Feuchtigkeit Garten
[04:54:11] [HomeKit] Update Feuchtigkeit Wohnzimmer
[04:55:59] [HomeKit] Update Feuchtigkeit Garten
[05:01:12] [HomeKit] Update Feuchtigkeit Garten
[05:06:25] [HomeKit] Update Feuchtigkeit Garten
[05:09:50] [HomeKit] Update Feuchtigkeit Wohnzimmer
[05:16:51] [HomeKit] Update Feuchtigkeit Garten
[05:22:04] [HomeKit] Update Temperatur Garten
[05:25:29] [HomeKit] Update Feuchtigkeit Wohnzimmer
[05:37:43] [HomeKit] Update Feuchtigkeit Garten
[05:41:08] [HomeKit] Update Feuchtigkeit Wohnzimmer
[05:49:15] [HomeKit] Update Küche Rolllade
[05:49:22] [HomeKit] Update Küche Rolllade
[05:53:22] [HomeKit] Update Temperatur Garten
[06:02:00] [HomeKit] Update Feuchtigkeit Wohnzimmer
[06:03:48] [HomeKit] Update Feuchtigkeit Garten
[06:07:13] [HomeKit] Update Feuchtigkeit Wohnzimmer
[06:09:01] [HomeKit] Update Feuchtigkeit Garten
[06:12:26] [HomeKit] Update Feuchtigkeit Wohnzimmer
[06:14:14] [HomeKit] Update Temperatur Garten
[06:14:14] [HomeKit] Update Feuchtigkeit Garten
[06:19:27] [HomeKit] Update Temperatur Garten
[06:19:27] [HomeKit] Update Feuchtigkeit Garten
[06:22:52] [HomeKit] Update Feuchtigkeit Wohnzimmer
[06:23:30] [HomeKit] GET Anfrage für LED Kette Nils
[06:23:30] [HomeKit] GET Anfrage für Nils Dachboden Licht
[06:23:30] [HomeKit] GET Anfrage für Kompressor
[06:23:30] [HomeKit] GET Anfrage (Target): Nils Rolllade | Current Target State: 0
[06:23:30] [HomeKit] GET Anfrage (CurrentPosition): Nils Rolllade | Current State: 0
[06:23:30] [HomeKit] GET Anfrage für Temperatur Garten
[06:23:30] [HomeKit] GET Anfrage für Feuchtigkeit Garten
[06:23:30] [HomeKit] GET Anfrage für Treppe Licht Pflanze
[06:23:30] [HomeKit] GET Anfrage für Nils Zimmer Licht
[06:23:30] [HomeKit] GET Anfrage für Subwoofer Nils Zimmer
[06:23:49] [HomeKit] GET Anfrage für LED Kette Nils
[06:23:49] [HomeKit] GET Anfrage für Nils Dachboden Licht
[06:23:49] [HomeKit] GET Anfrage für Kompressor
[06:23:49] [HomeKit] GET Anfrage (Target): Nils Rolllade | Current Target State: 0
[06:23:49] [HomeKit] GET Anfrage (CurrentPosition): Nils Rolllade | Current State: 0
[06:23:49] [HomeKit] GET Anfrage für Temperatur Garten
[06:23:49] [HomeKit] GET Anfrage für Feuchtigkeit Garten
[06:23:49] [HomeKit] GET Anfrage für Treppe Licht Pflanze
[06:23:49] [HomeKit] GET Anfrage für Nils Zimmer Licht
[06:23:49] [HomeKit] GET Anfrage für Subwoofer Nils Zimmer
[06:24:36] [HomeKit] GET Anfrage für LED Kette Nils
[06:24:36] [HomeKit] GET Anfrage für Nils Dachboden Licht
[06:24:36] [HomeKit] GET Anfrage für Kompressor
[06:24:36] [HomeKit] GET Anfrage (Target): Nils Rolllade | Current Target State: 0
[06:24:36] [HomeKit] GET Anfrage (CurrentPosition): Nils Rolllade | Current State: 0
[06:24:36] [HomeKit] GET Anfrage für Temperatur Garten
[06:24:36] [HomeKit] GET Anfrage für Feuchtigkeit Garten
[06:24:36] [HomeKit] GET Anfrage für Treppe Licht Pflanze
[06:24:36] [HomeKit] GET Anfrage für Nils Zimmer Licht
[06:24:36] [HomeKit] GET Anfrage für Subwoofer Nils Zimmer
[06:26:57] [HomeKit] Update Gäste WC Rolllade
[06:27:03] [HomeKit] Update Gäste WC Rolllade
[06:28:05] [HomeKit] Update Feuchtigkeit Wohnzimmer
[06:33:18] [HomeKit] Update Feuchtigkeit Wohnzimmer
[06:35:06] [HomeKit] Update Feuchtigkeit Garten
[06:36:07] [HomeKit] Update Küche Rolllade
[06:36:37] [HomeKit] Update Küche Rolllade
[06:40:19] [HomeKit] Update Feuchtigkeit Garten
[06:44:47] [HomeKit] GET Anfrage für Feuchtigkeit Garten
[06:44:47] [HomeKit] GET Anfrage für Subwoofer Nils Zimmer
[06:44:47] [HomeKit] GET Anfrage (Target): Nils Rolllade | Current Target State: 0
[06:44:47] [HomeKit] GET Anfrage (CurrentPosition): Nils Rolllade | Current State: 0
[06:44:47] [HomeKit] GET Anfrage für Kompressor
[06:44:47] [HomeKit] GET Anfrage für Temperatur Garten
[06:44:47] [HomeKit] GET Anfrage für LED Kette Nils
[06:44:47] [HomeKit] GET Anfrage für Nils Dachboden Licht
[06:44:47] [HomeKit] GET Anfrage für Treppe Licht Pflanze
[06:44:47] [HomeKit] GET Anfrage für Nils Zimmer Licht
[06:45:29] [HomeKit] GET Anfrage für Feuchtigkeit Garten
[06:45:29] [HomeKit] GET Anfrage für Subwoofer Nils Zimmer
[06:45:29] [HomeKit] GET Anfrage (Target): Nils Rolllade | Current Target State: 0
[06:45:29] [HomeKit] GET Anfrage (CurrentPosition): Nils Rolllade | Current State: 0
[06:45:29] [HomeKit] GET Anfrage für Kompressor
[06:45:29] [HomeKit] GET Anfrage für Temperatur Garten
[06:45:29] [HomeKit] GET Anfrage für LED Kette Nils
[06:45:29] [HomeKit] GET Anfrage für Nils Dachboden Licht
[06:45:29] [HomeKit] GET Anfrage für Treppe Licht Pflanze
[06:45:29] [HomeKit] GET Anfrage für Nils Zimmer Licht
[06:45:32] [HomeKit] Update Temperatur Garten
[06:48:58] [HomeKit] Update Feuchtigkeit Wohnzimmer
[06:49:05] [HomeKit] Update Gäste WC Rolllade
[06:50:45] [HomeKit] Update Feuchtigkeit Garten
[06:54:11] [HomeKit] Update Temperatur Wohnzimmer
[06:54:11] [HomeKit] Update Feuchtigkeit Wohnzimmer
[07:01:12] [HomeKit] Update Temperatur Garten
[07:09:50] [HomeKit] Update Feuchtigkeit Wohnzimmer
[07:11:38] [HomeKit] Update Temperatur Garten
[07:15:03] [HomeKit] Update Feuchtigkeit Wohnzimmer
[07:20:16] [HomeKit] Update Temperatur Wohnzimmer
[07:20:16] [HomeKit] Update Feuchtigkeit Wohnzimmer
[07:22:04] [HomeKit] Update Feuchtigkeit Garten
[07:30:42] [HomeKit] Update Temperatur Wohnzimmer
[07:30:42] [HomeKit] Update Feuchtigkeit Wohnzimmer
[07:32:30] [HomeKit] Update Feuchtigkeit Garten
[07:41:08] [HomeKit] Update Feuchtigkeit Wohnzimmer
[07:42:56] [HomeKit] Update Feuchtigkeit Garten
[07:46:21] [HomeKit] Update Feuchtigkeit Wohnzimmer
[07:48:09] [HomeKit] Update Feuchtigkeit Garten
[07:53:22] [HomeKit] Update Feuchtigkeit Garten
[07:56:47] [HomeKit] Update Feuchtigkeit Wohnzimmer
[08:02:00] [HomeKit] Update Feuchtigkeit Wohnzimmer
[08:03:48] [HomeKit] Update Temperatur Garten
[08:09:01] [HomeKit] Update Temperatur Garten
[08:12:26] [HomeKit] Update Feuchtigkeit Wohnzimmer
[08:17:39] [HomeKit] Update Feuchtigkeit Wohnzimmer
[08:18:00] [HomeKit] Update Wohnzimmer Rolllade Tür
[08:18:02] [HomeKit] Update Wohnzimmer Rolllade Fenster
[08:18:06] [HomeKit] Update Gäste WC Rolllade
[08:18:08] [HomeKit] Update Arbeitszimmer Rolllade Garten
[08:18:09] [HomeKit] Update Arbeitszimmer Rolllade Kindergarten
[08:18:09] [HomeKit] Update Schlafzimmer Rolllade
[08:18:14] [HomeKit] GET Anfrage für Feuchtigkeit Garten
[08:18:14] [HomeKit] GET Anfrage für Subwoofer Nils Zimmer
[08:18:14] [HomeKit] GET Anfrage (Target): Nils Rolllade | Current Target State: 0
[08:18:14] [HomeKit] GET Anfrage (CurrentPosition): Nils Rolllade | Current State: 0
[08:18:14] [HomeKit] GET Anfrage für Kompressor
[08:18:14] [HomeKit] GET Anfrage für Temperatur Garten
[08:18:14] [HomeKit] GET Anfrage für LED Kette Nils
[08:18:14] [HomeKit] GET Anfrage für Nils Dachboden Licht
[08:18:14] [HomeKit] GET Anfrage für Treppe Licht Pflanze
[08:18:14] [HomeKit] GET Anfrage für Nils Zimmer Licht
[08:22:52] [HomeKit] Update Feuchtigkeit Wohnzimmer
[08:24:40] [HomeKit] Update Feuchtigkeit Garten
[08:28:05] [HomeKit] Update Feuchtigkeit Wohnzimmer
[08:29:53] [HomeKit] Update Feuchtigkeit Garten
[08:30:00] [HomeKit] Update Nils Rolllade
[08:33:18] [HomeKit] Update Feuchtigkeit Wohnzimmer
[08:38:31] [HomeKit] Update Feuchtigkeit Wohnzimmer
[08:45:32] [HomeKit] Update Temperatur Garten
[08:45:32] [HomeKit] Update Feuchtigkeit Garten
[08:50:45] [HomeKit] Update Feuchtigkeit Garten
[08:54:10] [HomeKit] Update Feuchtigkeit Wohnzimmer
[08:59:23] [HomeKit] Update Feuchtigkeit Wohnzimmer
[09:06:24] [HomeKit] Update Feuchtigkeit Garten
[09:09:49] [HomeKit] Update Feuchtigkeit Wohnzimmer
[09:11:37] [HomeKit] Update Feuchtigkeit Garten
[09:16:50] [HomeKit] Update Feuchtigkeit Garten
[09:22:03] [HomeKit] Update Feuchtigkeit Garten
[09:25:28] [HomeKit] Update Temperatur Wohnzimmer
[09:25:28] [HomeKit] Update Feuchtigkeit Wohnzimmer
[09:27:16] [HomeKit] Update Feuchtigkeit Garten
[09:30:41] [HomeKit] Update Feuchtigkeit Wohnzimmer
[09:32:29] [HomeKit] Update Temperatur Garten
[09:32:29] [HomeKit] Update Feuchtigkeit Garten
[09:35:54] [HomeKit] Update Feuchtigkeit Wohnzimmer
[09:37:42] [HomeKit] Update Feuchtigkeit Garten
[09:41:07] [HomeKit] Update Feuchtigkeit Wohnzimmer
[09:42:55] [HomeKit] Update Feuchtigkeit Garten
[09:46:20] [HomeKit] Update Feuchtigkeit Wohnzimmer
[09:48:08] [HomeKit] Update Temperatur Garten
[09:48:08] [HomeKit] Update Feuchtigkeit Garten
[09:53:21] [HomeKit] Update Feuchtigkeit Garten
[09:58:34] [HomeKit] Update Feuchtigkeit Garten
[10:01:59] [HomeKit] Update Feuchtigkeit Wohnzimmer
[10:03:47] [HomeKit] Update Feuchtigkeit Garten
[10:07:12] [HomeKit] Update Feuchtigkeit Wohnzimmer
[10:07:45] [HomeKit] GET Anfrage für Feuchtigkeit Garten
[10:07:45] [HomeKit] GET Anfrage für Subwoofer Nils Zimmer
[10:07:45] [HomeKit] GET Anfrage (Target): Nils Rolllade | Current Target State: 100
[10:07:45] [HomeKit] GET Anfrage (CurrentPosition): Nils Rolllade | Current State: 100
[10:07:45] [HomeKit] GET Anfrage für Kompressor
[10:07:45] [HomeKit] GET Anfrage für Temperatur Garten
[10:07:45] [HomeKit] GET Anfrage für LED Kette Nils
[10:07:45] [HomeKit] GET Anfrage für Nils Dachboden Licht
[10:07:45] [HomeKit] GET Anfrage für Treppe Licht Pflanze
[10:07:45] [HomeKit] GET Anfrage für Nils Zimmer Licht
[10:14:13] [HomeKit] Update Feuchtigkeit Garten
[10:19:26] [HomeKit] Update Temperatur Garten
[10:19:26] [HomeKit] Update Feuchtigkeit Garten
[10:24:39] [HomeKit] Update Feuchtigkeit Garten
[10:28:04] [HomeKit] Update Feuchtigkeit Wohnzimmer
[10:29:52] [HomeKit] Update Temperatur Garten
[10:29:52] [HomeKit] Update Feuchtigkeit Garten
[10:35:05] [HomeKit] Update Feuchtigkeit Garten
[10:40:18] [HomeKit] Update Temperatur Garten
[10:45:32] [HomeKit] Update Temperatur Garten
[10:45:32] [HomeKit] Update Feuchtigkeit Garten
[10:50:45] [HomeKit] Update Temperatur Garten
[10:50:45] [HomeKit] Update Feuchtigkeit Garten
[10:55:58] [HomeKit] Update Temperatur Garten
[10:55:58] [HomeKit] Update Feuchtigkeit Garten
[10:59:22] [HomeKit] Update Feuchtigkeit Wohnzimmer
[11:01:11] [HomeKit] Update Temperatur Garten
[11:01:11] [HomeKit] Update Feuchtigkeit Garten
[11:06:24] [HomeKit] Update Temperatur Garten
[11:06:24] [HomeKit] Update Feuchtigkeit Garten
[11:09:48] [HomeKit] Update Feuchtigkeit Wohnzimmer
[11:11:37] [HomeKit] Update Feuchtigkeit Garten
[11:15:01] [HomeKit] Update Feuchtigkeit Wohnzimmer
[11:16:50] [HomeKit] Update Temperatur Garten
[11:16:50] [HomeKit] Update Feuchtigkeit Garten
[11:22:03] [HomeKit] Update Temperatur Garten
[11:22:03] [HomeKit] Update Feuchtigkeit Garten
[11:27:16] [HomeKit] Update Feuchtigkeit Garten
[11:30:40] [HomeKit] Update Feuchtigkeit Wohnzimmer
[11:32:29] [HomeKit] Update Temperatur Garten
[11:32:29] [HomeKit] Update Feuchtigkeit Garten
[11:35:53] [HomeKit] Update Temperatur Wohnzimmer
[11:35:53] [HomeKit] Update Feuchtigkeit Wohnzimmer
[11:37:42] [HomeKit] Update Feuchtigkeit Garten
[11:41:06] [HomeKit] Update Temperatur Wohnzimmer
[11:41:06] [HomeKit] Update Feuchtigkeit Wohnzimmer
[11:42:55] [HomeKit] Update Temperatur Garten
[11:42:55] [HomeKit] Update Feuchtigkeit Garten
[11:48:08] [HomeKit] Update Temperatur Garten
[11:48:08] [HomeKit] Update Feuchtigkeit Garten
[11:53:21] [HomeKit] Update Temperatur Garten
[11:53:21] [HomeKit] Update Feuchtigkeit Garten
[11:56:45] [HomeKit] Update Temperatur Wohnzimmer
[11:56:45] [HomeKit] Update Feuchtigkeit Wohnzimmer
[11:58:34] [HomeKit] Update Feuchtigkeit Garten
[12:03:47] [HomeKit] Update Temperatur Garten
[12:03:47] [HomeKit] Update Feuchtigkeit Garten
[12:07:11] [HomeKit] Update Feuchtigkeit Wohnzimmer
[12:09:00] [HomeKit] Update Feuchtigkeit Garten
[12:14:13] [HomeKit] Update Feuchtigkeit Garten
[12:19:26] [HomeKit] Update Feuchtigkeit Garten
[12:24:39] [HomeKit] Update Temperatur Garten
[12:24:39] [HomeKit] Update Feuchtigkeit Garten
[12:29:52] [HomeKit] Update Feuchtigkeit Garten
[12:34:22] [HomeKit] GET Anfrage für Feuchtigkeit Garten
[12:34:22] [HomeKit] GET Anfrage für Subwoofer Nils Zimmer
[12:34:22] [HomeKit] GET Anfrage (Target): Nils Rolllade | Current Target State: 100
[12:34:22] [HomeKit] GET Anfrage (CurrentPosition): Nils Rolllade | Current State: 100
[12:34:22] [HomeKit] GET Anfrage für Kompressor
[12:34:22] [HomeKit] GET Anfrage für Temperatur Garten
[12:34:22] [HomeKit] GET Anfrage für LED Kette Nils
[12:34:22] [HomeKit] GET Anfrage für Nils Dachboden Licht
[12:34:22] [HomeKit] GET Anfrage für Treppe Licht Pflanze
[12:34:22] [HomeKit] GET Anfrage für Nils Zimmer Licht
[12:35:05] [HomeKit] Update Feuchtigkeit Garten
[12:40:18] [HomeKit] Update Temperatur Garten
[12:40:18] [HomeKit] Update Feuchtigkeit Garten
[12:43:43] [HomeKit] Update Feuchtigkeit Wohnzimmer
[12:45:31] [HomeKit] Update Temperatur Garten
[12:50:44] [HomeKit] Update Temperatur Garten
[12:50:44] [HomeKit] Update Feuchtigkeit Garten
[12:55:57] [HomeKit] Update Temperatur Garten
[12:55:57] [HomeKit] Update Feuchtigkeit Garten
[13:01:10] [HomeKit] Update Temperatur Garten
[13:01:10] [HomeKit] Update Feuchtigkeit Garten
[13:06:23] [HomeKit] Update Temperatur Garten
[13:06:23] [HomeKit] Update Feuchtigkeit Garten
[13:09:48] [HomeKit] Update Feuchtigkeit Wohnzimmer
[13:11:36] [HomeKit] Update Temperatur Garten
[13:11:36] [HomeKit] Update Feuchtigkeit Garten
[13:15:01] [HomeKit] Update Feuchtigkeit Wohnzimmer
[13:16:49] [HomeKit] Update Temperatur Garten
[13:16:49] [HomeKit] Update Feuchtigkeit Garten
[13:20:14] [HomeKit] Update Feuchtigkeit Wohnzimmer
[13:22:02] [HomeKit] Update Temperatur Garten
[13:22:02] [HomeKit] Update Feuchtigkeit Garten
[13:27:15] [HomeKit] Update Temperatur Garten
[13:27:15] [HomeKit] Update Feuchtigkeit Garten
[13:32:28] [HomeKit] Update Temperatur Garten
[13:32:28] [HomeKit] Update Feuchtigkeit Garten
[13:35:53] [HomeKit] Update Feuchtigkeit Wohnzimmer
[13:37:41] [HomeKit] Update Temperatur Garten
[13:37:41] [HomeKit] Update Feuchtigkeit Garten
[13:40:01] [HomeKit] GET Anfrage (CurrentPosition): Küche Rolllade | Current State: 100
[13:40:01] [HomeKit] GET Anfrage (Target): Küche Rolllade | Current Target State: 100
[13:40:01] [HomeKit] GET Anfrage für LED Kette Nils
[13:40:01] [HomeKit] GET Anfrage für Treppe Licht Pflanze
[13:40:01] [HomeKit] GET Anfrage (Target): Nils Rolllade | Current Target State: 100
[13:40:01] [HomeKit] GET Anfrage (CurrentPosition): Nils Rolllade | Current State: 100
[13:40:01] [HomeKit] GET Anfrage (Target): Gäste WC Rolllade | Current Target State: 100
[13:40:01] [HomeKit] GET Anfrage (CurrentPosition): Gäste WC Rolllade | Current State: 100
[13:40:01] [HomeKit] GET Anfrage für Keller Licht
[13:40:01] [HomeKit] GET Anfrage (CurrentPosition): Wohnzimmer Rolllade Tür | Current State: 100
[13:40:01] [HomeKit] GET Anfrage (Target): Wohnzimmer Rolllade Tür | Current Target State: 100
[13:40:01] [HomeKit] GET Anfrage für Feuchtigkeit Garten
[13:40:01] [HomeKit] GET Anfrage für Nils Zimmer Licht
[13:40:01] [HomeKit] GET Anfrage (Target): Schlafzimmer Rolllade | Current Target State: 100
[13:40:01] [HomeKit] GET Anfrage (CurrentPosition): Schlafzimmer Rolllade | Current State: 100
[13:40:01] [HomeKit] GET Anfrage für Kompressor
[13:40:01] [HomeKit] GET Anfrage (Target): Wohnzimmer Rolllade Fenster | Current Target State: 100
[13:40:01] [HomeKit] GET Anfrage (CurrentPosition): Wohnzimmer Rolllade Fenster | Current State: 100
[13:40:01] [HomeKit] GET Anfrage für Eingangs Flur Licht
[13:40:01] [HomeKit] GET Anfrage für Fernseher
[13:40:01] [HomeKit] GET Anfrage für Nils Dachboden Licht
[13:40:01] [HomeKit] GET Anfrage (Target): Arbeitszimmer Rolllade Garten | Current Target State: 100
[13:40:01] [HomeKit] GET Anfrage (CurrentPosition): Arbeitszimmer Rolllade Garten | Current State: 100
[13:40:01] [HomeKit] GET Anfrage für Subwoofer Nils Zimmer
[13:40:01] [HomeKit] GET Anfrage für Feuchtigkeit Wohnzimmer
[13:40:01] [HomeKit] GET Anfrage (Target): Arbeitszimmer Rolllade Kindergarten | Current Target State: 100
[13:40:01] [HomeKit] GET Anfrage (CurrentPosition): Arbeitszimmer Rolllade Kindergarten | Current State: 100
[13:40:01] [HomeKit] GET Anfrage für Brunnen
[13:40:01] [HomeKit] GET Anfrage für Arbeitszimmer Licht
[13:40:01] [HomeKit] GET Anfrage für Temperatur Garten
[13:40:11] [HomeKit] SET Befehl1
[13:40:11] [HomeKit] ANNNNNNN
[13:42:54] [HomeKit] Update Temperatur Garten
[13:42:54] [HomeKit] Update Feuchtigkeit Garten
[13:46:19] [HomeKit] Update Feuchtigkeit Wohnzimmer
[13:53:20] [HomeKit] Update Temperatur Garten
[13:53:20] [HomeKit] Update Feuchtigkeit Garten
[13:56:45] [HomeKit] Update Feuchtigkeit Wohnzimmer
[13:58:33] [HomeKit] Update Temperatur Garten
[13:58:33] [HomeKit] Update Feuchtigkeit Garten
[14:01:58] [HomeKit] Update Feuchtigkeit Wohnzimmer
[14:03:46] [HomeKit] Update Feuchtigkeit Garten
[14:07:11] [HomeKit] Update Feuchtigkeit Wohnzimmer
[14:08:59] [HomeKit] Update Temperatur Garten
[14:08:59] [HomeKit] Update Feuchtigkeit Garten
[14:10:40] [HomeKit] GET Anfrage für Feuchtigkeit Garten
[14:10:40] [HomeKit] GET Anfrage (Target): Wohnzimmer Rolllade Fenster | Current Target State: 100
[14:10:40] [HomeKit] GET Anfrage (CurrentPosition): Wohnzimmer Rolllade Fenster | Current State: 100
[14:10:40] [HomeKit] GET Anfrage für Subwoofer Nils Zimmer
[14:10:40] [HomeKit] GET Anfrage (Target): Arbeitszimmer Rolllade Kindergarten | Current Target State: 100
[14:10:40] [HomeKit] GET Anfrage (CurrentPosition): Arbeitszimmer Rolllade Kindergarten | Current State: 100
[14:10:40] [HomeKit] GET Anfrage für LED Kette Nils
[14:10:40] [HomeKit] GET Anfrage (Target): Nils Rolllade | Current Target State: 100
[14:10:40] [HomeKit] GET Anfrage (CurrentPosition): Nils Rolllade | Current State: 100
[14:10:40] [HomeKit] GET Anfrage für Feuchtigkeit Wohnzimmer
[14:10:40] [HomeKit] GET Anfrage für Treppe Licht Pflanze
[14:10:40] [HomeKit] GET Anfrage (CurrentPosition): Wohnzimmer Rolllade Tür | Current State: 100
[14:10:40] [HomeKit] GET Anfrage (Target): Wohnzimmer Rolllade Tür | Current Target State: 100
[14:10:40] [HomeKit] GET Anfrage (CurrentPosition): Küche Rolllade | Current State: 100
[14:10:40] [HomeKit] GET Anfrage (Target): Küche Rolllade | Current Target State: 100
[14:10:40] [HomeKit] GET Anfrage für Eingangs Flur Licht
[14:10:40] [HomeKit] GET Anfrage für Nils Dachboden Licht
[14:10:40] [HomeKit] GET Anfrage für Brunnen
[14:10:40] [HomeKit] GET Anfrage für Arbeitszimmer Licht
[14:10:40] [HomeKit] GET Anfrage (Target): Gäste WC Rolllade | Current Target State: 100
[14:10:40] [HomeKit] GET Anfrage (CurrentPosition): Gäste WC Rolllade | Current State: 100
[14:10:40] [HomeKit] GET Anfrage für Fernseher
[14:10:40] [HomeKit] GET Anfrage für Kompressor
[14:10:40] [HomeKit] GET Anfrage für Nils Zimmer Licht
[14:10:40] [HomeKit] GET Anfrage für Keller Licht
[14:10:40] [HomeKit] GET Anfrage (Target): Arbeitszimmer Rolllade Garten | Current Target State: 100
[14:10:40] [HomeKit] GET Anfrage (CurrentPosition): Arbeitszimmer Rolllade Garten | Current State: 100
[14:10:40] [HomeKit] GET Anfrage für Temperatur Garten
[14:10:40] [HomeKit] GET Anfrage (Target): Schlafzimmer Rolllade | Current Target State: 100
[14:10:40] [HomeKit] GET Anfrage (CurrentPosition): Schlafzimmer Rolllade | Current State: 100
[14:11:57] [HomeKit] GET Anfrage für LED Kette Nils
[14:11:57] [HomeKit] GET Anfrage für Nils Dachboden Licht
[14:11:57] [HomeKit] GET Anfrage für Kompressor
[14:11:57] [HomeKit] GET Anfrage (Target): Nils Rolllade | Current Target State: 100
[14:11:57] [HomeKit] GET Anfrage (CurrentPosition): Nils Rolllade | Current State: 100
[14:11:57] [HomeKit] GET Anfrage für Temperatur Garten
[14:11:57] [HomeKit] GET Anfrage für Feuchtigkeit Garten
[14:11:57] [HomeKit] GET Anfrage für Treppe Licht Pflanze
[14:11:57] [HomeKit] GET Anfrage für Nils Zimmer Licht
[14:11:57] [HomeKit] GET Anfrage für Subwoofer Nils Zimmer
[14:12:24] [HomeKit] Update Temperatur Wohnzimmer
[14:12:24] [HomeKit] Update Feuchtigkeit Wohnzimmer
[14:14:12] [HomeKit] Update Temperatur Garten
[14:14:12] [HomeKit] Update Feuchtigkeit Garten
[14:17:37] [HomeKit] Update Feuchtigkeit Wohnzimmer
[14:19:25] [HomeKit] Update Temperatur Garten
[14:19:25] [HomeKit] Update Feuchtigkeit Garten
[14:22:50] [HomeKit] Update Temperatur Wohnzimmer
[14:22:50] [HomeKit] Update Feuchtigkeit Wohnzimmer
[14:24:38] [HomeKit] Update Temperatur Garten
[14:24:38] [HomeKit] Update Feuchtigkeit Garten
[14:28:03] [HomeKit] Update Temperatur Wohnzimmer
[14:28:03] [HomeKit] Update Feuchtigkeit Wohnzimmer
[14:29:51] [HomeKit] Update Temperatur Garten
[14:29:51] [HomeKit] Update Feuchtigkeit Garten
[14:33:16] [HomeKit] Update Feuchtigkeit Wohnzimmer
[14:35:04] [HomeKit] Update Temperatur Garten
[14:35:04] [HomeKit] Update Feuchtigkeit Garten
[14:40:17] [HomeKit] Update Temperatur Garten
[14:40:17] [HomeKit] Update Feuchtigkeit Garten
[14:43:42] [HomeKit] Update Temperatur Wohnzimmer
[14:43:42] [HomeKit] Update Feuchtigkeit Wohnzimmer
[14:45:30] [HomeKit] Update Temperatur Garten
[14:45:31] [HomeKit] Update Feuchtigkeit Garten
[14:48:55] [HomeKit] Update Temperatur Wohnzimmer
[14:48:55] [HomeKit] Update Feuchtigkeit Wohnzimmer
[14:50:44] [HomeKit] Update Temperatur Garten
[14:50:44] [HomeKit] Update Feuchtigkeit Garten
[14:54:08] [HomeKit] Update Temperatur Wohnzimmer
[14:54:08] [HomeKit] Update Feuchtigkeit Wohnzimmer
[14:55:57] [HomeKit] Update Temperatur Garten
[14:55:57] [HomeKit] Update Feuchtigkeit Garten
[14:59:21] [HomeKit] Update Temperatur Wohnzimmer
[14:59:21] [HomeKit] Update Feuchtigkeit Wohnzimmer
[15:01:00] [HomeKit] GET Anfrage für Feuchtigkeit Garten
[15:01:00] [HomeKit] GET Anfrage (CurrentPosition): Wohnzimmer Rolllade Fenster | Current State: 100
[15:01:00] [HomeKit] GET Anfrage (Target): Wohnzimmer Rolllade Fenster | Current Target State: 100
[15:01:00] [HomeKit] GET Anfrage für Subwoofer Nils Zimmer
[15:01:00] [HomeKit] GET Anfrage (Target): Arbeitszimmer Rolllade Kindergarten | Current Target State: 100
[15:01:00] [HomeKit] GET Anfrage (CurrentPosition): Arbeitszimmer Rolllade Kindergarten | Current State: 100
[15:01:00] [HomeKit] GET Anfrage für LED Kette Nils
[15:01:00] [HomeKit] GET Anfrage (CurrentPosition): Nils Rolllade | Current State: 100
[15:01:00] [HomeKit] GET Anfrage (Target): Nils Rolllade | Current Target State: 100
[15:01:00] [HomeKit] GET Anfrage für Feuchtigkeit Wohnzimmer
[15:01:00] [HomeKit] GET Anfrage für Treppe Licht Pflanze
[15:01:00] [HomeKit] GET Anfrage (Target): Wohnzimmer Rolllade Tür | Current Target State: 100
[15:01:00] [HomeKit] GET Anfrage (CurrentPosition): Wohnzimmer Rolllade Tür | Current State: 100
[15:01:00] [HomeKit] GET Anfrage (Target): Küche Rolllade | Current Target State: 100
[15:01:00] [HomeKit] GET Anfrage (CurrentPosition): Küche Rolllade | Current State: 100
[15:01:00] [HomeKit] GET Anfrage für Eingangs Flur Licht
[15:01:00] [HomeKit] GET Anfrage für Nils Dachboden Licht
[15:01:00] [HomeKit] GET Anfrage für Brunnen
[15:01:00] [HomeKit] GET Anfrage für Arbeitszimmer Licht
[15:01:00] [HomeKit] GET Anfrage (CurrentPosition): Gäste WC Rolllade | Current State: 100
[15:01:00] [HomeKit] GET Anfrage (Target): Gäste WC Rolllade | Current Target State: 100
[15:01:00] [HomeKit] GET Anfrage für Fernseher
[15:01:00] [HomeKit] GET Anfrage für Kompressor
[15:01:00] [HomeKit] GET Anfrage für Nils Zimmer Licht
[15:01:00] [HomeKit] GET Anfrage für Keller Licht
[15:01:00] [HomeKit] GET Anfrage (Target): Arbeitszimmer Rolllade Garten | Current Target State: 100
[15:01:00] [HomeKit] GET Anfrage (CurrentPosition): Arbeitszimmer Rolllade Garten | Current State: 100
[15:01:00] [HomeKit] GET Anfrage für Temperatur Garten
[15:01:00] [HomeKit] GET Anfrage (Target): Schlafzimmer Rolllade | Current Target State: 100
[15:01:00] [HomeKit] GET Anfrage (CurrentPosition): Schlafzimmer Rolllade | Current State: 100
[15:01:10] [HomeKit] Update Temperatur Garten
[15:01:10] [HomeKit] Update Feuchtigkeit Garten
[15:02:47] [HomeKit] GET Anfrage (Target): Küche Rolllade | Current Target State: 100
[15:02:47] [HomeKit] GET Anfrage (CurrentPosition): Küche Rolllade | Current State: 100
[15:02:47] [HomeKit] GET Anfrage für LED Kette Nils
[15:02:47] [HomeKit] GET Anfrage für Treppe Licht Pflanze
[15:02:47] [HomeKit] GET Anfrage (CurrentPosition): Nils Rolllade | Current State: 100
[15:02:47] [HomeKit] GET Anfrage (Target): Nils Rolllade | Current Target State: 100
[15:02:47] [HomeKit] GET Anfrage (CurrentPosition): Gäste WC Rolllade | Current State: 100
[15:02:47] [HomeKit] GET Anfrage (Target): Gäste WC Rolllade | Current Target State: 100
[15:02:47] [HomeKit] GET Anfrage (Target): Wohnzimmer Rolllade Tür | Current Target State: 100
[15:02:47] [HomeKit] GET Anfrage (CurrentPosition): Wohnzimmer Rolllade Tür | Current State: 100
[15:02:47] [HomeKit] GET Anfrage für Feuchtigkeit Garten
[15:02:47] [HomeKit] GET Anfrage (Target): Schlafzimmer Rolllade | Current Target State: 100
[15:02:47] [HomeKit] GET Anfrage (CurrentPosition): Schlafzimmer Rolllade | Current State: 100
[15:02:47] [HomeKit] GET Anfrage für Kompressor
[15:02:47] [HomeKit] GET Anfrage für Nils Zimmer Licht
[15:02:47] [HomeKit] GET Anfrage für Keller Licht
[15:02:47] [HomeKit] GET Anfrage (CurrentPosition): Wohnzimmer Rolllade Fenster | Current State: 100
[15:02:47] [HomeKit] GET Anfrage (Target): Wohnzimmer Rolllade Fenster | Current Target State: 100
[15:02:47] [HomeKit] GET Anfrage für Eingangs Flur Licht
[15:02:47] [HomeKit] GET Anfrage für Fernseher
[15:02:47] [HomeKit] GET Anfrage für Nils Dachboden Licht
[15:02:47] [HomeKit] GET Anfrage (Target): Arbeitszimmer Rolllade Garten | Current Target State: 100
[15:02:47] [HomeKit] GET Anfrage (CurrentPosition): Arbeitszimmer Rolllade Garten | Current State: 100
[15:02:47] [HomeKit] GET Anfrage für Subwoofer Nils Zimmer
[15:02:47] [HomeKit] GET Anfrage für Feuchtigkeit Wohnzimmer
[15:02:47] [HomeKit] GET Anfrage (Target): Arbeitszimmer Rolllade Kindergarten | Current Target State: 100
[15:02:47] [HomeKit] GET Anfrage (CurrentPosition): Arbeitszimmer Rolllade Kindergarten | Current State: 100
[15:02:47] [HomeKit] GET Anfrage für Temperatur Garten
[15:02:47] [HomeKit] GET Anfrage für Arbeitszimmer Licht
[15:02:47] [HomeKit] GET Anfrage für Brunnen
[15:04:34] [HomeKit] Update Feuchtigkeit Wohnzimmer
[15:06:23] [HomeKit] Update Temperatur Garten
[15:06:23] [HomeKit] Update Feuchtigkeit Garten
[15:11:36] [HomeKit] Update Feuchtigkeit Garten
[15:15:00] [HomeKit] Update Feuchtigkeit Wohnzimmer
[15:16:49] [HomeKit] Update Temperatur Garten
[15:16:49] [HomeKit] Update Feuchtigkeit Garten
[15:22:02] [HomeKit] Update Feuchtigkeit Garten
[15:27:15] [HomeKit] Update Temperatur Garten
[15:27:15] [HomeKit] Update Feuchtigkeit Garten
[15:30:39] [HomeKit] Update Feuchtigkeit Wohnzimmer
[15:31:33] [HomeKit] GET Anfrage für LED Kette Nils
[15:31:33] [HomeKit] GET Anfrage für Nils Dachboden Licht
[15:31:33] [HomeKit] GET Anfrage für Kompressor
[15:31:33] [HomeKit] GET Anfrage (Target): Nils Rolllade | Current Target State: 100
[15:31:33] [HomeKit] GET Anfrage (CurrentPosition): Nils Rolllade | Current State: 100
[15:31:33] [HomeKit] GET Anfrage für Temperatur Garten
[15:31:33] [HomeKit] GET Anfrage für Feuchtigkeit Garten
[15:31:33] [HomeKit] GET Anfrage für Treppe Licht Pflanze
[15:31:33] [HomeKit] GET Anfrage für Nils Zimmer Licht
[15:31:33] [HomeKit] GET Anfrage für Subwoofer Nils Zimmer
[15:32:28] [HomeKit] Update Temperatur Garten
[15:32:28] [HomeKit] Update Feuchtigkeit Garten
[15:37:41] [HomeKit] Update Feuchtigkeit Garten
[15:40:21] [HomeKit] GET Anfrage für LED Kette Nils
[15:40:21] [HomeKit] GET Anfrage für Nils Dachboden Licht
[15:40:21] [HomeKit] GET Anfrage für Kompressor
[15:40:21] [HomeKit] GET Anfrage (Target): Nils Rolllade | Current Target State: 100
[15:40:21] [HomeKit] GET Anfrage (CurrentPosition): Nils Rolllade | Current State: 100
[15:40:21] [HomeKit] GET Anfrage für Temperatur Garten
[15:40:21] [HomeKit] GET Anfrage für Feuchtigkeit Garten
[15:40:21] [HomeKit] GET Anfrage für Treppe Licht Pflanze
[15:40:21] [HomeKit] GET Anfrage für Nils Zimmer Licht
[15:40:21] [HomeKit] GET Anfrage für Subwoofer Nils Zimmer
[15:42:54] [HomeKit] Update Temperatur Garten
[15:42:54] [HomeKit] Update Feuchtigkeit Garten
[15:48:07] [HomeKit] Update Temperatur Garten
[15:48:07] [HomeKit] Update Feuchtigkeit Garten
[15:53:20] [HomeKit] Update Temperatur Garten
[15:53:20] [HomeKit] Update Feuchtigkeit Garten
[15:53:37] [HomeKit] GET Anfrage für LED Kette Nils
[15:53:37] [HomeKit] GET Anfrage für Nils Dachboden Licht
[15:53:37] [HomeKit] GET Anfrage für Kompressor
[15:53:37] [HomeKit] GET Anfrage (Target): Nils Rolllade | Current Target State: 100
[15:53:37] [HomeKit] GET Anfrage (CurrentPosition): Nils Rolllade | Current State: 100
[15:53:37] [HomeKit] GET Anfrage für Temperatur Garten
[15:53:37] [HomeKit] GET Anfrage für Feuchtigkeit Garten
[15:53:37] [HomeKit] GET Anfrage für Treppe Licht Pflanze
[15:53:37] [HomeKit] GET Anfrage für Nils Zimmer Licht
[15:53:37] [HomeKit] GET Anfrage für Subwoofer Nils Zimmer
[15:58:33] [HomeKit] Update Temperatur Garten
[15:58:33] [HomeKit] Update Feuchtigkeit Garten
[16:01:57] [HomeKit] Update Feuchtigkeit Wohnzimmer
[16:03:46] [HomeKit] Update Temperatur Garten
[16:03:46] [HomeKit] Update Feuchtigkeit Garten
[16:08:59] [HomeKit] Update Temperatur Garten
[16:08:59] [HomeKit] Update Feuchtigkeit Garten
[16:09:43] [HomeKit] GET Anfrage für LED Kette Nils
[16:09:43] [HomeKit] GET Anfrage für Nils Dachboden Licht
[16:09:43] [HomeKit] GET Anfrage für Kompressor
[16:09:43] [HomeKit] GET Anfrage (Target): Nils Rolllade | Current Target State: 100
[16:09:43] [HomeKit] GET Anfrage (CurrentPosition): Nils Rolllade | Current State: 100
[16:09:43] [HomeKit] GET Anfrage für Temperatur Garten
[16:09:43] [HomeKit] GET Anfrage für Feuchtigkeit Garten
[16:09:43] [HomeKit] GET Anfrage für Treppe Licht Pflanze
[16:09:43] [HomeKit] GET Anfrage für Nils Zimmer Licht
[16:09:43] [HomeKit] GET Anfrage für Subwoofer Nils Zimmer
[16:12:23] [HomeKit] Update Feuchtigkeit Wohnzimmer
[16:14:12] [HomeKit] Update Temperatur Garten
[16:14:12] [HomeKit] Update Feuchtigkeit Garten
[16:17:36] [HomeKit] Update Feuchtigkeit Wohnzimmer
[16:19:25] [HomeKit] Update Temperatur Garten
[16:19:25] [HomeKit] Update Feuchtigkeit Garten
[16:22:49] [HomeKit] Update Feuchtigkeit Wohnzimmer
[16:24:38] [HomeKit] Update Feuchtigkeit Garten
[16:33:15] [HomeKit] Update Feuchtigkeit Wohnzimmer
[16:35:04] [HomeKit] Update Temperatur Garten
[16:35:04] [HomeKit] Update Feuchtigkeit Garten
[16:40:17] [HomeKit] Update Temperatur Garten
[16:40:17] [HomeKit] Update Feuchtigkeit Garten
[16:43:41] [HomeKit] Update Feuchtigkeit Wohnzimmer
[16:45:30] [HomeKit] Update Temperatur Garten
[16:45:30] [HomeKit] Update Feuchtigkeit Garten
[16:48:54] [HomeKit] Update Feuchtigkeit Wohnzimmer
[16:50:43] [HomeKit] Update Temperatur Garten
[16:50:43] [HomeKit] Update Feuchtigkeit Garten
[16:54:07] [HomeKit] Update Feuchtigkeit Wohnzimmer
[16:55:56] [HomeKit] Update Temperatur Garten
[16:55:56] [HomeKit] Update Feuchtigkeit Garten
[17:01:09] [HomeKit] Update Temperatur Garten
[17:01:09] [HomeKit] Update Feuchtigkeit Garten
[17:04:33] [HomeKit] Update Feuchtigkeit Wohnzimmer
[17:06:22] [HomeKit] Update Temperatur Garten
[17:06:22] [HomeKit] Update Feuchtigkeit Garten
[17:09:46] [HomeKit] Update Feuchtigkeit Wohnzimmer
[17:11:35] [HomeKit] Update Temperatur Garten
[17:11:35] [HomeKit] Update Feuchtigkeit Garten
[17:14:58] [HomeKit] GET Anfrage (Target): Küche Rolllade | Current Target State: 100
[17:14:58] [HomeKit] GET Anfrage (CurrentPosition): Küche Rolllade | Current State: 100
[17:14:58] [HomeKit] GET Anfrage für LED Kette Nils
[17:14:58] [HomeKit] GET Anfrage für Treppe Licht Pflanze
[17:14:58] [HomeKit] GET Anfrage (Target): Nils Rolllade | Current Target State: 100
[17:14:58] [HomeKit] GET Anfrage (CurrentPosition): Nils Rolllade | Current State: 100
[17:14:58] [HomeKit] GET Anfrage (CurrentPosition): Gäste WC Rolllade | Current State: 100
[17:14:58] [HomeKit] GET Anfrage (Target): Gäste WC Rolllade | Current Target State: 100
[17:14:58] [HomeKit] GET Anfrage (Target): Wohnzimmer Rolllade Tür | Current Target State: 100
[17:14:58] [HomeKit] GET Anfrage (CurrentPosition): Wohnzimmer Rolllade Tür | Current State: 100
[17:14:58] [HomeKit] GET Anfrage für Nils Zimmer Licht
[17:14:58] [HomeKit] GET Anfrage (Target): Schlafzimmer Rolllade | Current Target State: 100
[17:14:58] [HomeKit] GET Anfrage (CurrentPosition): Schlafzimmer Rolllade | Current State: 100
[17:14:58] [HomeKit] GET Anfrage für Kompressor
[17:14:58] [HomeKit] GET Anfrage für Feuchtigkeit Garten
[17:14:58] [HomeKit] GET Anfrage für Keller Licht
[17:14:58] [HomeKit] GET Anfrage (Target): Wohnzimmer Rolllade Fenster | Current Target State: 100
[17:14:58] [HomeKit] GET Anfrage (CurrentPosition): Wohnzimmer Rolllade Fenster | Current State: 100
[17:14:58] [HomeKit] GET Anfrage für Eingangs Flur Licht
[17:14:58] [HomeKit] GET Anfrage für Fernseher
[17:14:58] [HomeKit] GET Anfrage für Nils Dachboden Licht
[17:14:58] [HomeKit] GET Anfrage (Target): Arbeitszimmer Rolllade Garten | Current Target State: 100
[17:14:58] [HomeKit] GET Anfrage (CurrentPosition): Arbeitszimmer Rolllade Garten | Current State: 100
[17:14:58] [HomeKit] GET Anfrage für Subwoofer Nils Zimmer
[17:14:58] [HomeKit] GET Anfrage für Feuchtigkeit Wohnzimmer
[17:14:58] [HomeKit] GET Anfrage (Target): Arbeitszimmer Rolllade Kindergarten | Current Target State: 100
[17:14:58] [HomeKit] GET Anfrage (CurrentPosition): Arbeitszimmer Rolllade Kindergarten | Current State: 100
[17:14:58] [HomeKit] GET Anfrage für Temperatur Garten
[17:14:58] [HomeKit] GET Anfrage für Arbeitszimmer Licht
[17:14:58] [HomeKit] GET Anfrage für Brunnen
[17:14:59] [HomeKit] Update Feuchtigkeit Wohnzimmer
[17:15:02] [HomeKit] SET Befehlt: false
[17:15:02] [HomeKit] AUSSSSSS
[17:15:02] [HomeKit] SET Befehltrue
[17:15:02] [HomeKit] ANNNNNNN
[17:15:02] [HomeKit] SET Befehlt: false
[17:15:02] [HomeKit] AUSSSSSS
[17:15:02] [HomeKit] SET Befehlt: true
[17:15:02] [HomeKit] ANNNNNNN
[17:15:02] [HomeKit] Callback
[17:15:02] [HomeKit] Callback
[17:15:02] [HomeKit] Callback
[17:16:48] [HomeKit] Update Temperatur Garten
[17:16:48] [HomeKit] Update Feuchtigkeit Garten
[17:19:18] [HomeKit] GET Anfrage (Target): Küche Rolllade | Current Target State: 100
[17:19:18] [HomeKit] GET Anfrage (CurrentPosition): Küche Rolllade | Current State: 100
[17:19:18] [HomeKit] GET Anfrage für LED Kette Nils
[17:19:18] [HomeKit] GET Anfrage für Treppe Licht Pflanze
[17:19:18] [HomeKit] GET Anfrage (Target): Nils Rolllade | Current Target State: 100
[17:19:18] [HomeKit] GET Anfrage (CurrentPosition): Nils Rolllade | Current State: 100
[17:19:18] [HomeKit] GET Anfrage (CurrentPosition): Gäste WC Rolllade | Current State: 100
[17:19:18] [HomeKit] GET Anfrage (Target): Gäste WC Rolllade | Current Target State: 100
[17:19:18] [HomeKit] GET Anfrage für Keller Licht
[17:19:18] [HomeKit] GET Anfrage (Target): Wohnzimmer Rolllade Tür | Current Target State: 100
[17:19:18] [HomeKit] GET Anfrage (CurrentPosition): Wohnzimmer Rolllade Tür | Current State: 100
[17:19:18] [HomeKit] GET Anfrage für Nils Zimmer Licht
[17:19:18] [HomeKit] GET Anfrage (Target): Schlafzimmer Rolllade | Current Target State: 100
[17:19:18] [HomeKit] GET Anfrage (CurrentPosition): Schlafzimmer Rolllade | Current State: 100
[17:19:18] [HomeKit] GET Anfrage für Kompressor
[17:19:18] [HomeKit] GET Anfrage für Feuchtigkeit Garten
[17:19:18] [HomeKit] GET Anfrage (Target): Wohnzimmer Rolllade Fenster | Current Target State: 100
[17:19:18] [HomeKit] GET Anfrage (CurrentPosition): Wohnzimmer Rolllade Fenster | Current State: 100
[17:19:18] [HomeKit] GET Anfrage für Eingangs Flur Licht
[17:19:18] [HomeKit] GET Anfrage für Fernseher
[17:19:18] [HomeKit] GET Anfrage für Nils Dachboden Licht
[17:19:18] [HomeKit] GET Anfrage (Target): Arbeitszimmer Rolllade Garten | Current Target State: 100
[17:19:18] [HomeKit] GET Anfrage (CurrentPosition): Arbeitszimmer Rolllade Garten | Current State: 100
[17:19:18] [HomeKit] GET Anfrage für Subwoofer Nils Zimmer
[17:19:18] [HomeKit] GET Anfrage für Feuchtigkeit Wohnzimmer
[17:19:18] [HomeKit] GET Anfrage (Target): Arbeitszimmer Rolllade Kindergarten | Current Target State: 100
[17:19:18] [HomeKit] GET Anfrage (CurrentPosition): Arbeitszimmer Rolllade Kindergarten | Current State: 100
[17:19:18] [HomeKit] GET Anfrage für Temperatur Garten
[17:19:18] [HomeKit] GET Anfrage für Arbeitszimmer Licht
[17:19:18] [HomeKit] GET Anfrage für Brunnen
[17:20:12] [HomeKit] Update Feuchtigkeit Wohnzimmer
[17:22:01] [HomeKit] Update Temperatur Garten
[17:22:01] [HomeKit] Update Feuchtigkeit Garten
[17:25:25] [HomeKit] Update Feuchtigkeit Wohnzimmer
[17:27:14] [HomeKit] Update Temperatur Garten
[17:27:14] [HomeKit] Update Feuchtigkeit Garten
[17:30:38] [HomeKit] Update Feuchtigkeit Wohnzimmer
[17:32:27] [HomeKit] Update Temperatur Garten
[17:32:27] [HomeKit] Update Feuchtigkeit Garten
[17:37:40] [HomeKit] Update Feuchtigkeit Garten
[17:41:04] [HomeKit] Update Feuchtigkeit Wohnzimmer
[17:42:00] [HomeKit] Update Gäste WC Rolllade
[17:42:02] [HomeKit] Update Wohnzimmer Rolllade Fenster
[17:42:03] [HomeKit] Update Küche Rolllade
[17:42:05] [HomeKit] Update Wohnzimmer Rolllade Tür
[17:42:10] [HomeKit] Update Nils Rolllade
[17:42:11] [HomeKit] Update Arbeitszimmer Rolllade Garten
[17:42:12] [HomeKit] Update Arbeitszimmer Rolllade Kindergarten
[17:42:13] [HomeKit] Update Schlafzimmer Rolllade
[17:46:17] [HomeKit] Update Feuchtigkeit Wohnzimmer
[17:48:06] [HomeKit] Update Temperatur Garten
[17:48:06] [HomeKit] Update Feuchtigkeit Garten
[17:51:30] [HomeKit] Update Feuchtigkeit Wohnzimmer
[17:53:19] [HomeKit] Update Feuchtigkeit Garten
[17:58:32] [HomeKit] Update Feuchtigkeit Garten
[18:03:45] [HomeKit] Update Temperatur Garten
[18:03:45] [HomeKit] Update Feuchtigkeit Garten
[18:07:09] [HomeKit] Update Feuchtigkeit Wohnzimmer
[18:08:58] [HomeKit] Update Feuchtigkeit Garten
[18:12:23] [HomeKit] Update Temperatur Wohnzimmer
[18:17:36] [HomeKit] Update Feuchtigkeit Wohnzimmer
[18:19:24] [HomeKit] Update Feuchtigkeit Garten
[18:22:49] [HomeKit] Update Feuchtigkeit Wohnzimmer
[18:24:37] [HomeKit] Update Temperatur Garten
[18:24:37] [HomeKit] Update Feuchtigkeit Garten
[18:28:02] [HomeKit] GET Anfrage für LED Kette Nils
[18:28:02] [HomeKit] GET Anfrage für Nils Dachboden Licht
[18:28:02] [HomeKit] GET Anfrage für Kompressor
[18:28:02] [HomeKit] GET Anfrage (Target): Nils Rolllade | Current Target State: 0
[18:28:02] [HomeKit] GET Anfrage (CurrentPosition): Nils Rolllade | Current State: 0
[18:28:02] [HomeKit] GET Anfrage für Temperatur Garten
[18:28:02] [HomeKit] GET Anfrage für Feuchtigkeit Garten
[18:28:02] [HomeKit] GET Anfrage für Treppe Licht Pflanze
[18:28:02] [HomeKit] GET Anfrage für Nils Zimmer Licht
[18:28:02] [HomeKit] GET Anfrage für Subwoofer Nils Zimmer
[18:28:08] [HomeKit] GET Anfrage für LED Kette Nils
[18:28:08] [HomeKit] GET Anfrage für Nils Dachboden Licht
[18:28:08] [HomeKit] GET Anfrage für Kompressor
[18:28:08] [HomeKit] GET Anfrage (Target): Nils Rolllade | Current Target State: 0
[18:28:08] [HomeKit] GET Anfrage (CurrentPosition): Nils Rolllade | Current State: 0
[18:28:08] [HomeKit] GET Anfrage für Temperatur Garten
[18:28:08] [HomeKit] GET Anfrage für Feuchtigkeit Garten
[18:28:08] [HomeKit] GET Anfrage für Treppe Licht Pflanze
[18:28:08] [HomeKit] GET Anfrage für Nils Zimmer Licht
[18:28:08] [HomeKit] GET Anfrage für Subwoofer Nils Zimmer
[18:28:10] [HomeKit] GET Anfrage für LED Kette Nils
[18:28:10] [HomeKit] GET Anfrage für Nils Dachboden Licht
[18:28:10] [HomeKit] GET Anfrage für Kompressor
[18:28:10] [HomeKit] GET Anfrage (Target): Nils Rolllade | Current Target State: 0
[18:28:10] [HomeKit] GET Anfrage (CurrentPosition): Nils Rolllade | Current State: 0
[18:28:10] [HomeKit] GET Anfrage für Temperatur Garten
[18:28:10] [HomeKit] GET Anfrage für Feuchtigkeit Garten
[18:28:10] [HomeKit] GET Anfrage für Treppe Licht Pflanze
[18:28:10] [HomeKit] GET Anfrage für Nils Zimmer Licht
[18:28:10] [HomeKit] GET Anfrage für Subwoofer Nils Zimmer
[18:29:50] [HomeKit] Update Temperatur Garten
[18:29:50] [HomeKit] Update Feuchtigkeit Garten
[18:35:03] [HomeKit] Update Feuchtigkeit Garten
[18:38:28] [HomeKit] Update Feuchtigkeit Wohnzimmer
[18:40:16] [HomeKit] Update Feuchtigkeit Garten
[18:45:29] [HomeKit] Update Temperatur Garten
[18:45:30] [HomeKit] Update Feuchtigkeit Garten
[18:48:43] [HomeKit] GET Anfrage für LED Kette Nils
[18:48:43] [HomeKit] GET Anfrage für Nils Dachboden Licht
[18:48:43] [HomeKit] GET Anfrage für Kompressor
[18:48:43] [HomeKit] GET Anfrage (Target): Nils Rolllade | Current Target State: 0
[18:48:43] [HomeKit] GET Anfrage (CurrentPosition): Nils Rolllade | Current State: 0
[18:48:43] [HomeKit] GET Anfrage für Temperatur Garten
[18:48:43] [HomeKit] GET Anfrage für Feuchtigkeit Garten
[18:48:43] [HomeKit] GET Anfrage für Treppe Licht Pflanze
[18:48:43] [HomeKit] GET Anfrage für Nils Zimmer Licht
[18:48:43] [HomeKit] GET Anfrage für Subwoofer Nils Zimmer
[18:48:54] [HomeKit] Update Feuchtigkeit Wohnzimmer
[18:50:42] [HomeKit] Update Temperatur Garten
[18:51:52] [HomeKit] GET Anfrage für LED Kette Nils
[18:51:52] [HomeKit] GET Anfrage für Nils Dachboden Licht
[18:51:52] [HomeKit] GET Anfrage für Kompressor
[18:51:52] [HomeKit] GET Anfrage (Target): Nils Rolllade | Current Target State: 0
[18:51:52] [HomeKit] GET Anfrage (CurrentPosition): Nils Rolllade | Current State: 0
[18:51:52] [HomeKit] GET Anfrage für Temperatur Garten
[18:51:52] [HomeKit] GET Anfrage für Feuchtigkeit Garten
[18:51:52] [HomeKit] GET Anfrage für Treppe Licht Pflanze
[18:51:52] [HomeKit] GET Anfrage für Nils Zimmer Licht
[18:51:52] [HomeKit] GET Anfrage für Subwoofer Nils Zimmer
[18:51:55] [HomeKit] GET Anfrage für LED Kette Nils
[18:51:55] [HomeKit] GET Anfrage für Nils Dachboden Licht
[18:51:55] [HomeKit] GET Anfrage für Kompressor
[18:51:55] [HomeKit] GET Anfrage (Target): Nils Rolllade | Current Target State: 0
[18:51:55] [HomeKit] GET Anfrage (CurrentPosition): Nils Rolllade | Current State: 0
[18:51:55] [HomeKit] GET Anfrage für Temperatur Garten
[18:51:55] [HomeKit] GET Anfrage für Feuchtigkeit Garten
[18:51:55] [HomeKit] GET Anfrage für Treppe Licht Pflanze
[18:51:55] [HomeKit] GET Anfrage für Nils Zimmer Licht
[18:51:55] [HomeKit] GET Anfrage für Subwoofer Nils Zimmer
[18:51:59] [HomeKit] GET Anfrage für LED Kette Nils
[18:51:59] [HomeKit] GET Anfrage für Nils Dachboden Licht
[18:51:59] [HomeKit] GET Anfrage für Kompressor
[18:51:59] [HomeKit] GET Anfrage (Target): Nils Rolllade | Current Target State: 0
[18:51:59] [HomeKit] GET Anfrage (CurrentPosition): Nils Rolllade | Current State: 0
[18:51:59] [HomeKit] GET Anfrage für Temperatur Garten
[18:51:59] [HomeKit] GET Anfrage für Feuchtigkeit Garten
[18:51:59] [HomeKit] GET Anfrage für Treppe Licht Pflanze
[18:51:59] [HomeKit] GET Anfrage für Nils Zimmer Licht
[18:51:59] [HomeKit] GET Anfrage für Subwoofer Nils Zimmer
[18:55:56] [HomeKit] Update Feuchtigkeit Garten
[19:01:09] [HomeKit] Update Temperatur Garten
[19:01:09] [HomeKit] Update Feuchtigkeit Garten
[19:04:33] [HomeKit] Update Temperatur Wohnzimmer
[19:06:22] [HomeKit] Update Temperatur Garten
[19:06:22] [HomeKit] Update Feuchtigkeit Garten
[19:09:46] [HomeKit] Update Feuchtigkeit Wohnzimmer
[19:11:35] [HomeKit] Update Feuchtigkeit Garten
[19:14:59] [HomeKit] Update Feuchtigkeit Wohnzimmer
[19:16:48] [HomeKit] Update Temperatur Garten
[19:16:48] [HomeKit] Update Feuchtigkeit Garten
[19:22:01] [HomeKit] Update Feuchtigkeit Garten
[19:25:25] [HomeKit] Update Feuchtigkeit Wohnzimmer
[19:27:14] [HomeKit] Update Feuchtigkeit Garten
[19:32:27] [HomeKit] Update Feuchtigkeit Garten
[19:37:15] [HomeKit] GET Anfrage für Feuchtigkeit Garten
[19:37:15] [HomeKit] GET Anfrage für Subwoofer Nils Zimmer
[19:37:15] [HomeKit] GET Anfrage (Target): Nils Rolllade | Current Target State: 0
[19:37:15] [HomeKit] GET Anfrage (CurrentPosition): Nils Rolllade | Current State: 0
[19:37:15] [HomeKit] GET Anfrage für Kompressor
[19:37:15] [HomeKit] GET Anfrage für Temperatur Garten
[19:37:15] [HomeKit] GET Anfrage für LED Kette Nils
[19:37:15] [HomeKit] GET Anfrage für Nils Dachboden Licht
[19:37:15] [HomeKit] GET Anfrage für Treppe Licht Pflanze
[19:37:15] [HomeKit] GET Anfrage für Nils Zimmer Licht
[19:37:40] [HomeKit] Update Temperatur Garten
[19:37:40] [HomeKit] Update Feuchtigkeit Garten
[19:42:53] [HomeKit] Update Feuchtigkeit Garten
[19:46:17] [HomeKit] Update Feuchtigkeit Wohnzimmer
[19:46:38] [HomeKit] GET Anfrage für LED Kette Nils
[19:46:38] [HomeKit] GET Anfrage für Nils Dachboden Licht
[19:46:38] [HomeKit] GET Anfrage für Kompressor
[19:46:38] [HomeKit] GET Anfrage (Target): Nils Rolllade | Current Target State: 0
[19:46:38] [HomeKit] GET Anfrage (CurrentPosition): Nils Rolllade | Current State: 0
[19:46:38] [HomeKit] GET Anfrage für Temperatur Garten
[19:46:38] [HomeKit] GET Anfrage für Feuchtigkeit Garten
[19:46:38] [HomeKit] GET Anfrage für Treppe Licht Pflanze
[19:46:38] [HomeKit] GET Anfrage für Nils Zimmer Licht
[19:46:38] [HomeKit] GET Anfrage für Subwoofer Nils Zimmer
[19:46:59] [HomeKit] GET Anfrage für LED Kette Nils
[19:46:59] [HomeKit] GET Anfrage für Nils Dachboden Licht
[19:46:59] [HomeKit] GET Anfrage für Kompressor
[19:46:59] [HomeKit] GET Anfrage (Target): Nils Rolllade | Current Target State: 0
[19:46:59] [HomeKit] GET Anfrage (CurrentPosition): Nils Rolllade | Current State: 0
[19:46:59] [HomeKit] GET Anfrage für Temperatur Garten
[19:46:59] [HomeKit] GET Anfrage für Feuchtigkeit Garten
[19:46:59] [HomeKit] GET Anfrage für Treppe Licht Pflanze
[19:46:59] [HomeKit] GET Anfrage für Nils Zimmer Licht
[19:46:59] [HomeKit] GET Anfrage für Subwoofer Nils Zimmer
[19:48:06] [HomeKit] Update Temperatur Garten
[19:48:06] [HomeKit] Update Feuchtigkeit Garten
[19:53:19] [HomeKit] Update Feuchtigkeit Garten
[19:53:36] [HomeKit] GET Anfrage für LED Kette Nils
[19:53:36] [HomeKit] GET Anfrage für Nils Dachboden Licht
[19:53:36] [HomeKit] GET Anfrage für Kompressor
[19:53:36] [HomeKit] GET Anfrage (Target): Nils Rolllade | Current Target State: 0
[19:53:36] [HomeKit] GET Anfrage (CurrentPosition): Nils Rolllade | Current State: 0
[19:53:36] [HomeKit] GET Anfrage für Temperatur Garten
[19:53:36] [HomeKit] GET Anfrage für Feuchtigkeit Garten
[19:53:36] [HomeKit] GET Anfrage für Treppe Licht Pflanze
[19:53:36] [HomeKit] GET Anfrage für Nils Zimmer Licht
[19:53:36] [HomeKit] GET Anfrage für Subwoofer Nils Zimmer
[19:56:43] [HomeKit] Update Feuchtigkeit Wohnzimmer
[19:58:32] [HomeKit] Update Temperatur Garten
[20:03:45] [HomeKit] Update Temperatur Garten
[20:03:45] [HomeKit] Update Feuchtigkeit Garten
[20:07:09] [HomeKit] Update Feuchtigkeit Wohnzimmer
[20:08:58] [HomeKit] Update Feuchtigkeit Garten
[20:12:22] [HomeKit] Update Feuchtigkeit Wohnzimmer
[20:14:11] [HomeKit] Update Temperatur Garten
[20:17:35] [HomeKit] Update Temperatur Wohnzimmer
[20:17:35] [HomeKit] Update Feuchtigkeit Wohnzimmer
[20:19:24] [HomeKit] Update Temperatur Garten
[20:19:24] [HomeKit] Update Feuchtigkeit Garten
[20:22:48] [HomeKit] Update Temperatur Wohnzimmer
[20:22:48] [HomeKit] Update Feuchtigkeit Wohnzimmer
[20:24:37] [HomeKit] Update Feuchtigkeit Garten
[20:28:01] [HomeKit] Update Temperatur Wohnzimmer
[20:33:14] [HomeKit] Update Feuchtigkeit Wohnzimmer
[20:35:03] [HomeKit] Update Temperatur Garten
[20:35:03] [HomeKit] Update Feuchtigkeit Garten
[20:38:27] [HomeKit] Update Feuchtigkeit Wohnzimmer
[20:45:29] [HomeKit] Update Feuchtigkeit Garten
[20:48:53] [HomeKit] Update Feuchtigkeit Wohnzimmer
[20:54:06] [HomeKit] Update Feuchtigkeit Wohnzimmer
[20:59:19] [HomeKit] Update Feuchtigkeit Wohnzimmer
[21:01:08] [HomeKit] Update Feuchtigkeit Garten
[21:04:32] [HomeKit] Update Feuchtigkeit Wohnzimmer
[21:11:34] [HomeKit] Update Feuchtigkeit Garten
[21:14:26] [HomeKit] Update Wohnzimmer Rolllade Tür
[21:14:58] [HomeKit] Update Feuchtigkeit Wohnzimmer
[21:16:47] [HomeKit] Update Temperatur Garten
[21:16:47] [HomeKit] Update Feuchtigkeit Garten
[21:20:11] [HomeKit] Update Feuchtigkeit Wohnzimmer
[21:22:00] [HomeKit] Update Temperatur Garten
[21:22:00] [HomeKit] Update Feuchtigkeit Garten
[21:25:24] [HomeKit] Update Feuchtigkeit Wohnzimmer
[21:27:13] [HomeKit] Update Feuchtigkeit Garten
[21:28:23] [HomeKit] GET Anfrage für LED Kette Nils
[21:28:23] [HomeKit] GET Anfrage für Nils Dachboden Licht
[21:28:23] [HomeKit] GET Anfrage für Kompressor
[21:28:23] [HomeKit] GET Anfrage (Target): Nils Rolllade | Current Target State: 0
[21:28:23] [HomeKit] GET Anfrage (CurrentPosition): Nils Rolllade | Current State: 0
[21:28:23] [HomeKit] GET Anfrage für Temperatur Garten
[21:28:23] [HomeKit] GET Anfrage für Feuchtigkeit Garten
[21:28:23] [HomeKit] GET Anfrage für Treppe Licht Pflanze
[21:28:23] [HomeKit] GET Anfrage für Nils Zimmer Licht
[21:28:23] [HomeKit] GET Anfrage für Subwoofer Nils Zimmer
[21:30:37] [HomeKit] Update Feuchtigkeit Wohnzimmer
[21:32:26] [HomeKit] Update Temperatur Garten
[21:32:26] [HomeKit] Update Feuchtigkeit Garten
[21:35:50] [HomeKit] Update Feuchtigkeit Wohnzimmer
[21:38:34] [HomeKit] GET Anfrage für LED Kette Nils
[21:38:34] [HomeKit] GET Anfrage für Nils Dachboden Licht
[21:38:34] [HomeKit] GET Anfrage für Kompressor
[21:38:34] [HomeKit] GET Anfrage (Target): Nils Rolllade | Current Target State: 0
[21:38:34] [HomeKit] GET Anfrage (CurrentPosition): Nils Rolllade | Current State: 0
[21:38:34] [HomeKit] GET Anfrage für Temperatur Garten
[21:38:34] [HomeKit] GET Anfrage für Feuchtigkeit Garten
[21:38:34] [HomeKit] GET Anfrage für Treppe Licht Pflanze
[21:38:34] [HomeKit] GET Anfrage für Nils Zimmer Licht
[21:38:34] [HomeKit] GET Anfrage für Subwoofer Nils Zimmer
[21:42:52] [HomeKit] Update Feuchtigkeit Garten
[21:46:16] [HomeKit] Update Feuchtigkeit Wohnzimmer
[21:48:05] [HomeKit] Update Temperatur Garten
[21:53:18] [HomeKit] Update Feuchtigkeit Garten
[21:56:42] [HomeKit] Update Feuchtigkeit Wohnzimmer
[21:58:31] [HomeKit] Update Feuchtigkeit Garten
[22:05:37] [HomeKit] Update Wohnzimmer Rolllade Tür
[22:07:08] [HomeKit] Update Feuchtigkeit Wohnzimmer
[22:12:21] [HomeKit] Update Feuchtigkeit Wohnzimmer
[22:14:10] [HomeKit] Update Temperatur Garten
[22:14:10] [HomeKit] Update Feuchtigkeit Garten
[22:17:34] [HomeKit] Update Feuchtigkeit Wohnzimmer
[22:19:23] [HomeKit] Update Temperatur Garten
[22:19:23] [HomeKit] Update Feuchtigkeit Garten
[22:22:47] [HomeKit] Update Temperatur Wohnzimmer
[22:22:47] [HomeKit] Update Feuchtigkeit Wohnzimmer
[22:29:49] [HomeKit] Update Feuchtigkeit Garten
[22:33:13] [HomeKit] Update Feuchtigkeit Wohnzimmer
[22:34:44] [HomeKit] GET Anfrage für Feuchtigkeit Garten
[22:34:44] [HomeKit] GET Anfrage für Subwoofer Nils Zimmer
[22:34:44] [HomeKit] GET Anfrage (Target): Nils Rolllade | Current Target State: 0
[22:34:44] [HomeKit] GET Anfrage (CurrentPosition): Nils Rolllade | Current State: 0
[22:34:44] [HomeKit] GET Anfrage für Kompressor
[22:34:44] [HomeKit] GET Anfrage für Temperatur Garten
[22:34:44] [HomeKit] GET Anfrage für LED Kette Nils
[22:34:44] [HomeKit] GET Anfrage für Nils Dachboden Licht
[22:34:44] [HomeKit] GET Anfrage für Treppe Licht Pflanze
[22:34:44] [HomeKit] GET Anfrage für Nils Zimmer Licht
[22:34:51] [HomeKit] GET Anfrage für Feuchtigkeit Garten
[22:34:51] [HomeKit] GET Anfrage für Subwoofer Nils Zimmer
[22:34:51] [HomeKit] GET Anfrage (Target): Nils Rolllade | Current Target State: 0
[22:34:51] [HomeKit] GET Anfrage (CurrentPosition): Nils Rolllade | Current State: 0
[22:34:51] [HomeKit] GET Anfrage für Kompressor
[22:34:51] [HomeKit] GET Anfrage für Temperatur Garten
[22:34:51] [HomeKit] GET Anfrage für LED Kette Nils
[22:34:51] [HomeKit] GET Anfrage für Nils Dachboden Licht
[22:34:51] [HomeKit] GET Anfrage für Treppe Licht Pflanze
[22:34:51] [HomeKit] GET Anfrage für Nils Zimmer Licht
[22:35:02] [HomeKit] Update Feuchtigkeit Garten
[22:35:49] [HomeKit] GET Anfrage (Target): Küche Rolllade | Current Target State: 0
[22:35:49] [HomeKit] GET Anfrage (CurrentPosition): Küche Rolllade | Current State: 0
[22:35:49] [HomeKit] GET Anfrage für LED Kette Nils
[22:35:49] [HomeKit] GET Anfrage für Treppe Licht Pflanze
[22:35:49] [HomeKit] GET Anfrage (Target): Nils Rolllade | Current Target State: 0
[22:35:49] [HomeKit] GET Anfrage (CurrentPosition): Nils Rolllade | Current State: 0
[22:35:49] [HomeKit] GET Anfrage (Target): Gäste WC Rolllade | Current Target State: 0
[22:35:49] [HomeKit] GET Anfrage (CurrentPosition): Gäste WC Rolllade | Current State: 0
[22:35:49] [HomeKit] GET Anfrage für Keller Licht
[22:35:49] [HomeKit] GET Anfrage (Target): Wohnzimmer Rolllade Tür | Current Target State: 0
[22:35:49] [HomeKit] GET Anfrage (CurrentPosition): Wohnzimmer Rolllade Tür | Current State: 0
[22:35:49] [HomeKit] GET Anfrage für Kompressor
[22:35:49] [HomeKit] GET Anfrage (Target): Schlafzimmer Rolllade | Current Target State: 0
[22:35:49] [HomeKit] GET Anfrage (CurrentPosition): Schlafzimmer Rolllade | Current State: 0
[22:35:49] [HomeKit] GET Anfrage für Nils Zimmer Licht
[22:35:49] [HomeKit] GET Anfrage für Feuchtigkeit Garten
[22:35:49] [HomeKit] GET Anfrage (Target): Wohnzimmer Rolllade Fenster | Current Target State: 0
[22:35:49] [HomeKit] GET Anfrage (CurrentPosition): Wohnzimmer Rolllade Fenster | Current State: 0
[22:35:49] [HomeKit] GET Anfrage für Eingangs Flur Licht
[22:35:49] [HomeKit] GET Anfrage für Fernseher
[22:35:49] [HomeKit] GET Anfrage für Nils Dachboden Licht
[22:35:49] [HomeKit] GET Anfrage (Target): Arbeitszimmer Rolllade Garten | Current Target State: 0
[22:35:49] [HomeKit] GET Anfrage (CurrentPosition): Arbeitszimmer Rolllade Garten | Current State: 0
[22:35:49] [HomeKit] GET Anfrage für Subwoofer Nils Zimmer
[22:35:49] [HomeKit] GET Anfrage für Feuchtigkeit Wohnzimmer
[22:35:49] [HomeKit] GET Anfrage (CurrentPosition): Arbeitszimmer Rolllade Kindergarten | Current State: 0
[22:35:49] [HomeKit] GET Anfrage (Target): Arbeitszimmer Rolllade Kindergarten | Current Target State: 0
[22:35:49] [HomeKit] GET Anfrage für Brunnen
[22:35:49] [HomeKit] GET Anfrage für Temperatur Garten
[22:35:49] [HomeKit] GET Anfrage für Arbeitszimmer Licht
[22:35:52] [HomeKit] SET Befehlt: 0
[22:35:52] [HomeKit] AUSSSSSS
[22:35:52] [HomeKit] Callback
[22:35:53] [HomeKit] SET Befehlt: 0
[22:35:53] [HomeKit] AUSSSSSS
[22:35:53] [HomeKit] Callback
[22:35:54] [HomeKit] SET Befehl0
[22:35:54] [HomeKit] AUSSSSSS
[22:38:26] [HomeKit] Update Feuchtigkeit Wohnzimmer
[22:39:06] [HomeKit] GET Anfrage für LED Kette Nils
[22:39:06] [HomeKit] GET Anfrage für Nils Dachboden Licht
[22:39:06] [HomeKit] GET Anfrage für Kompressor
[22:39:06] [HomeKit] GET Anfrage (Target): Nils Rolllade | Current Target State: 0
[22:39:06] [HomeKit] GET Anfrage (CurrentPosition): Nils Rolllade | Current State: 0
[22:39:06] [HomeKit] GET Anfrage für Temperatur Garten
[22:39:06] [HomeKit] GET Anfrage für Feuchtigkeit Garten
[22:39:06] [HomeKit] GET Anfrage für Treppe Licht Pflanze
[22:39:06] [HomeKit] GET Anfrage für Nils Zimmer Licht
[22:39:06] [HomeKit] GET Anfrage für Subwoofer Nils Zimmer
[22:40:16] [HomeKit] Update Temperatur Garten
[22:40:16] [HomeKit] Update Feuchtigkeit Garten
[22:43:39] [HomeKit] Update Feuchtigkeit Wohnzimmer
[22:45:29] [HomeKit] Update Feuchtigkeit Garten
[22:48:52] [HomeKit] Update Feuchtigkeit Wohnzimmer
[22:50:42] [HomeKit] Update Temperatur Garten
[22:54:05] [HomeKit] Update Feuchtigkeit Wohnzimmer
[22:55:55] [HomeKit] Update Feuchtigkeit Garten
[22:59:18] [HomeKit] Update Feuchtigkeit Wohnzimmer
[23:01:08] [HomeKit] Update Feuchtigkeit Garten
[23:11:34] [HomeKit] Update Temperatur Garten
[23:11:34] [HomeKit] Update Feuchtigkeit Garten
[23:14:57] [HomeKit] Update Temperatur Wohnzimmer
[23:14:57] [HomeKit] Update Feuchtigkeit Wohnzimmer
[23:16:47] [HomeKit] Update Feuchtigkeit Garten
[23:20:10] [HomeKit] Update Feuchtigkeit Wohnzimmer
[23:22:00] [HomeKit] Update Feuchtigkeit Garten
[23:27:13] [HomeKit] Update Feuchtigkeit Garten
[23:30:36] [HomeKit] Update Feuchtigkeit Wohnzimmer
[23:32:26] [HomeKit] Update Feuchtigkeit Garten
[23:37:39] [HomeKit] Update Feuchtigkeit Garten
[23:41:02] [HomeKit] Update Feuchtigkeit Wohnzimmer
[23:42:52] [HomeKit] Update Feuchtigkeit Garten
[23:48:05] [HomeKit] Update Temperatur Garten
[23:48:05] [HomeKit] Update Feuchtigkeit Garten
[23:53:18] [HomeKit] Update Temperatur Garten
[23:56:41] [HomeKit] Update Feuchtigkeit Wohnzimmer
[23:58:31] [HomeKit] Update Temperatur Garten
[23:58:31] [HomeKit] Update Feuchtigkeit Garten
[00:03:11] [HomeKit] Update Feuchtigkeit Garten
[00:08:24] [HomeKit] Update Feuchtigkeit Garten
[00:11:33] [HomeKit] Update Temperatur Wohnzimmer
[00:18:50] [HomeKit] Update Temperatur Garten
[00:18:50] [HomeKit] Update Feuchtigkeit Garten
[00:24:03] [HomeKit] Update Temperatur Garten
[00:34:29] [HomeKit] Update Temperatur Garten
[00:37:38] [HomeKit] Update Temperatur Wohnzimmer
[00:50:08] [HomeKit] Update Feuchtigkeit Garten
[00:55:21] [HomeKit] Update Feuchtigkeit Garten
[01:05:47] [HomeKit] Update Feuchtigkeit Garten
[01:11:00] [HomeKit] Update Feuchtigkeit Garten
[01:26:39] [HomeKit] Update Feuchtigkeit Garten
[01:35:02] [HomeKit] Update Temperatur Wohnzimmer
[01:50:41] [HomeKit] Update Temperatur Wohnzimmer
[01:52:44] [HomeKit] Update Feuchtigkeit Garten
[01:55:54] [HomeKit] Update Temperatur Wohnzimmer
[01:57:57] [HomeKit] Update Feuchtigkeit Garten
[02:03:10] [HomeKit] Update Temperatur Garten
[02:18:49] [HomeKit] Update Feuchtigkeit Garten
[02:34:28] [HomeKit] Update Temperatur Garten
[02:34:28] [HomeKit] Update Feuchtigkeit Garten
[03:03:43] [HomeKit] Update Temperatur Wohnzimmer
[03:05:46] [HomeKit] Update Feuchtigkeit Garten
[03:21:26] [HomeKit] Update Feuchtigkeit Garten
[03:37:05] [HomeKit] Update Feuchtigkeit Garten
[03:47:31] [HomeKit] Update Feuchtigkeit Garten
[04:13:36] [HomeKit] Update Temperatur Garten
[04:13:36] [HomeKit] Update Feuchtigkeit Garten
[04:18:49] [HomeKit] Update Feuchtigkeit Garten
[04:24:02] [HomeKit] Update Temperatur Garten
[04:24:02] [HomeKit] Update Feuchtigkeit Garten
[04:29:15] [HomeKit] Update Temperatur Garten
[04:42:50] [HomeKit] Update Temperatur Wohnzimmer
[04:44:54] [HomeKit] Update Feuchtigkeit Garten
[04:50:07] [HomeKit] Update Temperatur Garten
[04:50:07] [HomeKit] Update Feuchtigkeit Garten
[04:55:20] [HomeKit] Update Feuchtigkeit Garten
[05:00:33] [HomeKit] Update Feuchtigkeit Garten
[05:10:59] [HomeKit] Update Feuchtigkeit Garten
[05:16:12] [HomeKit] Update Temperatur Garten
[05:16:12] [HomeKit] Update Feuchtigkeit Garten
[05:21:25] [HomeKit] Update Feuchtigkeit Garten
[05:31:51] [HomeKit] Update Feuchtigkeit Garten
[05:47:30] [HomeKit] Update Feuchtigkeit Garten
[05:52:43] [HomeKit] Update Temperatur Garten
[05:52:43] [HomeKit] Update Feuchtigkeit Garten
[05:57:56] [HomeKit] Update Feuchtigkeit Garten
[06:03:09] [HomeKit] Update Feuchtigkeit Garten
[06:08:22] [HomeKit] Update Feuchtigkeit Garten
[06:11:31] [HomeKit] Update Temperatur Wohnzimmer
[06:13:35] [HomeKit] Update Temperatur Garten
[06:13:35] [HomeKit] Update Feuchtigkeit Garten
[06:18:48] [HomeKit] Update Temperatur Garten
[06:23:39] [HomeKit] GET Anfrage für LED Kette Nils
[06:23:39] [HomeKit] GET Anfrage für Nils Dachboden Licht
[06:23:39] [HomeKit] GET Anfrage für Kompressor
[06:23:39] [HomeKit] GET Anfrage (Target): Nils Rolllade | Current Target State: 0
[06:23:39] [HomeKit] GET Anfrage (CurrentPosition): Nils Rolllade | Current State: 0
[06:23:39] [HomeKit] GET Anfrage für Temperatur Garten
[06:23:39] [HomeKit] GET Anfrage für Feuchtigkeit Garten
[06:23:39] [HomeKit] GET Anfrage für Subwoofer Nils Zimmer
[06:23:39] [HomeKit] GET Anfrage für Nils Zimmer Licht
[06:23:39] [HomeKit] GET Anfrage für Treppe Licht Pflanze
[06:24:22] [HomeKit] GET Anfrage für LED Kette Nils
[06:24:22] [HomeKit] GET Anfrage für Nils Dachboden Licht
[06:24:22] [HomeKit] GET Anfrage für Kompressor
[06:24:22] [HomeKit] GET Anfrage (Target): Nils Rolllade | Current Target State: 0
[06:24:22] [HomeKit] GET Anfrage (CurrentPosition): Nils Rolllade | Current State: 0
[06:24:22] [HomeKit] GET Anfrage für Temperatur Garten
[06:24:22] [HomeKit] GET Anfrage für Feuchtigkeit Garten
[06:24:22] [HomeKit] GET Anfrage für Subwoofer Nils Zimmer
[06:24:22] [HomeKit] GET Anfrage für Nils Zimmer Licht
[06:24:22] [HomeKit] GET Anfrage für Treppe Licht Pflanze
[06:27:21] [HomeKit] GET Anfrage für LED Kette Nils
[06:27:21] [HomeKit] GET Anfrage für Nils Dachboden Licht
[06:27:21] [HomeKit] GET Anfrage für Kompressor
[06:27:21] [HomeKit] GET Anfrage (Target): Nils Rolllade | Current Target State: 0
[06:27:21] [HomeKit] GET Anfrage (CurrentPosition): Nils Rolllade | Current State: 0
[06:27:21] [HomeKit] GET Anfrage für Temperatur Garten
[06:27:21] [HomeKit] GET Anfrage für Feuchtigkeit Garten
[06:27:21] [HomeKit] GET Anfrage für Subwoofer Nils Zimmer
[06:27:21] [HomeKit] GET Anfrage für Nils Zimmer Licht
[06:27:21] [HomeKit] GET Anfrage für Treppe Licht Pflanze
[06:29:14] [HomeKit] Update Temperatur Garten
[06:29:14] [HomeKit] Update Feuchtigkeit Garten
[06:55:20] [HomeKit] Update Feuchtigkeit Garten
[07:06:24] [HomeKit] Update Wohnzimmer Rolllade Fenster
[07:06:26] [HomeKit] Update Wohnzimmer Rolllade Tür
[07:10:59] [HomeKit] Update Temperatur Garten
[07:10:59] [HomeKit] Update Feuchtigkeit Garten
[07:19:41] [HomeKit] GET Anfrage (CurrentPosition): Küche Rolllade | Current State: 0
[07:19:41] [HomeKit] GET Anfrage (Target): Küche Rolllade | Current Target State: 0
[07:19:41] [HomeKit] GET Anfrage für LED Kette Nils
[07:19:41] [HomeKit] GET Anfrage für Treppe Licht Pflanze
[07:19:41] [HomeKit] GET Anfrage (Target): Nils Rolllade | Current Target State: 0
[07:19:41] [HomeKit] GET Anfrage (CurrentPosition): Nils Rolllade | Current State: 0
[07:19:41] [HomeKit] GET Anfrage (Target): Gäste WC Rolllade | Current Target State: 0
[07:19:41] [HomeKit] GET Anfrage (CurrentPosition): Gäste WC Rolllade | Current State: 0
[07:19:41] [HomeKit] GET Anfrage für Keller Licht
[07:19:41] [HomeKit] GET Anfrage (Target): Wohnzimmer Rolllade Tür | Current Target State: 100
[07:19:41] [HomeKit] GET Anfrage (CurrentPosition): Wohnzimmer Rolllade Tür | Current State: 100
[07:19:41] [HomeKit] GET Anfrage für Feuchtigkeit Garten
[07:19:41] [HomeKit] GET Anfrage für Nils Zimmer Licht
[07:19:41] [HomeKit] GET Anfrage (Target): Schlafzimmer Rolllade | Current Target State: 0
[07:19:41] [HomeKit] GET Anfrage (CurrentPosition): Schlafzimmer Rolllade | Current State: 0
[07:19:41] [HomeKit] GET Anfrage für Kompressor
[07:19:41] [HomeKit] GET Anfrage (Target): Wohnzimmer Rolllade Fenster | Current Target State: 100
[07:19:41] [HomeKit] GET Anfrage (CurrentPosition): Wohnzimmer Rolllade Fenster | Current State: 100
[07:19:41] [HomeKit] GET Anfrage für Eingangs Flur Licht
[07:19:41] [HomeKit] GET Anfrage für Fernseher
[07:19:41] [HomeKit] GET Anfrage für Nils Dachboden Licht
[07:19:41] [HomeKit] GET Anfrage (CurrentPosition): Arbeitszimmer Rolllade Garten | Current State: 0
[07:19:41] [HomeKit] GET Anfrage (Target): Arbeitszimmer Rolllade Garten | Current Target State: 0
[07:19:41] [HomeKit] GET Anfrage für Subwoofer Nils Zimmer
[07:19:41] [HomeKit] GET Anfrage (Target): Arbeitszimmer Rolllade Kindergarten | Current Target State: 0
[07:19:41] [HomeKit] GET Anfrage (CurrentPosition): Arbeitszimmer Rolllade Kindergarten | Current State: 0
[07:19:41] [HomeKit] GET Anfrage für Feuchtigkeit Wohnzimmer
[07:19:41] [HomeKit] GET Anfrage für Brunnen
[07:19:41] [HomeKit] GET Anfrage für Temperatur Garten
[07:19:41] [HomeKit] GET Anfrage für Arbeitszimmer Licht
[07:19:44] [HomeKit] SET Befehlt: 0
[07:19:44] [HomeKit] AUSSSSSS
[07:19:44] [HomeKit] Callback
[07:21:25] [HomeKit] Update Feuchtigkeit Garten
[07:26:38] [HomeKit] Update Feuchtigkeit Garten
[07:31:51] [HomeKit] Update Feuchtigkeit Garten
[07:40:13] [HomeKit] Update Temperatur Wohnzimmer
[07:42:17] [HomeKit] Update Feuchtigkeit Garten
[07:43:58] [HomeKit] Update Küche Rolllade
[07:47:30] [HomeKit] Update Feuchtigkeit Garten
[07:50:39] [HomeKit] Update Temperatur Wohnzimmer
[07:52:43] [HomeKit] Update Temperatur Garten
[07:52:43] [HomeKit] Update Feuchtigkeit Garten
[07:57:56] [HomeKit] Update Temperatur Garten
[08:03:09] [HomeKit] Update Temperatur Garten
[08:03:09] [HomeKit] Update Feuchtigkeit Garten
[08:08:22] [HomeKit] Update Feuchtigkeit Garten
[08:13:35] [HomeKit] Update Temperatur Garten
[08:18:48] [HomeKit] Update Feuchtigkeit Garten
[08:24:01] [HomeKit] Update Feuchtigkeit Garten
[08:29:14] [HomeKit] Update Feuchtigkeit Garten
[08:30:00] [HomeKit] Update Nils Rolllade
[08:30:06] [HomeKit] Update Gäste WC Rolllade
[08:30:08] [HomeKit] Update Arbeitszimmer Rolllade Garten
[08:30:09] [HomeKit] Update Arbeitszimmer Rolllade Kindergarten
[08:30:09] [HomeKit] Update Schlafzimmer Rolllade
[08:34:27] [HomeKit] Update Feuchtigkeit Garten
[08:39:40] [HomeKit] Update Feuchtigkeit Garten
[08:42:49] [HomeKit] Update Temperatur Wohnzimmer
[08:44:53] [HomeKit] Update Feuchtigkeit Garten
[08:50:06] [HomeKit] Update Temperatur Garten
[08:50:06] [HomeKit] Update Feuchtigkeit Garten
[08:55:19] [HomeKit] Update Feuchtigkeit Garten
[09:00:32] [HomeKit] Update Temperatur Garten
[09:00:32] [HomeKit] Update Feuchtigkeit Garten
[09:05:45] [HomeKit] Update Feuchtigkeit Garten
[09:10:58] [HomeKit] Update Temperatur Garten
[09:10:58] [HomeKit] Update Feuchtigkeit Garten
[09:16:11] [HomeKit] Update Feuchtigkeit Garten
[09:21:24] [HomeKit] Update Temperatur Garten
[09:26:37] [HomeKit] Update Feuchtigkeit Garten
[09:34:59] [HomeKit] Update Temperatur Wohnzimmer
[09:37:03] [HomeKit] Update Temperatur Garten
[09:37:03] [HomeKit] Update Feuchtigkeit Garten
[09:42:16] [HomeKit] Update Feuchtigkeit Garten
[09:52:42] [HomeKit] Update Feuchtigkeit Garten
[09:57:55] [HomeKit] Update Feuchtigkeit Garten
[10:03:08] [HomeKit] Update Feuchtigkeit Garten
[10:08:21] [HomeKit] Update Feuchtigkeit Garten
[10:13:34] [HomeKit] Update Feuchtigkeit Garten
[10:18:47] [HomeKit] Update Temperatur Garten
[10:24:01] [HomeKit] Update Temperatur Garten
[10:24:01] [HomeKit] Update Feuchtigkeit Garten
[10:29:14] [HomeKit] Update Feuchtigkeit Garten
[10:34:27] [HomeKit] Update Temperatur Garten
[10:34:27] [HomeKit] Update Feuchtigkeit Garten
[10:39:40] [HomeKit] Update Temperatur Garten
[10:39:40] [HomeKit] Update Feuchtigkeit Garten
[10:42:48] [HomeKit] Update Temperatur Wohnzimmer
[10:44:53] [HomeKit] Update Feuchtigkeit Garten
[10:50:06] [HomeKit] Update Temperatur Garten
[10:50:06] [HomeKit] Update Feuchtigkeit Garten
[11:00:32] [HomeKit] Update Feuchtigkeit Garten
[11:03:24] [HomeKit] GET Anfrage für Feuchtigkeit Garten
[11:03:24] [HomeKit] GET Anfrage für Subwoofer Nils Zimmer
[11:03:24] [HomeKit] GET Anfrage (Target): Nils Rolllade | Current Target State: 100
[11:03:24] [HomeKit] GET Anfrage (CurrentPosition): Nils Rolllade | Current State: 100
[11:03:24] [HomeKit] GET Anfrage für Kompressor
[11:03:24] [HomeKit] GET Anfrage für Temperatur Garten
[11:03:24] [HomeKit] GET Anfrage für LED Kette Nils
[11:03:24] [HomeKit] GET Anfrage für Nils Dachboden Licht
[11:03:24] [HomeKit] GET Anfrage für Nils Zimmer Licht
[11:03:24] [HomeKit] GET Anfrage für Treppe Licht Pflanze
[11:05:45] [HomeKit] Update Feuchtigkeit Garten
[11:10:58] [HomeKit] Update Feuchtigkeit Garten
[11:14:02] [HomeKit] GET Anfrage für Feuchtigkeit Garten
[11:14:02] [HomeKit] GET Anfrage für Subwoofer Nils Zimmer
[11:14:02] [HomeKit] GET Anfrage (Target): Nils Rolllade | Current Target State: 100
[11:14:02] [HomeKit] GET Anfrage (CurrentPosition): Nils Rolllade | Current State: 100
[11:14:02] [HomeKit] GET Anfrage für Kompressor
[11:14:02] [HomeKit] GET Anfrage für Temperatur Garten
[11:14:02] [HomeKit] GET Anfrage für LED Kette Nils
[11:14:02] [HomeKit] GET Anfrage für Nils Dachboden Licht
[11:14:02] [HomeKit] GET Anfrage für Nils Zimmer Licht
[11:14:02] [HomeKit] GET Anfrage für Treppe Licht Pflanze
[11:16:11] [HomeKit] Update Temperatur Garten
[11:16:11] [HomeKit] Update Feuchtigkeit Garten
[11:26:37] [HomeKit] Update Temperatur Garten
[11:26:37] [HomeKit] Update Feuchtigkeit Garten
[11:31:50] [HomeKit] Update Feuchtigkeit Garten
[11:37:03] [HomeKit] Update Temperatur Garten
[11:42:16] [HomeKit] Update Feuchtigkeit Garten
[11:47:29] [HomeKit] Update Feuchtigkeit Garten
[11:52:42] [HomeKit] Update Temperatur Garten
[11:52:42] [HomeKit] Update Feuchtigkeit Garten
[11:57:55] [HomeKit] Update Temperatur Garten
[11:57:55] [HomeKit] Update Feuchtigkeit Garten
[12:08:21] [HomeKit] Update Temperatur Garten
[12:11:29] [HomeKit] Update Temperatur Wohnzimmer
[12:13:34] [HomeKit] Update Temperatur Garten
[12:34:26] [HomeKit] Update Temperatur Garten
[12:34:26] [HomeKit] Update Feuchtigkeit Garten
[12:37:35] [HomeKit] Update Temperatur Wohnzimmer
[12:39:39] [HomeKit] Update Feuchtigkeit Garten
[12:44:52] [HomeKit] Update Feuchtigkeit Garten
[12:50:05] [HomeKit] Update Temperatur Garten
[12:50:05] [HomeKit] Update Feuchtigkeit Garten
[12:55:18] [HomeKit] Update Temperatur Garten
[12:55:18] [HomeKit] Update Feuchtigkeit Garten
[13:00:31] [HomeKit] Update Temperatur Garten
[13:00:31] [HomeKit] Update Feuchtigkeit Garten
[13:10:57] [HomeKit] Update Temperatur Garten
[13:16:10] [HomeKit] Update Temperatur Garten
[13:16:10] [HomeKit] Update Feuchtigkeit Garten
[13:19:19] [HomeKit] Update Temperatur Wohnzimmer
[13:21:23] [HomeKit] Update Temperatur Garten
[13:21:23] [HomeKit] Update Feuchtigkeit Garten
[13:26:36] [HomeKit] Update Feuchtigkeit Garten
[13:31:49] [HomeKit] Update Feuchtigkeit Garten
[13:37:02] [HomeKit] Update Feuchtigkeit Garten
[13:42:15] [HomeKit] Update Temperatur Garten
[13:47:28] [HomeKit] Update Temperatur Garten
[13:47:29] [HomeKit] Update Feuchtigkeit Garten
[13:52:42] [HomeKit] Update Feuchtigkeit Garten
[13:57:55] [HomeKit] Update Feuchtigkeit Garten
[14:03:08] [HomeKit] Update Temperatur Garten
[14:03:08] [HomeKit] Update Feuchtigkeit Garten
[14:08:21] [HomeKit] Update Feuchtigkeit Garten
[14:18:47] [HomeKit] Update Temperatur Garten
[14:18:47] [HomeKit] Update Feuchtigkeit Garten
[14:24:00] [HomeKit] Update Feuchtigkeit Garten
[14:29:13] [HomeKit] Update Temperatur Garten
[14:34:26] [HomeKit] Update Feuchtigkeit Garten
[14:39:39] [HomeKit] Update Temperatur Garten
[14:39:39] [HomeKit] Update Feuchtigkeit Garten
[14:44:52] [HomeKit] Update Temperatur Garten
[14:50:05] [HomeKit] Update Temperatur Garten
[14:55:18] [HomeKit] Update Feuchtigkeit Garten
[15:00:31] [HomeKit] Update Feuchtigkeit Garten
[15:05:44] [HomeKit] Update Temperatur Garten
[15:10:57] [HomeKit] Update Feuchtigkeit Garten
[15:26:36] [HomeKit] Update Feuchtigkeit Garten
[15:31:49] [HomeKit] Update Temperatur Garten
[15:37:02] [HomeKit] Update Temperatur Garten
[15:42:15] [HomeKit] Update Feuchtigkeit Garten
[15:47:28] [HomeKit] Update Feuchtigkeit Garten
[15:52:41] [HomeKit] Update Feuchtigkeit Garten
[15:57:54] [HomeKit] Update Temperatur Garten
[15:57:54] [HomeKit] Update Feuchtigkeit Garten
[16:03:07] [HomeKit] Update Temperatur Garten
[16:03:07] [HomeKit] Update Feuchtigkeit Garten
[16:18:46] [HomeKit] Update Feuchtigkeit Garten
[16:23:59] [HomeKit] Update Temperatur Garten
[16:23:59] [HomeKit] Update Feuchtigkeit Garten
[16:29:12] [HomeKit] Update Feuchtigkeit Garten
[16:34:25] [HomeKit] Update Feuchtigkeit Garten
[16:39:38] [HomeKit] Update Feuchtigkeit Garten
[16:50:04] [HomeKit] Update Temperatur Garten
[16:55:17] [HomeKit] Update Feuchtigkeit Garten
[17:00:30] [HomeKit] Update Feuchtigkeit Garten
[17:05:43] [HomeKit] Update Feuchtigkeit Garten
[17:10:56] [HomeKit] Update Temperatur Garten
[17:10:56] [HomeKit] Update Feuchtigkeit Garten
[17:16:09] [HomeKit] Update Feuchtigkeit Garten
[17:31:00] [HomeKit] Update Gäste WC Rolllade
[17:31:02] [HomeKit] Update Wohnzimmer Rolllade Fenster
[17:31:03] [HomeKit] Update Küche Rolllade
[17:31:05] [HomeKit] Update Wohnzimmer Rolllade Tür
[17:31:10] [HomeKit] Update Nils Rolllade
[17:31:11] [HomeKit] Update Arbeitszimmer Rolllade Garten
[17:31:12] [HomeKit] Update Arbeitszimmer Rolllade Kindergarten
[17:31:13] [HomeKit] Update Schlafzimmer Rolllade
[17:37:02] [HomeKit] Update Temperatur Garten
[17:39:09] [HomeKit] GET Anfrage für Feuchtigkeit Garten
[17:39:09] [HomeKit] GET Anfrage (Target): Wohnzimmer Rolllade Fenster | Current Target State: 0
[17:39:09] [HomeKit] GET Anfrage (CurrentPosition): Wohnzimmer Rolllade Fenster | Current State: 0
[17:39:09] [HomeKit] GET Anfrage für Subwoofer Nils Zimmer
[17:39:09] [HomeKit] GET Anfrage (Target): Arbeitszimmer Rolllade Kindergarten | Current Target State: 0
[17:39:09] [HomeKit] GET Anfrage (CurrentPosition): Arbeitszimmer Rolllade Kindergarten | Current State: 0
[17:39:09] [HomeKit] GET Anfrage für LED Kette Nils
[17:39:09] [HomeKit] GET Anfrage (CurrentPosition): Nils Rolllade | Current State: 0
[17:39:09] [HomeKit] GET Anfrage (Target): Nils Rolllade | Current Target State: 0
[17:39:09] [HomeKit] GET Anfrage für Feuchtigkeit Wohnzimmer
[17:39:09] [HomeKit] GET Anfrage für Treppe Licht Pflanze
[17:39:09] [HomeKit] GET Anfrage (Target): Wohnzimmer Rolllade Tür | Current Target State: 0
[17:39:09] [HomeKit] GET Anfrage (CurrentPosition): Wohnzimmer Rolllade Tür | Current State: 0
[17:39:09] [HomeKit] GET Anfrage (Target): Küche Rolllade | Current Target State: 0
[17:39:09] [HomeKit] GET Anfrage (CurrentPosition): Küche Rolllade | Current State: 0
[17:39:09] [HomeKit] GET Anfrage für Eingangs Flur Licht
[17:39:09] [HomeKit] GET Anfrage für Nils Dachboden Licht
[17:39:09] [HomeKit] GET Anfrage für Brunnen
[17:39:09] [HomeKit] GET Anfrage für Arbeitszimmer Licht
[17:39:09] [HomeKit] GET Anfrage (Target): Gäste WC Rolllade | Current Target State: 0
[17:39:09] [HomeKit] GET Anfrage (CurrentPosition): Gäste WC Rolllade | Current State: 0
[17:39:09] [HomeKit] GET Anfrage für Fernseher
[17:39:09] [HomeKit] GET Anfrage für Kompressor
[17:39:09] [HomeKit] GET Anfrage für Nils Zimmer Licht
[17:39:09] [HomeKit] GET Anfrage für Keller Licht
[17:39:09] [HomeKit] GET Anfrage (Target): Arbeitszimmer Rolllade Garten | Current Target State: 0
[17:39:09] [HomeKit] GET Anfrage (CurrentPosition): Arbeitszimmer Rolllade Garten | Current State: 0
[17:39:09] [HomeKit] GET Anfrage für Temperatur Garten
[17:39:09] [HomeKit] GET Anfrage (Target): Schlafzimmer Rolllade | Current Target State: 0
[17:39:09] [HomeKit] GET Anfrage (CurrentPosition): Schlafzimmer Rolllade | Current State: 0
[17:40:09] [HomeKit] Update Temperatur Wohnzimmer
[17:42:15] [HomeKit] Update Feuchtigkeit Garten
[17:45:22] [HomeKit] Update Temperatur Wohnzimmer
[17:47:28] [HomeKit] Update Temperatur Garten
[17:52:41] [HomeKit] Update Feuchtigkeit Garten
[17:55:48] [HomeKit] Update Temperatur Wohnzimmer
[17:57:54] [HomeKit] Update Temperatur Garten
[17:57:54] [HomeKit] Update Feuchtigkeit Garten
[18:01:01] [HomeKit] Update Temperatur Wohnzimmer
[18:03:07] [HomeKit] Update Temperatur Garten
[18:08:20] [HomeKit] Update Temperatur Garten
[18:08:20] [HomeKit] Update Feuchtigkeit Garten
[18:13:33] [HomeKit] Update Temperatur Garten
[18:13:33] [HomeKit] Update Feuchtigkeit Garten
[18:23:59] [HomeKit] Update Temperatur Garten
[18:23:59] [HomeKit] Update Feuchtigkeit Garten
[18:29:12] [HomeKit] Update Temperatur Garten
[18:29:12] [HomeKit] Update Feuchtigkeit Garten
[18:39:38] [HomeKit] Update Temperatur Garten
[18:39:38] [HomeKit] Update Feuchtigkeit Garten
[18:44:51] [HomeKit] Update Temperatur Garten
[18:44:51] [HomeKit] Update Feuchtigkeit Garten
[19:00:30] [HomeKit] Update Temperatur Garten
[19:00:30] [HomeKit] Update Feuchtigkeit Garten
[19:05:43] [HomeKit] Update Temperatur Garten
[19:16:09] [HomeKit] Update Temperatur Garten
[19:16:09] [HomeKit] Update Feuchtigkeit Garten
[19:19:17] [HomeKit] Update Temperatur Wohnzimmer
[19:21:22] [HomeKit] Update Temperatur Garten
[19:21:22] [HomeKit] Update Feuchtigkeit Garten
[19:24:30] [HomeKit] Update Temperatur Wohnzimmer
[19:26:35] [HomeKit] Update Feuchtigkeit Garten
[19:31:48] [HomeKit] Update Feuchtigkeit Garten
[19:47:27] [HomeKit] Update Temperatur Garten
[19:47:27] [HomeKit] Update Feuchtigkeit Garten
[19:52:40] [HomeKit] Update Feuchtigkeit Garten
[19:57:53] [HomeKit] Update Feuchtigkeit Garten
[20:01:01] [HomeKit] Update Temperatur Wohnzimmer
[20:03:06] [HomeKit] Update Feuchtigkeit Garten
[20:08:19] [HomeKit] Update Temperatur Garten
[20:08:19] [HomeKit] Update Feuchtigkeit Garten
[20:13:32] [HomeKit] Update Feuchtigkeit Garten
[20:16:40] [HomeKit] Update Temperatur Wohnzimmer
[20:18:45] [HomeKit] Update Temperatur Garten
[20:18:45] [HomeKit] Update Feuchtigkeit Garten
[20:21:53] [HomeKit] Update Temperatur Wohnzimmer
[20:23:58] [HomeKit] Update Temperatur Garten
[20:23:58] [HomeKit] Update Feuchtigkeit Garten
[20:29:11] [HomeKit] Update Temperatur Garten
[20:29:11] [HomeKit] Update Feuchtigkeit Garten
[20:32:19] [HomeKit] Update Temperatur Wohnzimmer
[20:34:24] [HomeKit] Update Feuchtigkeit Garten
[20:39:37] [HomeKit] Update Feuchtigkeit Garten
[20:44:50] [HomeKit] Update Feuchtigkeit Garten
[20:50:03] [HomeKit] Update Feuchtigkeit Garten
[20:55:16] [HomeKit] Update Temperatur Garten
[20:55:16] [HomeKit] Update Feuchtigkeit Garten
[21:00:30] [HomeKit] Update Temperatur Garten
[21:05:43] [HomeKit] Update Feuchtigkeit Garten
[21:10:56] [HomeKit] Update Feuchtigkeit Garten
[21:16:09] [HomeKit] Update Feuchtigkeit Garten
[21:21:22] [HomeKit] Update Temperatur Garten
[21:26:35] [HomeKit] Update Feuchtigkeit Garten
[21:29:42] [HomeKit] Update Temperatur Wohnzimmer
[21:31:48] [HomeKit] Update Temperatur Garten
[21:37:01] [HomeKit] Update Feuchtigkeit Garten
[21:42:14] [HomeKit] Update Feuchtigkeit Garten
[21:47:27] [HomeKit] Update Temperatur Garten
[21:47:27] [HomeKit] Update Feuchtigkeit Garten
[21:52:40] [HomeKit] Update Feuchtigkeit Garten
[21:53:52] [HomeKit] Update Küche Rolllade
[21:53:56] [HomeKit] Update Wohnzimmer Rolllade Tür
[21:54:01] [HomeKit] Update Küche Rolllade
[21:57:53] [HomeKit] Update Temperatur Garten
[21:57:53] [HomeKit] Update Feuchtigkeit Garten
[22:00:13] [HomeKit] Update Wohnzimmer Rolllade Tür
[22:03:06] [HomeKit] Update Feuchtigkeit Garten
[22:08:19] [HomeKit] Update Temperatur Garten
[22:08:19] [HomeKit] Update Feuchtigkeit Garten
[22:18:45] [HomeKit] Update Temperatur Garten
[22:23:58] [HomeKit] Update Temperatur Garten
[22:23:58] [HomeKit] Update Feuchtigkeit Garten
[22:29:11] [HomeKit] Update Temperatur Garten
[22:29:11] [HomeKit] Update Feuchtigkeit Garten
[22:34:24] [HomeKit] Update Feuchtigkeit Garten
[22:37:31] [HomeKit] Update Temperatur Wohnzimmer
[22:39:37] [HomeKit] Update Temperatur Garten
[22:42:44] [HomeKit] Update Temperatur Wohnzimmer
[22:44:50] [HomeKit] Update Feuchtigkeit Garten
[22:50:03] [HomeKit] Update Temperatur Garten
[22:50:03] [HomeKit] Update Feuchtigkeit Garten
[22:55:16] [HomeKit] Update Temperatur Garten
[22:55:16] [HomeKit] Update Feuchtigkeit Garten
[23:00:29] [HomeKit] Update Temperatur Garten
[23:14:02] [HomeKit] Update Temperatur Wohnzimmer
[23:16:08] [HomeKit] Update Temperatur Garten
[23:16:08] [HomeKit] Update Feuchtigkeit Garten
[23:19:15] [HomeKit] Update Temperatur Wohnzimmer
[23:21:21] [HomeKit] Update Feuchtigkeit Garten
[23:24:28] [HomeKit] Update Temperatur Wohnzimmer
[23:26:34] [HomeKit] Update Temperatur Garten
[23:26:34] [HomeKit] Update Feuchtigkeit Garten
[23:31:47] [HomeKit] Update Feuchtigkeit Garten
[23:37:00] [HomeKit] Update Temperatur Garten
[23:37:00] [HomeKit] Update Feuchtigkeit Garten
[23:42:13] [HomeKit] Update Temperatur Garten
[23:52:39] [HomeKit] Update Temperatur Garten
[23:52:39] [HomeKit] Update Feuchtigkeit Garten
