[00:04:01] [HomeKit] Update Feuchtigkeit Garten
[00:12:44] [HomeKit] Update Feuchtigkeit Wohnzimmer
[00:19:40] [HomeKit] Update Temperatur Garten
[00:23:10] [HomeKit] Update Feuchtigkeit Wohnzimmer
[00:24:53] [HomeKit] Update Feuchtigkeit Garten
[00:33:36] [HomeKit] Update Feuchtigkeit Wohnzimmer
[00:38:49] [HomeKit] Update Feuchtigkeit Wohnzimmer
[00:40:33] [HomeKit] Update Temperatur Garten
[00:44:02] [HomeKit] Update Feuchtigkeit Wohnzimmer
[00:45:46] [HomeKit] Update Feuchtigkeit Garten
[00:50:59] [HomeKit] Update Feuchtigkeit Garten
[00:56:12] [HomeKit] Update Feuchtigkeit Garten
[00:59:41] [HomeKit] Update Feuchtigkeit Wohnzimmer
[01:01:25] [HomeKit] Update Temperatur Garten
[01:04:54] [HomeKit] Update Feuchtigkeit Wohnzimmer
[01:11:51] [HomeKit] Update Feuchtigkeit Garten
[01:17:04] [HomeKit] Update Temperatur Garten
[01:17:04] [HomeKit] Update Feuchtigkeit Garten
[01:20:33] [HomeKit] Update Feuchtigkeit Wohnzimmer
[01:25:46] [HomeKit] Update Feuchtigkeit Wohnzimmer
[01:27:30] [HomeKit] Update Feuchtigkeit Garten
[01:36:12] [HomeKit] Update Feuchtigkeit Wohnzimmer
[01:37:56] [HomeKit] Update Feuchtigkeit Garten
[01:41:25] [HomeKit] Update Feuchtigkeit Wohnzimmer
[01:43:09] [HomeKit] Update Temperatur Garten
[01:43:09] [HomeKit] Update Feuchtigkeit Garten
[01:46:38] [HomeKit] Update Temperatur Wohnzimmer
[01:46:38] [HomeKit] Update Feuchtigkeit Wohnzimmer
[01:48:22] [HomeKit] Update Temperatur Garten
[01:48:22] [HomeKit] Update Feuchtigkeit Garten
[01:51:51] [HomeKit] Update Feuchtigkeit Wohnzimmer
[01:53:35] [HomeKit] Update Feuchtigkeit Garten
[01:58:48] [HomeKit] Update Feuchtigkeit Garten
[02:02:17] [HomeKit] Update Feuchtigkeit Wohnzimmer
[02:09:14] [HomeKit] Update Feuchtigkeit Garten
[02:12:43] [HomeKit] Update Feuchtigkeit Wohnzimmer
[02:17:56] [HomeKit] Update Feuchtigkeit Wohnzimmer
[02:19:40] [HomeKit] Update Feuchtigkeit Garten
[02:28:23] [HomeKit] Update Feuchtigkeit Wohnzimmer
[02:30:06] [HomeKit] Update Temperatur Garten
[02:30:06] [HomeKit] Update Feuchtigkeit Garten
[02:33:36] [HomeKit] Update Feuchtigkeit Wohnzimmer
[02:35:19] [HomeKit] Update Feuchtigkeit Garten
[02:44:02] [HomeKit] Update Feuchtigkeit Wohnzimmer
[02:45:45] [HomeKit] Update Temperatur Garten
[02:50:58] [HomeKit] Update Feuchtigkeit Garten
[02:54:28] [HomeKit] Update Feuchtigkeit Wohnzimmer
[02:56:11] [HomeKit] Update Feuchtigkeit Garten
[03:01:24] [HomeKit] Update Feuchtigkeit Garten
[03:04:54] [HomeKit] Update Feuchtigkeit Wohnzimmer
[03:06:37] [HomeKit] Update Feuchtigkeit Garten
[03:17:03] [HomeKit] Update Temperatur Garten
[03:17:03] [HomeKit] Update Feuchtigkeit Garten
[03:20:33] [HomeKit] Update Feuchtigkeit Wohnzimmer
[03:22:16] [HomeKit] Update Feuchtigkeit Garten
[03:27:29] [HomeKit] Update Feuchtigkeit Garten
[03:30:59] [HomeKit] Update Feuchtigkeit Wohnzimmer
[03:32:42] [HomeKit] Update Feuchtigkeit Garten
[03:36:12] [HomeKit] Update Temperatur Wohnzimmer
[03:36:12] [HomeKit] Update Feuchtigkeit Wohnzimmer
[03:41:25] [HomeKit] Update Temperatur Wohnzimmer
[03:41:25] [HomeKit] Update Feuchtigkeit Wohnzimmer
[03:43:08] [HomeKit] Update Temperatur Garten
[03:43:08] [HomeKit] Update Feuchtigkeit Garten
[03:46:38] [HomeKit] Update Temperatur Wohnzimmer
[03:51:51] [HomeKit] Update Temperatur Wohnzimmer
[03:51:51] [HomeKit] Update Feuchtigkeit Wohnzimmer
[03:53:34] [HomeKit] Update Temperatur Garten
[03:53:34] [HomeKit] Update Feuchtigkeit Garten
[03:57:04] [HomeKit] Update Temperatur Wohnzimmer
[04:07:30] [HomeKit] Update Feuchtigkeit Wohnzimmer
[04:09:13] [HomeKit] Update Feuchtigkeit Garten
[04:14:26] [HomeKit] Update Temperatur Garten
[04:14:26] [HomeKit] Update Feuchtigkeit Garten
[04:17:56] [HomeKit] Update Feuchtigkeit Wohnzimmer
[04:19:40] [HomeKit] Update Feuchtigkeit Garten
[04:24:53] [HomeKit] Update Temperatur Garten
[04:24:53] [HomeKit] Update Feuchtigkeit Garten
[04:28:22] [HomeKit] Update Feuchtigkeit Wohnzimmer
[04:33:35] [HomeKit] Update Feuchtigkeit Wohnzimmer
[04:35:19] [HomeKit] Update Temperatur Garten
[04:35:19] [HomeKit] Update Feuchtigkeit Garten
[04:40:32] [HomeKit] Update Feuchtigkeit Garten
[04:45:45] [HomeKit] Update Feuchtigkeit Garten
[04:50:58] [HomeKit] Update Temperatur Garten
[04:50:58] [HomeKit] Update Feuchtigkeit Garten
[04:54:27] [HomeKit] Update Feuchtigkeit Wohnzimmer
[04:56:11] [HomeKit] Update Temperatur Garten
[04:56:11] [HomeKit] Update Feuchtigkeit Garten
[05:01:24] [HomeKit] Update Feuchtigkeit Garten
[05:04:53] [HomeKit] Update Feuchtigkeit Wohnzimmer
[05:11:50] [HomeKit] Update Temperatur Garten
[05:11:50] [HomeKit] Update Feuchtigkeit Garten
[05:15:19] [HomeKit] Update Feuchtigkeit Wohnzimmer
[05:17:03] [HomeKit] Update Feuchtigkeit Garten
[05:22:16] [HomeKit] Update Feuchtigkeit Garten
[05:25:45] [HomeKit] Update Feuchtigkeit Wohnzimmer
[05:32:42] [HomeKit] Update Feuchtigkeit Garten
[05:41:24] [HomeKit] Update Temperatur Wohnzimmer
[05:41:24] [HomeKit] Update Feuchtigkeit Wohnzimmer
[05:46:37] [HomeKit] Update Temperatur Wohnzimmer
[05:51:50] [HomeKit] Update Temperatur Wohnzimmer
[05:51:50] [HomeKit] Update Feuchtigkeit Wohnzimmer
[05:58:47] [HomeKit] Update Temperatur Garten
[05:58:47] [HomeKit] Update Feuchtigkeit Garten
[06:04:00] [HomeKit] Update Temperatur Garten
[06:04:00] [HomeKit] Update Feuchtigkeit Garten
[06:07:29] [HomeKit] Update Feuchtigkeit Wohnzimmer
[06:09:13] [HomeKit] Update Feuchtigkeit Garten
[06:14:26] [HomeKit] Update Feuchtigkeit Garten
[06:17:55] [HomeKit] Update Feuchtigkeit Wohnzimmer
[06:19:39] [HomeKit] Update Feuchtigkeit Garten
[06:24:52] [HomeKit] Update Feuchtigkeit Garten
[06:26:00] [HomeKit] GET Anfrage für LED Kette Nils
[06:26:00] [HomeKit] GET Anfrage für Nils Dachboden Licht
[06:26:00] [HomeKit] GET Anfrage für Kompressor
[06:26:00] [HomeKit] GET Anfrage (CurrentPosition): Nils Rolllade | Current State: 0
[06:26:00] [HomeKit] GET Anfrage (Target): Nils Rolllade | Current Target State: 0
[06:26:00] [HomeKit] GET Anfrage für Temperatur Garten
[06:26:00] [HomeKit] GET Anfrage für Feuchtigkeit Garten
[06:26:00] [HomeKit] GET Anfrage für Subwoofer Nils Zimmer
[06:26:00] [HomeKit] GET Anfrage für Treppe Licht Pflanze
[06:26:00] [HomeKit] GET Anfrage für Nils Zimmer Licht
[06:27:02] [HomeKit] GET Anfrage für LED Kette Nils
[06:27:02] [HomeKit] GET Anfrage für Nils Dachboden Licht
[06:27:02] [HomeKit] GET Anfrage für Kompressor
[06:27:02] [HomeKit] GET Anfrage (CurrentPosition): Nils Rolllade | Current State: 0
[06:27:02] [HomeKit] GET Anfrage (Target): Nils Rolllade | Current Target State: 0
[06:27:02] [HomeKit] GET Anfrage für Temperatur Garten
[06:27:02] [HomeKit] GET Anfrage für Feuchtigkeit Garten
[06:27:02] [HomeKit] GET Anfrage für Subwoofer Nils Zimmer
[06:27:02] [HomeKit] GET Anfrage für Treppe Licht Pflanze
[06:27:02] [HomeKit] GET Anfrage für Nils Zimmer Licht
[06:28:29] [HomeKit] Update Küche Rolllade
[06:30:05] [HomeKit] Update Feuchtigkeit Garten
[06:33:34] [HomeKit] Update Feuchtigkeit Wohnzimmer
[06:40:31] [HomeKit] Update Temperatur Garten
[06:40:31] [HomeKit] Update Feuchtigkeit Garten
[06:45:44] [HomeKit] Update Temperatur Garten
[06:50:57] [HomeKit] Update Feuchtigkeit Garten
[06:56:10] [HomeKit] Update Temperatur Garten
[07:01:23] [HomeKit] Update Feuchtigkeit Garten
[07:04:52] [HomeKit] Update Feuchtigkeit Wohnzimmer
[07:06:36] [HomeKit] Update Temperatur Garten
[07:06:36] [HomeKit] Update Feuchtigkeit Garten
[07:11:49] [HomeKit] Update Feuchtigkeit Garten
[07:16:07] [HomeKit] GET Anfrage für Feuchtigkeit Garten
[07:16:07] [HomeKit] GET Anfrage für Subwoofer Nils Zimmer
[07:16:07] [HomeKit] GET Anfrage (CurrentPosition): Nils Rolllade | Current State: 0
[07:16:07] [HomeKit] GET Anfrage (Target): Nils Rolllade | Current Target State: 0
[07:16:07] [HomeKit] GET Anfrage für Kompressor
[07:16:07] [HomeKit] GET Anfrage für Temperatur Garten
[07:16:07] [HomeKit] GET Anfrage für LED Kette Nils
[07:16:07] [HomeKit] GET Anfrage für Nils Dachboden Licht
[07:16:07] [HomeKit] GET Anfrage für Treppe Licht Pflanze
[07:16:07] [HomeKit] GET Anfrage für Nils Zimmer Licht
[07:17:02] [HomeKit] Update Feuchtigkeit Garten
[07:22:15] [HomeKit] Update Feuchtigkeit Garten
[07:32:41] [HomeKit] Update Feuchtigkeit Garten
[07:43:07] [HomeKit] Update Feuchtigkeit Garten
[07:46:36] [HomeKit] Update Feuchtigkeit Wohnzimmer
[07:48:20] [HomeKit] Update Feuchtigkeit Garten
[07:51:49] [HomeKit] Update Feuchtigkeit Wohnzimmer
[07:53:33] [HomeKit] Update Temperatur Garten
[08:03:59] [HomeKit] Update Feuchtigkeit Garten
[08:09:13] [HomeKit] Update Temperatur Garten
[08:09:13] [HomeKit] Update Feuchtigkeit Garten
[08:14:00] [HomeKit] Update Wohnzimmer Rolllade Tür
[08:14:02] [HomeKit] Update Wohnzimmer Rolllade Fenster
[08:14:06] [HomeKit] Update Gäste WC Rolllade
[08:14:08] [HomeKit] Update Arbeitszimmer Rolllade Garten
[08:14:09] [HomeKit] Update Arbeitszimmer Rolllade Kindergarten
[08:14:09] [HomeKit] Update Schlafzimmer Rolllade
[08:17:55] [HomeKit] Update Feuchtigkeit Wohnzimmer
[08:19:39] [HomeKit] Update Feuchtigkeit Garten
[08:24:52] [HomeKit] Update Temperatur Garten
[08:24:52] [HomeKit] Update Feuchtigkeit Garten
[08:30:00] [HomeKit] Update Nils Rolllade
[08:35:18] [HomeKit] Update Temperatur Garten
[08:35:18] [HomeKit] Update Feuchtigkeit Garten
[08:38:47] [HomeKit] Update Feuchtigkeit Wohnzimmer
[08:40:31] [HomeKit] Update Feuchtigkeit Garten
[08:49:13] [HomeKit] Update Temperatur Wohnzimmer
[08:49:13] [HomeKit] Update Feuchtigkeit Wohnzimmer
[08:50:57] [HomeKit] Update Feuchtigkeit Garten
[08:54:26] [HomeKit] Update Temperatur Wohnzimmer
[08:59:39] [HomeKit] Update Temperatur Wohnzimmer
[09:04:52] [HomeKit] Update Feuchtigkeit Wohnzimmer
[09:06:36] [HomeKit] Update Temperatur Garten
[09:06:36] [HomeKit] Update Feuchtigkeit Garten
[09:17:02] [HomeKit] Update Temperatur Garten
[09:17:02] [HomeKit] Update Feuchtigkeit Garten
[09:22:15] [HomeKit] Update Temperatur Garten
[09:22:15] [HomeKit] Update Feuchtigkeit Garten
[09:25:44] [HomeKit] Update Feuchtigkeit Wohnzimmer
[09:27:28] [HomeKit] Update Feuchtigkeit Garten
[09:32:41] [HomeKit] Update Temperatur Garten
[09:32:41] [HomeKit] Update Feuchtigkeit Garten
[09:37:54] [HomeKit] Update Temperatur Garten
[09:37:54] [HomeKit] Update Feuchtigkeit Garten
[09:41:23] [HomeKit] Update Feuchtigkeit Wohnzimmer
[09:46:36] [HomeKit] Update Feuchtigkeit Wohnzimmer
[09:51:49] [HomeKit] Update Feuchtigkeit Wohnzimmer
[09:57:02] [HomeKit] Update Feuchtigkeit Wohnzimmer
[10:02:15] [HomeKit] Update Temperatur Wohnzimmer
[10:02:15] [HomeKit] Update Feuchtigkeit Wohnzimmer
[10:03:59] [HomeKit] Update Temperatur Garten
[10:03:59] [HomeKit] Update Feuchtigkeit Garten
[10:07:28] [HomeKit] Update Temperatur Wohnzimmer
[10:07:28] [HomeKit] Update Feuchtigkeit Wohnzimmer
[10:12:41] [HomeKit] Update Feuchtigkeit Wohnzimmer
[10:14:25] [HomeKit] Update Temperatur Garten
[10:17:54] [HomeKit] Update Temperatur Wohnzimmer
[10:17:54] [HomeKit] Update Feuchtigkeit Wohnzimmer
[10:19:38] [HomeKit] Update Feuchtigkeit Garten
[10:23:07] [HomeKit] Update Temperatur Wohnzimmer
[10:23:07] [HomeKit] Update Feuchtigkeit Wohnzimmer
[10:28:20] [HomeKit] Update Temperatur Wohnzimmer
[10:28:20] [HomeKit] Update Feuchtigkeit Wohnzimmer
[10:30:04] [HomeKit] Update Temperatur Garten
[10:30:04] [HomeKit] Update Feuchtigkeit Garten
[10:35:17] [HomeKit] Update Temperatur Garten
[10:35:17] [HomeKit] Update Feuchtigkeit Garten
[10:38:46] [HomeKit] Update Feuchtigkeit Wohnzimmer
[10:40:30] [HomeKit] Update Temperatur Garten
[10:40:30] [HomeKit] Update Feuchtigkeit Garten
[10:45:43] [HomeKit] Update Temperatur Garten
[10:45:43] [HomeKit] Update Feuchtigkeit Garten
[10:56:09] [HomeKit] Update Temperatur Garten
[10:56:09] [HomeKit] Update Feuchtigkeit Garten
[10:59:38] [HomeKit] Update Feuchtigkeit Wohnzimmer
[11:01:22] [HomeKit] Update Temperatur Garten
[11:01:22] [HomeKit] Update Feuchtigkeit Garten
[11:06:35] [HomeKit] Update Temperatur Garten
[11:06:35] [HomeKit] Update Feuchtigkeit Garten
[11:10:04] [HomeKit] Update Feuchtigkeit Wohnzimmer
[11:11:48] [HomeKit] Update Temperatur Garten
[11:11:48] [HomeKit] Update Feuchtigkeit Garten
[11:15:17] [HomeKit] Update Feuchtigkeit Wohnzimmer
[11:17:01] [HomeKit] Update Temperatur Garten
[11:17:01] [HomeKit] Update Feuchtigkeit Garten
[11:22:14] [HomeKit] Update Temperatur Garten
[11:22:14] [HomeKit] Update Feuchtigkeit Garten
[11:25:43] [HomeKit] Update Feuchtigkeit Wohnzimmer
[11:27:27] [HomeKit] Update Temperatur Garten
[11:27:27] [HomeKit] Update Feuchtigkeit Garten
[11:30:56] [HomeKit] Update Feuchtigkeit Wohnzimmer
[11:32:40] [HomeKit] Update Temperatur Garten
[11:32:40] [HomeKit] Update Feuchtigkeit Garten
[11:36:09] [HomeKit] Update Feuchtigkeit Wohnzimmer
[11:40:48] [HomeKit] GET Anfrage für Feuchtigkeit Garten
[11:40:48] [HomeKit] GET Anfrage für Subwoofer Nils Zimmer
[11:40:48] [HomeKit] GET Anfrage (Target): Nils Rolllade | Current Target State: 100
[11:40:48] [HomeKit] GET Anfrage (CurrentPosition): Nils Rolllade | Current State: 100
[11:40:48] [HomeKit] GET Anfrage für Kompressor
[11:40:48] [HomeKit] GET Anfrage für Temperatur Garten
[11:40:48] [HomeKit] GET Anfrage für LED Kette Nils
[11:40:48] [HomeKit] GET Anfrage für Nils Dachboden Licht
[11:40:48] [HomeKit] GET Anfrage für Treppe Licht Pflanze
[11:40:48] [HomeKit] GET Anfrage für Nils Zimmer Licht
[11:41:22] [HomeKit] Update Feuchtigkeit Wohnzimmer
[11:43:06] [HomeKit] Update Temperatur Garten
[11:43:06] [HomeKit] Update Feuchtigkeit Garten
[11:46:35] [HomeKit] Update Feuchtigkeit Wohnzimmer
[11:48:19] [HomeKit] Update Feuchtigkeit Garten
[11:51:48] [HomeKit] Update Feuchtigkeit Wohnzimmer
[11:53:32] [HomeKit] Update Temperatur Garten
[11:53:32] [HomeKit] Update Feuchtigkeit Garten
[11:57:01] [HomeKit] Update Feuchtigkeit Wohnzimmer
[11:58:45] [HomeKit] Update Feuchtigkeit Garten
[12:02:14] [HomeKit] Update Feuchtigkeit Wohnzimmer
[12:03:58] [HomeKit] Update Feuchtigkeit Garten
[12:09:12] [HomeKit] Update Temperatur Garten
[12:09:12] [HomeKit] Update Feuchtigkeit Garten
[12:12:40] [HomeKit] Update Feuchtigkeit Wohnzimmer
[12:14:25] [HomeKit] Update Temperatur Garten
[12:14:25] [HomeKit] Update Feuchtigkeit Garten
[12:17:53] [HomeKit] Update Temperatur Wohnzimmer
[12:17:53] [HomeKit] Update Feuchtigkeit Wohnzimmer
[12:19:38] [HomeKit] Update Feuchtigkeit Garten
[12:23:06] [HomeKit] Update Temperatur Wohnzimmer
[12:23:06] [HomeKit] Update Feuchtigkeit Wohnzimmer
[12:24:51] [HomeKit] Update Feuchtigkeit Garten
[12:28:19] [HomeKit] Update Temperatur Wohnzimmer
[12:28:19] [HomeKit] Update Feuchtigkeit Wohnzimmer
[12:30:04] [HomeKit] Update Temperatur Garten
[12:30:04] [HomeKit] Update Feuchtigkeit Garten
[12:33:32] [HomeKit] Update Feuchtigkeit Wohnzimmer
[12:35:17] [HomeKit] Update Feuchtigkeit Garten
[12:40:30] [HomeKit] Update Temperatur Garten
[12:40:30] [HomeKit] Update Feuchtigkeit Garten
[12:43:58] [HomeKit] Update Feuchtigkeit Wohnzimmer
[12:45:43] [HomeKit] Update Feuchtigkeit Garten
[12:50:56] [HomeKit] Update Temperatur Garten
[12:50:56] [HomeKit] Update Feuchtigkeit Garten
[12:56:09] [HomeKit] Update Temperatur Garten
[12:56:09] [HomeKit] Update Feuchtigkeit Garten
[13:01:22] [HomeKit] Update Temperatur Garten
[13:01:22] [HomeKit] Update Feuchtigkeit Garten
[13:04:50] [HomeKit] Update Feuchtigkeit Wohnzimmer
[13:06:35] [HomeKit] Update Temperatur Garten
[13:06:35] [HomeKit] Update Feuchtigkeit Garten
[13:06:41] [HomeKit] GET Anfrage für Feuchtigkeit Garten
[13:06:41] [HomeKit] GET Anfrage für Subwoofer Nils Zimmer
[13:06:41] [HomeKit] GET Anfrage (Target): Nils Rolllade | Current Target State: 100
[13:06:41] [HomeKit] GET Anfrage (CurrentPosition): Nils Rolllade | Current State: 100
[13:06:41] [HomeKit] GET Anfrage für Kompressor
[13:06:41] [HomeKit] GET Anfrage für Temperatur Garten
[13:06:41] [HomeKit] GET Anfrage für LED Kette Nils
[13:06:41] [HomeKit] GET Anfrage für Nils Dachboden Licht
[13:06:41] [HomeKit] GET Anfrage für Treppe Licht Pflanze
[13:06:41] [HomeKit] GET Anfrage für Nils Zimmer Licht
[13:06:49] [HomeKit] GET Anfrage für Feuchtigkeit Garten
[13:06:49] [HomeKit] GET Anfrage für Subwoofer Nils Zimmer
[13:06:49] [HomeKit] GET Anfrage (Target): Nils Rolllade | Current Target State: 100
[13:06:49] [HomeKit] GET Anfrage (CurrentPosition): Nils Rolllade | Current State: 100
[13:06:49] [HomeKit] GET Anfrage für Kompressor
[13:06:49] [HomeKit] GET Anfrage für Temperatur Garten
[13:06:49] [HomeKit] GET Anfrage für LED Kette Nils
[13:06:49] [HomeKit] GET Anfrage für Nils Dachboden Licht
[13:06:49] [HomeKit] GET Anfrage für Treppe Licht Pflanze
[13:06:49] [HomeKit] GET Anfrage für Nils Zimmer Licht
[13:06:57] [HomeKit] GET Anfrage für Feuchtigkeit Garten
[13:06:57] [HomeKit] GET Anfrage für Subwoofer Nils Zimmer
[13:06:57] [HomeKit] GET Anfrage (Target): Nils Rolllade | Current Target State: 100
[13:06:57] [HomeKit] GET Anfrage (CurrentPosition): Nils Rolllade | Current State: 100
[13:06:57] [HomeKit] GET Anfrage für Kompressor
[13:06:57] [HomeKit] GET Anfrage für Temperatur Garten
[13:06:57] [HomeKit] GET Anfrage für LED Kette Nils
[13:06:57] [HomeKit] GET Anfrage für Nils Dachboden Licht
[13:06:57] [HomeKit] GET Anfrage für Treppe Licht Pflanze
[13:06:57] [HomeKit] GET Anfrage für Nils Zimmer Licht
[13:07:10] [HomeKit] SET Befehl0
[13:07:10] [HomeKit] AUSSSSSS
[13:10:03] [HomeKit] Update Temperatur Wohnzimmer
[13:10:03] [HomeKit] Update Feuchtigkeit Wohnzimmer
[13:11:48] [HomeKit] Update Temperatur Garten
[13:11:48] [HomeKit] Update Feuchtigkeit Garten
[13:15:16] [HomeKit] Update Temperatur Wohnzimmer
[13:15:16] [HomeKit] Update Feuchtigkeit Wohnzimmer
[13:17:01] [HomeKit] Update Temperatur Garten
[13:17:01] [HomeKit] Update Feuchtigkeit Garten
[13:20:29] [HomeKit] Update Feuchtigkeit Wohnzimmer
[13:22:14] [HomeKit] Update Feuchtigkeit Garten
[13:27:27] [HomeKit] Update Temperatur Garten
[13:27:27] [HomeKit] Update Feuchtigkeit Garten
[13:32:40] [HomeKit] Update Feuchtigkeit Garten
[13:37:53] [HomeKit] Update Temperatur Garten
[13:37:53] [HomeKit] Update Feuchtigkeit Garten
[13:41:22] [HomeKit] Update Feuchtigkeit Wohnzimmer
[13:43:06] [HomeKit] Update Temperatur Garten
[13:43:06] [HomeKit] Update Feuchtigkeit Garten
[13:48:19] [HomeKit] Update Temperatur Garten
[13:48:19] [HomeKit] Update Feuchtigkeit Garten
[13:51:48] [HomeKit] Update Feuchtigkeit Wohnzimmer
[13:53:32] [HomeKit] Update Temperatur Garten
[13:53:32] [HomeKit] Update Feuchtigkeit Garten
[13:57:01] [HomeKit] Update Feuchtigkeit Wohnzimmer
[13:58:45] [HomeKit] Update Temperatur Garten
[14:03:58] [HomeKit] Update Temperatur Garten
[14:03:58] [HomeKit] Update Feuchtigkeit Garten
[14:09:11] [HomeKit] Update Temperatur Garten
[14:09:11] [HomeKit] Update Feuchtigkeit Garten
[14:12:40] [HomeKit] Update Temperatur Wohnzimmer
[14:12:40] [HomeKit] Update Feuchtigkeit Wohnzimmer
[14:17:53] [HomeKit] Update Temperatur Wohnzimmer
[14:17:53] [HomeKit] Update Feuchtigkeit Wohnzimmer
[14:19:37] [HomeKit] Update Temperatur Garten
[14:19:37] [HomeKit] Update Feuchtigkeit Garten
[14:23:06] [HomeKit] Update Feuchtigkeit Wohnzimmer
[14:24:50] [HomeKit] Update Feuchtigkeit Garten
[14:30:03] [HomeKit] Update Temperatur Garten
[14:30:03] [HomeKit] Update Feuchtigkeit Garten
[14:40:29] [HomeKit] Update Temperatur Garten
[14:40:29] [HomeKit] Update Feuchtigkeit Garten
[14:43:58] [HomeKit] Update Feuchtigkeit Wohnzimmer
[14:45:42] [HomeKit] Update Temperatur Garten
[14:45:42] [HomeKit] Update Feuchtigkeit Garten
[14:50:55] [HomeKit] Update Feuchtigkeit Garten
[14:56:08] [HomeKit] Update Temperatur Garten
[14:56:08] [HomeKit] Update Feuchtigkeit Garten
[15:01:21] [HomeKit] Update Temperatur Garten
[15:01:21] [HomeKit] Update Feuchtigkeit Garten
[15:06:34] [HomeKit] Update Temperatur Garten
[15:06:34] [HomeKit] Update Feuchtigkeit Garten
[15:10:03] [HomeKit] Update Feuchtigkeit Wohnzimmer
[15:11:47] [HomeKit] Update Temperatur Garten
[15:11:47] [HomeKit] Update Feuchtigkeit Garten
[15:17:00] [HomeKit] Update Feuchtigkeit Garten
[15:22:13] [HomeKit] Update Temperatur Garten
[15:22:13] [HomeKit] Update Feuchtigkeit Garten
[15:27:26] [HomeKit] Update Temperatur Garten
[15:27:26] [HomeKit] Update Feuchtigkeit Garten
[15:32:39] [HomeKit] Update Temperatur Garten
[15:32:39] [HomeKit] Update Feuchtigkeit Garten
[15:37:52] [HomeKit] Update Temperatur Garten
[15:37:52] [HomeKit] Update Feuchtigkeit Garten
[15:41:21] [HomeKit] Update Temperatur Wohnzimmer
[15:41:21] [HomeKit] Update Feuchtigkeit Wohnzimmer
[15:43:05] [HomeKit] Update Temperatur Garten
[15:43:05] [HomeKit] Update Feuchtigkeit Garten
[15:48:18] [HomeKit] Update Temperatur Garten
[15:48:18] [HomeKit] Update Feuchtigkeit Garten
[15:51:47] [HomeKit] Update Feuchtigkeit Wohnzimmer
[15:53:31] [HomeKit] Update Temperatur Garten
[15:53:31] [HomeKit] Update Feuchtigkeit Garten
[15:58:44] [HomeKit] Update Temperatur Garten
[15:58:44] [HomeKit] Update Feuchtigkeit Garten
[16:02:13] [HomeKit] Update Feuchtigkeit Wohnzimmer
[16:03:57] [HomeKit] Update Temperatur Garten
[16:03:57] [HomeKit] Update Feuchtigkeit Garten
[16:09:10] [HomeKit] Update Feuchtigkeit Garten
[16:12:39] [HomeKit] Update Feuchtigkeit Wohnzimmer
[16:14:24] [HomeKit] Update Temperatur Garten
[16:14:24] [HomeKit] Update Feuchtigkeit Garten
[16:17:52] [HomeKit] Update Feuchtigkeit Wohnzimmer
[16:19:37] [HomeKit] Update Temperatur Garten
[16:24:50] [HomeKit] Update Feuchtigkeit Garten
[16:28:18] [HomeKit] Update Feuchtigkeit Wohnzimmer
[16:30:03] [HomeKit] Update Temperatur Garten
[16:30:03] [HomeKit] Update Feuchtigkeit Garten
[16:33:31] [HomeKit] Update Feuchtigkeit Wohnzimmer
[16:35:16] [HomeKit] Update Feuchtigkeit Garten
[16:40:29] [HomeKit] Update Temperatur Garten
[16:40:29] [HomeKit] Update Feuchtigkeit Garten
[16:43:57] [HomeKit] Update Feuchtigkeit Wohnzimmer
[16:45:42] [HomeKit] Update Temperatur Garten
[16:45:42] [HomeKit] Update Feuchtigkeit Garten
[16:49:10] [HomeKit] Update Feuchtigkeit Wohnzimmer
[16:50:55] [HomeKit] Update Temperatur Garten
[16:50:55] [HomeKit] Update Feuchtigkeit Garten
[16:56:08] [HomeKit] Update Temperatur Garten
[16:56:08] [HomeKit] Update Feuchtigkeit Garten
[16:59:36] [HomeKit] Update Feuchtigkeit Wohnzimmer
[17:01:21] [HomeKit] Update Temperatur Garten
[17:01:21] [HomeKit] Update Feuchtigkeit Garten
[17:06:34] [HomeKit] Update Feuchtigkeit Garten
[17:10:02] [HomeKit] Update Feuchtigkeit Wohnzimmer
[17:11:47] [HomeKit] Update Feuchtigkeit Garten
[17:17:00] [HomeKit] Update Temperatur Garten
[17:17:00] [HomeKit] Update Feuchtigkeit Garten
[17:20:28] [HomeKit] Update Feuchtigkeit Wohnzimmer
[17:22:13] [HomeKit] Update Feuchtigkeit Garten
[17:25:41] [HomeKit] Update Feuchtigkeit Wohnzimmer
[17:27:26] [HomeKit] Update Temperatur Garten
[17:27:26] [HomeKit] Update Feuchtigkeit Garten
[17:30:54] [HomeKit] Update Temperatur Wohnzimmer
[17:30:54] [HomeKit] Update Feuchtigkeit Wohnzimmer
[17:32:39] [HomeKit] Update Feuchtigkeit Garten
[17:36:07] [HomeKit] Update Temperatur Wohnzimmer
[17:36:07] [HomeKit] Update Feuchtigkeit Wohnzimmer
[17:37:52] [HomeKit] Update Temperatur Garten
[17:37:52] [HomeKit] Update Feuchtigkeit Garten
[17:41:20] [HomeKit] Update Temperatur Wohnzimmer
[17:41:20] [HomeKit] Update Feuchtigkeit Wohnzimmer
[17:41:37] [HomeKit] GET Anfrage für Feuchtigkeit Garten
[17:41:37] [HomeKit] GET Anfrage für Subwoofer Nils Zimmer
[17:41:37] [HomeKit] GET Anfrage (Target): Nils Rolllade | Current Target State: 100
[17:41:37] [HomeKit] GET Anfrage (CurrentPosition): Nils Rolllade | Current State: 100
[17:41:37] [HomeKit] GET Anfrage für Kompressor
[17:41:37] [HomeKit] GET Anfrage für Temperatur Garten
[17:41:37] [HomeKit] GET Anfrage für LED Kette Nils
[17:41:37] [HomeKit] GET Anfrage für Nils Dachboden Licht
[17:41:37] [HomeKit] GET Anfrage für Treppe Licht Pflanze
[17:41:37] [HomeKit] GET Anfrage für Nils Zimmer Licht
[17:43:05] [HomeKit] Update Temperatur Garten
[17:43:05] [HomeKit] Update Feuchtigkeit Garten
[17:45:00] [HomeKit] Update Gäste WC Rolllade
[17:45:02] [HomeKit] Update Wohnzimmer Rolllade Fenster
[17:45:03] [HomeKit] Update Küche Rolllade
[17:45:05] [HomeKit] Update Wohnzimmer Rolllade Tür
[17:45:10] [HomeKit] Update Nils Rolllade
[17:45:11] [HomeKit] Update Arbeitszimmer Rolllade Garten
[17:45:12] [HomeKit] Update Arbeitszimmer Rolllade Kindergarten
[17:45:13] [HomeKit] Update Schlafzimmer Rolllade
[17:46:33] [HomeKit] Update Temperatur Wohnzimmer
[17:46:33] [HomeKit] Update Feuchtigkeit Wohnzimmer
[17:48:18] [HomeKit] Update Temperatur Garten
[17:48:18] [HomeKit] Update Feuchtigkeit Garten
[17:51:18] [HomeKit] GET Anfrage für Feuchtigkeit Garten
[17:51:18] [HomeKit] GET Anfrage für Subwoofer Nils Zimmer
[17:51:18] [HomeKit] GET Anfrage (Target): Nils Rolllade | Current Target State: 0
[17:51:18] [HomeKit] GET Anfrage (CurrentPosition): Nils Rolllade | Current State: 0
[17:51:18] [HomeKit] GET Anfrage für Kompressor
[17:51:18] [HomeKit] GET Anfrage für Temperatur Garten
[17:51:18] [HomeKit] GET Anfrage für LED Kette Nils
[17:51:18] [HomeKit] GET Anfrage für Nils Dachboden Licht
[17:51:18] [HomeKit] GET Anfrage für Treppe Licht Pflanze
[17:51:18] [HomeKit] GET Anfrage für Nils Zimmer Licht
[17:51:46] [HomeKit] Update Temperatur Wohnzimmer
[17:51:46] [HomeKit] Update Feuchtigkeit Wohnzimmer
[17:52:01] [HomeKit] GET Anfrage für Feuchtigkeit Garten
[17:52:01] [HomeKit] GET Anfrage für Subwoofer Nils Zimmer
[17:52:01] [HomeKit] GET Anfrage (Target): Nils Rolllade | Current Target State: 0
[17:52:01] [HomeKit] GET Anfrage (CurrentPosition): Nils Rolllade | Current State: 0
[17:52:01] [HomeKit] GET Anfrage für Kompressor
[17:52:01] [HomeKit] GET Anfrage für Temperatur Garten
[17:52:01] [HomeKit] GET Anfrage für LED Kette Nils
[17:52:01] [HomeKit] GET Anfrage für Nils Dachboden Licht
[17:52:01] [HomeKit] GET Anfrage für Treppe Licht Pflanze
[17:52:01] [HomeKit] GET Anfrage für Nils Zimmer Licht
[17:53:31] [HomeKit] Update Temperatur Garten
[17:53:31] [HomeKit] Update Feuchtigkeit Garten
[17:56:59] [HomeKit] Update Feuchtigkeit Wohnzimmer
[17:58:44] [HomeKit] Update Feuchtigkeit Garten
[18:03:57] [HomeKit] Update Feuchtigkeit Garten
[18:07:25] [HomeKit] Update Feuchtigkeit Wohnzimmer
[18:09:10] [HomeKit] Update Feuchtigkeit Garten
[18:12:38] [HomeKit] Update Temperatur Wohnzimmer
[18:12:38] [HomeKit] Update Feuchtigkeit Wohnzimmer
[18:14:23] [HomeKit] Update Feuchtigkeit Garten
[18:19:36] [HomeKit] Update Feuchtigkeit Garten
[18:23:04] [HomeKit] Update Feuchtigkeit Wohnzimmer
[18:24:49] [HomeKit] Update Feuchtigkeit Garten
[18:28:17] [HomeKit] Update Temperatur Wohnzimmer
[18:29:40] [HomeKit] GET Anfrage für Feuchtigkeit Garten
[18:29:40] [HomeKit] GET Anfrage für Subwoofer Nils Zimmer
[18:29:40] [HomeKit] GET Anfrage (Target): Nils Rolllade | Current Target State: 0
[18:29:40] [HomeKit] GET Anfrage (CurrentPosition): Nils Rolllade | Current State: 0
[18:29:40] [HomeKit] GET Anfrage für Kompressor
[18:29:40] [HomeKit] GET Anfrage für Temperatur Garten
[18:29:40] [HomeKit] GET Anfrage für LED Kette Nils
[18:29:40] [HomeKit] GET Anfrage für Nils Dachboden Licht
[18:29:40] [HomeKit] GET Anfrage für Treppe Licht Pflanze
[18:29:40] [HomeKit] GET Anfrage für Nils Zimmer Licht
[18:30:02] [HomeKit] Update Temperatur Garten
[18:30:02] [HomeKit] Update Feuchtigkeit Garten
[18:33:30] [HomeKit] Update Feuchtigkeit Wohnzimmer
[18:35:15] [HomeKit] Update Temperatur Garten
[18:35:15] [HomeKit] Update Feuchtigkeit Garten
[18:40:28] [HomeKit] Update Feuchtigkeit Garten
[18:45:41] [HomeKit] Update Feuchtigkeit Garten
[18:50:43] [HomeKit] GET Anfrage für Feuchtigkeit Garten
[18:50:43] [HomeKit] GET Anfrage für Subwoofer Nils Zimmer
[18:50:43] [HomeKit] GET Anfrage (Target): Nils Rolllade | Current Target State: 0
[18:50:43] [HomeKit] GET Anfrage (CurrentPosition): Nils Rolllade | Current State: 0
[18:50:43] [HomeKit] GET Anfrage für Kompressor
[18:50:43] [HomeKit] GET Anfrage für Temperatur Garten
[18:50:43] [HomeKit] GET Anfrage für LED Kette Nils
[18:50:43] [HomeKit] GET Anfrage für Nils Dachboden Licht
[18:50:43] [HomeKit] GET Anfrage für Treppe Licht Pflanze
[18:50:43] [HomeKit] GET Anfrage für Nils Zimmer Licht
[18:50:54] [HomeKit] Update Temperatur Garten
[18:56:07] [HomeKit] Update Temperatur Garten
[18:56:07] [HomeKit] Update Feuchtigkeit Garten
[18:56:19] [HomeKit] GET Anfrage für Feuchtigkeit Garten
[18:56:19] [HomeKit] GET Anfrage für Subwoofer Nils Zimmer
[18:56:19] [HomeKit] GET Anfrage (Target): Nils Rolllade | Current Target State: 0
[18:56:19] [HomeKit] GET Anfrage (CurrentPosition): Nils Rolllade | Current State: 0
[18:56:19] [HomeKit] GET Anfrage für Kompressor
[18:56:19] [HomeKit] GET Anfrage für Temperatur Garten
[18:56:19] [HomeKit] GET Anfrage für LED Kette Nils
[18:56:19] [HomeKit] GET Anfrage für Nils Dachboden Licht
[18:56:19] [HomeKit] GET Anfrage für Treppe Licht Pflanze
[18:56:19] [HomeKit] GET Anfrage für Nils Zimmer Licht
[19:01:20] [HomeKit] Update Temperatur Garten
[19:01:20] [HomeKit] Update Feuchtigkeit Garten
[19:04:48] [HomeKit] Update Feuchtigkeit Wohnzimmer
[19:06:33] [HomeKit] Update Temperatur Garten
[19:06:33] [HomeKit] Update Feuchtigkeit Garten
[19:07:49] [HomeKit] GET Anfrage für Feuchtigkeit Garten
[19:07:49] [HomeKit] GET Anfrage für Subwoofer Nils Zimmer
[19:07:49] [HomeKit] GET Anfrage (Target): Nils Rolllade | Current Target State: 0
[19:07:49] [HomeKit] GET Anfrage (CurrentPosition): Nils Rolllade | Current State: 0
[19:07:49] [HomeKit] GET Anfrage für Kompressor
[19:07:49] [HomeKit] GET Anfrage für Temperatur Garten
[19:07:49] [HomeKit] GET Anfrage für LED Kette Nils
[19:07:49] [HomeKit] GET Anfrage für Nils Dachboden Licht
[19:07:49] [HomeKit] GET Anfrage für Treppe Licht Pflanze
[19:07:49] [HomeKit] GET Anfrage für Nils Zimmer Licht
[19:10:01] [HomeKit] Update Feuchtigkeit Wohnzimmer
[19:11:46] [HomeKit] Update Temperatur Garten
[19:11:46] [HomeKit] Update Feuchtigkeit Garten
[19:16:59] [HomeKit] Update Temperatur Garten
[19:22:12] [HomeKit] Update Temperatur Garten
[19:22:12] [HomeKit] Update Feuchtigkeit Garten
[19:25:40] [HomeKit] Update Temperatur Wohnzimmer
[19:25:40] [HomeKit] Update Feuchtigkeit Wohnzimmer
[19:27:25] [HomeKit] Update Temperatur Garten
[19:27:25] [HomeKit] Update Feuchtigkeit Garten
[19:32:38] [HomeKit] Update Feuchtigkeit Garten
[19:36:06] [HomeKit] Update Feuchtigkeit Wohnzimmer
[19:37:51] [HomeKit] Update Feuchtigkeit Garten
[19:40:51] [HomeKit] SET Befehlt: true
[19:40:51] [HomeKit] ANNNNNNN
[19:40:51] [HomeKit] SET Befehltrue
[19:40:51] [HomeKit] ANNNNNNN
[19:40:51] [HomeKit] SET Befehlt: false
[19:40:51] [HomeKit] AUSSSSSS
[19:40:51] [HomeKit] SET Befehlt: false
[19:40:51] [HomeKit] AUSSSSSS
[19:40:51] [HomeKit] Callback
[19:40:51] [HomeKit] Callback
[19:40:51] [HomeKit] Callback
[19:40:52] [HomeKit] GET Anfrage (Target): Küche Rolllade | Current Target State: 0
[19:40:52] [HomeKit] GET Anfrage (CurrentPosition): Küche Rolllade | Current State: 0
[19:40:52] [HomeKit] GET Anfrage für LED Kette Nils
[19:40:52] [HomeKit] GET Anfrage für Treppe Licht Pflanze
[19:40:52] [HomeKit] GET Anfrage (Target): Nils Rolllade | Current Target State: 0
[19:40:52] [HomeKit] GET Anfrage (CurrentPosition): Nils Rolllade | Current State: 0
[19:40:52] [HomeKit] GET Anfrage (CurrentPosition): Gäste WC Rolllade | Current State: 0
[19:40:52] [HomeKit] GET Anfrage (Target): Gäste WC Rolllade | Current Target State: 0
[19:40:52] [HomeKit] GET Anfrage für Keller Licht
[19:40:52] [HomeKit] GET Anfrage (Target): Wohnzimmer Rolllade Tür | Current Target State: 0
[19:40:52] [HomeKit] GET Anfrage (CurrentPosition): Wohnzimmer Rolllade Tür | Current State: 0
[19:40:52] [HomeKit] GET Anfrage (CurrentPosition): Schlafzimmer Rolllade | Current State: 0
[19:40:52] [HomeKit] GET Anfrage (Target): Schlafzimmer Rolllade | Current Target State: 0
[19:40:52] [HomeKit] GET Anfrage für Nils Zimmer Licht
[19:40:52] [HomeKit] GET Anfrage für Feuchtigkeit Garten
[19:40:52] [HomeKit] GET Anfrage für Kompressor
[19:40:52] [HomeKit] GET Anfrage (CurrentPosition): Wohnzimmer Rolllade Fenster | Current State: 0
[19:40:52] [HomeKit] GET Anfrage (Target): Wohnzimmer Rolllade Fenster | Current Target State: 0
[19:40:52] [HomeKit] GET Anfrage für Eingangs Flur Licht
[19:40:52] [HomeKit] GET Anfrage für Fernseher
[19:40:52] [HomeKit] GET Anfrage für Nils Dachboden Licht
[19:40:52] [HomeKit] GET Anfrage (Target): Arbeitszimmer Rolllade Garten | Current Target State: 0
[19:40:52] [HomeKit] GET Anfrage (CurrentPosition): Arbeitszimmer Rolllade Garten | Current State: 0
[19:40:52] [HomeKit] GET Anfrage für Subwoofer Nils Zimmer
[19:40:52] [HomeKit] GET Anfrage für Feuchtigkeit Wohnzimmer
[19:40:52] [HomeKit] GET Anfrage (Target): Arbeitszimmer Rolllade Kindergarten | Current Target State: 0
[19:40:52] [HomeKit] GET Anfrage (CurrentPosition): Arbeitszimmer Rolllade Kindergarten | Current State: 0
[19:40:52] [HomeKit] GET Anfrage für Temperatur Garten
[19:40:52] [HomeKit] GET Anfrage für Arbeitszimmer Licht
[19:40:52] [HomeKit] GET Anfrage für Brunnen
[19:40:59] [HomeKit] SET Befehlt: 1
[19:40:59] [HomeKit] ANNNNNNN
[19:40:59] [HomeKit] Callback
[19:41:01] [HomeKit] SET Befehlt: 0
[19:41:01] [HomeKit] AUSSSSSS
[19:41:01] [HomeKit] Callback
[19:41:19] [HomeKit] Update Feuchtigkeit Wohnzimmer
[19:41:21] [HomeKit] GET Anfrage für Feuchtigkeit Garten
[19:41:21] [HomeKit] GET Anfrage (Target): Wohnzimmer Rolllade Fenster | Current Target State: 0
[19:41:21] [HomeKit] GET Anfrage (CurrentPosition): Wohnzimmer Rolllade Fenster | Current State: 0
[19:41:21] [HomeKit] GET Anfrage für Subwoofer Nils Zimmer
[19:41:21] [HomeKit] GET Anfrage (CurrentPosition): Arbeitszimmer Rolllade Kindergarten | Current State: 0
[19:41:21] [HomeKit] GET Anfrage (Target): Arbeitszimmer Rolllade Kindergarten | Current Target State: 0
[19:41:21] [HomeKit] GET Anfrage für LED Kette Nils
[19:41:21] [HomeKit] GET Anfrage (CurrentPosition): Nils Rolllade | Current State: 0
[19:41:21] [HomeKit] GET Anfrage (Target): Nils Rolllade | Current Target State: 0
[19:41:21] [HomeKit] GET Anfrage für Feuchtigkeit Wohnzimmer
[19:41:21] [HomeKit] GET Anfrage für Treppe Licht Pflanze
[19:41:21] [HomeKit] GET Anfrage (Target): Wohnzimmer Rolllade Tür | Current Target State: 0
[19:41:21] [HomeKit] GET Anfrage (CurrentPosition): Wohnzimmer Rolllade Tür | Current State: 0
[19:41:21] [HomeKit] GET Anfrage (Target): Küche Rolllade | Current Target State: 0
[19:41:21] [HomeKit] GET Anfrage (CurrentPosition): Küche Rolllade | Current State: 0
[19:41:21] [HomeKit] GET Anfrage für Eingangs Flur Licht
[19:41:21] [HomeKit] GET Anfrage für Nils Dachboden Licht
[19:41:21] [HomeKit] GET Anfrage für Brunnen
[19:41:21] [HomeKit] GET Anfrage für Arbeitszimmer Licht
[19:41:21] [HomeKit] GET Anfrage (Target): Gäste WC Rolllade | Current Target State: 0
[19:41:21] [HomeKit] GET Anfrage (CurrentPosition): Gäste WC Rolllade | Current State: 0
[19:41:21] [HomeKit] GET Anfrage für Fernseher
[19:41:21] [HomeKit] GET Anfrage für Kompressor
[19:41:21] [HomeKit] GET Anfrage für Nils Zimmer Licht
[19:41:21] [HomeKit] GET Anfrage für Keller Licht
[19:41:21] [HomeKit] GET Anfrage (Target): Arbeitszimmer Rolllade Garten | Current Target State: 0
[19:41:21] [HomeKit] GET Anfrage (CurrentPosition): Arbeitszimmer Rolllade Garten | Current State: 0
[19:41:21] [HomeKit] GET Anfrage für Temperatur Garten
[19:41:21] [HomeKit] GET Anfrage (CurrentPosition): Schlafzimmer Rolllade | Current State: 0
[19:41:21] [HomeKit] GET Anfrage (Target): Schlafzimmer Rolllade | Current Target State: 0
[19:42:08] [HomeKit] GET Anfrage für Feuchtigkeit Garten
[19:42:08] [HomeKit] GET Anfrage (Target): Wohnzimmer Rolllade Fenster | Current Target State: 0
[19:42:08] [HomeKit] GET Anfrage (CurrentPosition): Wohnzimmer Rolllade Fenster | Current State: 0
[19:42:08] [HomeKit] GET Anfrage für Subwoofer Nils Zimmer
[19:42:08] [HomeKit] GET Anfrage (CurrentPosition): Arbeitszimmer Rolllade Kindergarten | Current State: 0
[19:42:08] [HomeKit] GET Anfrage (Target): Arbeitszimmer Rolllade Kindergarten | Current Target State: 0
[19:42:08] [HomeKit] GET Anfrage für LED Kette Nils
[19:42:08] [HomeKit] GET Anfrage (CurrentPosition): Nils Rolllade | Current State: 0
[19:42:08] [HomeKit] GET Anfrage (Target): Nils Rolllade | Current Target State: 0
[19:42:08] [HomeKit] GET Anfrage für Feuchtigkeit Wohnzimmer
[19:42:08] [HomeKit] GET Anfrage für Treppe Licht Pflanze
[19:42:08] [HomeKit] GET Anfrage (Target): Wohnzimmer Rolllade Tür | Current Target State: 0
[19:42:08] [HomeKit] GET Anfrage (CurrentPosition): Wohnzimmer Rolllade Tür | Current State: 0
[19:42:08] [HomeKit] GET Anfrage (Target): Küche Rolllade | Current Target State: 0
[19:42:08] [HomeKit] GET Anfrage (CurrentPosition): Küche Rolllade | Current State: 0
[19:42:08] [HomeKit] GET Anfrage für Eingangs Flur Licht
[19:42:08] [HomeKit] GET Anfrage für Nils Dachboden Licht
[19:42:08] [HomeKit] GET Anfrage für Brunnen
[19:42:08] [HomeKit] GET Anfrage für Arbeitszimmer Licht
[19:42:08] [HomeKit] GET Anfrage (Target): Gäste WC Rolllade | Current Target State: 0
[19:42:08] [HomeKit] GET Anfrage (CurrentPosition): Gäste WC Rolllade | Current State: 0
[19:42:08] [HomeKit] GET Anfrage für Fernseher
[19:42:08] [HomeKit] GET Anfrage für Kompressor
[19:42:08] [HomeKit] GET Anfrage für Nils Zimmer Licht
[19:42:08] [HomeKit] GET Anfrage für Keller Licht
[19:42:08] [HomeKit] GET Anfrage (Target): Arbeitszimmer Rolllade Garten | Current Target State: 0
[19:42:08] [HomeKit] GET Anfrage (CurrentPosition): Arbeitszimmer Rolllade Garten | Current State: 0
[19:42:08] [HomeKit] GET Anfrage für Temperatur Garten
[19:42:08] [HomeKit] GET Anfrage (CurrentPosition): Schlafzimmer Rolllade | Current State: 0
[19:42:08] [HomeKit] GET Anfrage (Target): Schlafzimmer Rolllade | Current Target State: 0
[19:43:04] [HomeKit] Update Feuchtigkeit Garten
[19:46:32] [HomeKit] Update Feuchtigkeit Wohnzimmer
[19:48:17] [HomeKit] Update Temperatur Garten
[19:48:17] [HomeKit] Update Feuchtigkeit Garten
[19:51:45] [HomeKit] Update Feuchtigkeit Wohnzimmer
[19:53:30] [HomeKit] Update Temperatur Garten
[19:53:30] [HomeKit] Update Feuchtigkeit Garten
[19:56:59] [HomeKit] Update Feuchtigkeit Wohnzimmer
[19:58:43] [HomeKit] Update Temperatur Garten
[19:58:43] [HomeKit] Update Feuchtigkeit Garten
[20:02:12] [HomeKit] Update Feuchtigkeit Wohnzimmer
[20:03:56] [HomeKit] Update Temperatur Garten
[20:03:56] [HomeKit] Update Feuchtigkeit Garten
[20:07:25] [HomeKit] Update Temperatur Wohnzimmer
[20:07:25] [HomeKit] Update Feuchtigkeit Wohnzimmer
[20:09:10] [HomeKit] Update Temperatur Garten
[20:09:10] [HomeKit] Update Feuchtigkeit Garten
[20:14:22] [HomeKit] Update Temperatur Garten
[20:14:23] [HomeKit] Update Feuchtigkeit Garten
[20:17:51] [HomeKit] Update Feuchtigkeit Wohnzimmer
[20:19:36] [HomeKit] Update Feuchtigkeit Garten
[20:23:04] [HomeKit] Update Feuchtigkeit Wohnzimmer
[20:24:49] [HomeKit] Update Feuchtigkeit Garten
[20:30:02] [HomeKit] Update Temperatur Garten
[20:35:15] [HomeKit] Update Temperatur Garten
[20:35:15] [HomeKit] Update Feuchtigkeit Garten
[20:45:41] [HomeKit] Update Temperatur Garten
[20:54:22] [HomeKit] Update Feuchtigkeit Wohnzimmer
[20:56:07] [HomeKit] Update Temperatur Garten
[20:56:07] [HomeKit] Update Feuchtigkeit Garten
[20:59:35] [HomeKit] Update Feuchtigkeit Wohnzimmer
[21:01:20] [HomeKit] Update Temperatur Garten
[21:01:20] [HomeKit] Update Feuchtigkeit Garten
[21:04:48] [HomeKit] Update Feuchtigkeit Wohnzimmer
[21:06:33] [HomeKit] Update Feuchtigkeit Garten
[21:10:01] [HomeKit] Update Feuchtigkeit Wohnzimmer
[21:11:46] [HomeKit] Update Feuchtigkeit Garten
[21:16:59] [HomeKit] Update Temperatur Garten
[21:22:12] [HomeKit] Update Feuchtigkeit Garten
[21:25:40] [HomeKit] Update Feuchtigkeit Wohnzimmer
[21:27:25] [HomeKit] Update Temperatur Garten
[21:27:25] [HomeKit] Update Feuchtigkeit Garten
[21:32:38] [HomeKit] Update Temperatur Garten
[21:37:51] [HomeKit] Update Feuchtigkeit Garten
[21:43:04] [HomeKit] Update Temperatur Garten
[21:43:04] [HomeKit] Update Feuchtigkeit Garten
[21:46:32] [HomeKit] Update Temperatur Wohnzimmer
[21:51:45] [HomeKit] Update Feuchtigkeit Wohnzimmer
[21:53:30] [HomeKit] Update Temperatur Garten
[21:53:30] [HomeKit] Update Feuchtigkeit Garten
[21:56:58] [HomeKit] Update Temperatur Wohnzimmer
[21:56:58] [HomeKit] Update Feuchtigkeit Wohnzimmer
[21:58:43] [HomeKit] Update Feuchtigkeit Garten
[22:03:56] [HomeKit] Update Temperatur Garten
[22:03:56] [HomeKit] Update Feuchtigkeit Garten
[22:07:24] [HomeKit] Update Temperatur Wohnzimmer
[22:07:24] [HomeKit] Update Feuchtigkeit Wohnzimmer
[22:14:22] [HomeKit] Update Temperatur Garten
[22:14:22] [HomeKit] Update Feuchtigkeit Garten
[22:19:35] [HomeKit] Update Feuchtigkeit Garten
[22:20:12] [HomeKit] GET Anfrage für Feuchtigkeit Garten
[22:20:12] [HomeKit] GET Anfrage (CurrentPosition): Wohnzimmer Rolllade Fenster | Current State: 0
[22:20:12] [HomeKit] GET Anfrage (Target): Wohnzimmer Rolllade Fenster | Current Target State: 0
[22:20:12] [HomeKit] GET Anfrage für Subwoofer Nils Zimmer
[22:20:12] [HomeKit] GET Anfrage (Target): Arbeitszimmer Rolllade Kindergarten | Current Target State: 0
[22:20:12] [HomeKit] GET Anfrage (CurrentPosition): Arbeitszimmer Rolllade Kindergarten | Current State: 0
[22:20:12] [HomeKit] GET Anfrage für LED Kette Nils
[22:20:12] [HomeKit] GET Anfrage (Target): Nils Rolllade | Current Target State: 0
[22:20:12] [HomeKit] GET Anfrage (CurrentPosition): Nils Rolllade | Current State: 0
[22:20:12] [HomeKit] GET Anfrage für Feuchtigkeit Wohnzimmer
[22:20:12] [HomeKit] GET Anfrage für Treppe Licht Pflanze
[22:20:12] [HomeKit] GET Anfrage (Target): Wohnzimmer Rolllade Tür | Current Target State: 0
[22:20:12] [HomeKit] GET Anfrage (CurrentPosition): Wohnzimmer Rolllade Tür | Current State: 0
[22:20:12] [HomeKit] GET Anfrage (Target): Küche Rolllade | Current Target State: 0
[22:20:12] [HomeKit] GET Anfrage (CurrentPosition): Küche Rolllade | Current State: 0
[22:20:12] [HomeKit] GET Anfrage für Eingangs Flur Licht
[22:20:12] [HomeKit] GET Anfrage für Nils Dachboden Licht
[22:20:12] [HomeKit] GET Anfrage für Brunnen
[22:20:12] [HomeKit] GET Anfrage für Arbeitszimmer Licht
[22:20:12] [HomeKit] GET Anfrage (CurrentPosition): Gäste WC Rolllade | Current State: 0
[22:20:12] [HomeKit] GET Anfrage (Target): Gäste WC Rolllade | Current Target State: 0
[22:20:12] [HomeKit] GET Anfrage für Fernseher
[22:20:12] [HomeKit] GET Anfrage für Kompressor
[22:20:12] [HomeKit] GET Anfrage für Nils Zimmer Licht
[22:20:12] [HomeKit] GET Anfrage für Keller Licht
[22:20:12] [HomeKit] GET Anfrage (Target): Arbeitszimmer Rolllade Garten | Current Target State: 0
[22:20:12] [HomeKit] GET Anfrage (CurrentPosition): Arbeitszimmer Rolllade Garten | Current State: 0
[22:20:12] [HomeKit] GET Anfrage für Temperatur Garten
[22:20:12] [HomeKit] GET Anfrage (CurrentPosition): Schlafzimmer Rolllade | Current State: 0
[22:20:12] [HomeKit] GET Anfrage (Target): Schlafzimmer Rolllade | Current Target State: 0
[22:24:39] [HomeKit] GET Anfrage für LED Kette Nils
[22:24:39] [HomeKit] GET Anfrage für Nils Dachboden Licht
[22:24:39] [HomeKit] GET Anfrage für Kompressor
[22:24:39] [HomeKit] GET Anfrage (Target): Nils Rolllade | Current Target State: 0
[22:24:39] [HomeKit] GET Anfrage (CurrentPosition): Nils Rolllade | Current State: 0
[22:24:39] [HomeKit] GET Anfrage für Temperatur Garten
[22:24:39] [HomeKit] GET Anfrage für Feuchtigkeit Garten
[22:24:39] [HomeKit] GET Anfrage für Treppe Licht Pflanze
[22:24:39] [HomeKit] GET Anfrage für Nils Zimmer Licht
[22:24:39] [HomeKit] GET Anfrage für Subwoofer Nils Zimmer
[22:24:48] [HomeKit] Update Feuchtigkeit Garten
[22:25:03] [HomeKit] GET Anfrage für LED Kette Nils
[22:25:03] [HomeKit] GET Anfrage für Nils Dachboden Licht
[22:25:03] [HomeKit] GET Anfrage für Kompressor
[22:25:03] [HomeKit] GET Anfrage (Target): Nils Rolllade | Current Target State: 0
[22:25:03] [HomeKit] GET Anfrage (CurrentPosition): Nils Rolllade | Current State: 0
[22:25:03] [HomeKit] GET Anfrage für Temperatur Garten
[22:25:03] [HomeKit] GET Anfrage für Feuchtigkeit Garten
[22:25:03] [HomeKit] GET Anfrage für Treppe Licht Pflanze
[22:25:03] [HomeKit] GET Anfrage für Nils Zimmer Licht
[22:25:03] [HomeKit] GET Anfrage für Subwoofer Nils Zimmer
[22:25:06] [HomeKit] GET Anfrage (Target): Küche Rolllade | Current Target State: 0
[22:25:06] [HomeKit] GET Anfrage (CurrentPosition): Küche Rolllade | Current State: 0
[22:25:06] [HomeKit] GET Anfrage für LED Kette Nils
[22:25:06] [HomeKit] GET Anfrage für Treppe Licht Pflanze
[22:25:06] [HomeKit] GET Anfrage (Target): Nils Rolllade | Current Target State: 0
[22:25:06] [HomeKit] GET Anfrage (CurrentPosition): Nils Rolllade | Current State: 0
[22:25:06] [HomeKit] GET Anfrage (CurrentPosition): Gäste WC Rolllade | Current State: 0
[22:25:06] [HomeKit] GET Anfrage (Target): Gäste WC Rolllade | Current Target State: 0
[22:25:06] [HomeKit] GET Anfrage für Keller Licht
[22:25:06] [HomeKit] GET Anfrage (Target): Wohnzimmer Rolllade Tür | Current Target State: 0
[22:25:06] [HomeKit] GET Anfrage (CurrentPosition): Wohnzimmer Rolllade Tür | Current State: 0
[22:25:06] [HomeKit] GET Anfrage (CurrentPosition): Schlafzimmer Rolllade | Current State: 0
[22:25:06] [HomeKit] GET Anfrage (Target): Schlafzimmer Rolllade | Current Target State: 0
[22:25:06] [HomeKit] GET Anfrage für Nils Zimmer Licht
[22:25:06] [HomeKit] GET Anfrage für Feuchtigkeit Garten
[22:25:06] [HomeKit] GET Anfrage für Kompressor
[22:25:06] [HomeKit] GET Anfrage (CurrentPosition): Wohnzimmer Rolllade Fenster | Current State: 0
[22:25:06] [HomeKit] GET Anfrage (Target): Wohnzimmer Rolllade Fenster | Current Target State: 0
[22:25:06] [HomeKit] GET Anfrage für Eingangs Flur Licht
[22:25:06] [HomeKit] GET Anfrage für Fernseher
[22:25:06] [HomeKit] GET Anfrage für Nils Dachboden Licht
[22:25:06] [HomeKit] GET Anfrage (Target): Arbeitszimmer Rolllade Garten | Current Target State: 0
[22:25:06] [HomeKit] GET Anfrage (CurrentPosition): Arbeitszimmer Rolllade Garten | Current State: 0
[22:25:06] [HomeKit] GET Anfrage für Subwoofer Nils Zimmer
[22:25:06] [HomeKit] GET Anfrage für Feuchtigkeit Wohnzimmer
[22:25:06] [HomeKit] GET Anfrage (Target): Arbeitszimmer Rolllade Kindergarten | Current Target State: 0
[22:25:06] [HomeKit] GET Anfrage (CurrentPosition): Arbeitszimmer Rolllade Kindergarten | Current State: 0
[22:25:06] [HomeKit] GET Anfrage für Temperatur Garten
[22:25:06] [HomeKit] GET Anfrage für Arbeitszimmer Licht
[22:25:06] [HomeKit] GET Anfrage für Brunnen
[22:25:10] [HomeKit] GET Anfrage (Target): Küche Rolllade | Current Target State: 0
[22:25:10] [HomeKit] GET Anfrage (CurrentPosition): Küche Rolllade | Current State: 0
[22:25:10] [HomeKit] GET Anfrage für LED Kette Nils
[22:25:10] [HomeKit] GET Anfrage für Treppe Licht Pflanze
[22:25:10] [HomeKit] GET Anfrage (Target): Nils Rolllade | Current Target State: 0
[22:25:10] [HomeKit] GET Anfrage (CurrentPosition): Nils Rolllade | Current State: 0
[22:25:10] [HomeKit] GET Anfrage (CurrentPosition): Gäste WC Rolllade | Current State: 0
[22:25:10] [HomeKit] GET Anfrage (Target): Gäste WC Rolllade | Current Target State: 0
[22:25:10] [HomeKit] GET Anfrage für Keller Licht
[22:25:10] [HomeKit] GET Anfrage (Target): Wohnzimmer Rolllade Tür | Current Target State: 0
[22:25:10] [HomeKit] GET Anfrage (CurrentPosition): Wohnzimmer Rolllade Tür | Current State: 0
[22:25:10] [HomeKit] GET Anfrage (CurrentPosition): Schlafzimmer Rolllade | Current State: 0
[22:25:10] [HomeKit] GET Anfrage (Target): Schlafzimmer Rolllade | Current Target State: 0
[22:25:10] [HomeKit] GET Anfrage für Nils Zimmer Licht
[22:25:10] [HomeKit] GET Anfrage für Feuchtigkeit Garten
[22:25:10] [HomeKit] GET Anfrage für Kompressor
[22:25:10] [HomeKit] GET Anfrage (CurrentPosition): Wohnzimmer Rolllade Fenster | Current State: 0
[22:25:10] [HomeKit] GET Anfrage (Target): Wohnzimmer Rolllade Fenster | Current Target State: 0
[22:25:10] [HomeKit] GET Anfrage für Eingangs Flur Licht
[22:25:10] [HomeKit] GET Anfrage für Fernseher
[22:25:10] [HomeKit] GET Anfrage für Nils Dachboden Licht
[22:25:10] [HomeKit] GET Anfrage (Target): Arbeitszimmer Rolllade Garten | Current Target State: 0
[22:25:10] [HomeKit] GET Anfrage (CurrentPosition): Arbeitszimmer Rolllade Garten | Current State: 0
[22:25:10] [HomeKit] GET Anfrage für Subwoofer Nils Zimmer
[22:25:10] [HomeKit] GET Anfrage für Feuchtigkeit Wohnzimmer
[22:25:10] [HomeKit] GET Anfrage (Target): Arbeitszimmer Rolllade Kindergarten | Current Target State: 0
[22:25:10] [HomeKit] GET Anfrage (CurrentPosition): Arbeitszimmer Rolllade Kindergarten | Current State: 0
[22:25:10] [HomeKit] GET Anfrage für Temperatur Garten
[22:25:10] [HomeKit] GET Anfrage für Arbeitszimmer Licht
[22:25:10] [HomeKit] GET Anfrage für Brunnen
[22:25:14] [HomeKit] SET Befehlt: 0
[22:25:14] [HomeKit] AUSSSSSS
[22:25:14] [HomeKit] Callback
[22:25:16] [HomeKit] SET Befehl0
[22:25:16] [HomeKit] AUSSSSSS
[22:25:17] [HomeKit] SET Befehlt: 0
[22:25:17] [HomeKit] AUSSSSSS
[22:25:17] [HomeKit] Callback
[22:28:16] [HomeKit] Update Feuchtigkeit Wohnzimmer
[22:30:01] [HomeKit] Update Feuchtigkeit Garten
[22:35:14] [HomeKit] Update Temperatur Garten
[22:38:42] [HomeKit] Update Feuchtigkeit Wohnzimmer
[22:45:40] [HomeKit] Update Feuchtigkeit Garten
[22:46:07] [HomeKit] GET Anfrage für LED Kette Nils
[22:46:07] [HomeKit] GET Anfrage für Nils Dachboden Licht
[22:46:07] [HomeKit] GET Anfrage für Kompressor
[22:46:07] [HomeKit] GET Anfrage (Target): Nils Rolllade | Current Target State: 0
[22:46:07] [HomeKit] GET Anfrage (CurrentPosition): Nils Rolllade | Current State: 0
[22:46:07] [HomeKit] GET Anfrage für Temperatur Garten
[22:46:07] [HomeKit] GET Anfrage für Feuchtigkeit Garten
[22:46:07] [HomeKit] GET Anfrage für Treppe Licht Pflanze
[22:46:07] [HomeKit] GET Anfrage für Nils Zimmer Licht
[22:46:07] [HomeKit] GET Anfrage für Subwoofer Nils Zimmer
[22:49:08] [HomeKit] Update Feuchtigkeit Wohnzimmer
[22:54:21] [HomeKit] Update Temperatur Wohnzimmer
[22:54:21] [HomeKit] Update Feuchtigkeit Wohnzimmer
[22:56:06] [HomeKit] Update Temperatur Garten
[22:59:34] [HomeKit] Update Feuchtigkeit Wohnzimmer
[23:01:19] [HomeKit] Update Feuchtigkeit Garten
[23:04:47] [HomeKit] Update Feuchtigkeit Wohnzimmer
[23:06:32] [HomeKit] Update Temperatur Garten
[23:06:32] [HomeKit] Update Feuchtigkeit Garten
[23:10:00] [HomeKit] Update Feuchtigkeit Wohnzimmer
[23:11:45] [HomeKit] Update Feuchtigkeit Garten
[23:15:13] [HomeKit] Update Temperatur Wohnzimmer
[23:15:13] [HomeKit] Update Feuchtigkeit Wohnzimmer
[23:16:58] [HomeKit] Update Temperatur Garten
[23:20:26] [HomeKit] Update Feuchtigkeit Wohnzimmer
[23:22:11] [HomeKit] Update Temperatur Garten
[23:25:39] [HomeKit] Update Feuchtigkeit Wohnzimmer
[23:30:52] [HomeKit] Update Feuchtigkeit Wohnzimmer
[23:32:37] [HomeKit] Update Feuchtigkeit Garten
[23:36:05] [HomeKit] Update Feuchtigkeit Wohnzimmer
[23:41:18] [HomeKit] Update Feuchtigkeit Wohnzimmer
[23:43:03] [HomeKit] Update Feuchtigkeit Garten
[23:46:31] [HomeKit] Update Feuchtigkeit Wohnzimmer
[23:48:16] [HomeKit] Update Feuchtigkeit Garten
[23:51:44] [HomeKit] Update Feuchtigkeit Wohnzimmer
[23:53:29] [HomeKit] Update Feuchtigkeit Garten
[23:56:57] [HomeKit] Update Feuchtigkeit Wohnzimmer
[23:58:42] [HomeKit] Update Feuchtigkeit Garten
[00:01:23] [HomeKit] Update Temperatur Wohnzimmer
[00:06:36] [HomeKit] Update Temperatur Wohnzimmer
[00:08:34] [HomeKit] Update Feuchtigkeit Garten
[00:19:01] [HomeKit] Update Feuchtigkeit Garten
[00:24:14] [HomeKit] Update Feuchtigkeit Garten
[00:29:27] [HomeKit] Update Feuchtigkeit Garten
[00:34:40] [HomeKit] Update Temperatur Garten
[00:34:40] [HomeKit] Update Feuchtigkeit Garten
[00:45:06] [HomeKit] Update Temperatur Garten
[00:45:06] [HomeKit] Update Feuchtigkeit Garten
[00:50:19] [HomeKit] Update Temperatur Garten
[00:50:19] [HomeKit] Update Feuchtigkeit Garten
[00:55:32] [HomeKit] Update Feuchtigkeit Garten
[01:00:45] [HomeKit] Update Feuchtigkeit Garten
[01:05:58] [HomeKit] Update Feuchtigkeit Garten
[01:11:11] [HomeKit] Update Temperatur Garten
[01:14:25] [HomeKit] Update Temperatur Wohnzimmer
[01:16:24] [HomeKit] Update Feuchtigkeit Garten
[01:21:37] [HomeKit] Update Temperatur Garten
[01:21:37] [HomeKit] Update Feuchtigkeit Garten
[01:26:50] [HomeKit] Update Feuchtigkeit Garten
[01:32:03] [HomeKit] Update Feuchtigkeit Garten
[01:47:42] [HomeKit] Update Feuchtigkeit Garten
[01:52:55] [HomeKit] Update Temperatur Garten
[01:52:55] [HomeKit] Update Feuchtigkeit Garten
[02:03:21] [HomeKit] Update Feuchtigkeit Garten
[02:08:34] [HomeKit] Update Temperatur Garten
[02:19:00] [HomeKit] Update Temperatur Garten
[02:19:00] [HomeKit] Update Feuchtigkeit Garten
[02:34:39] [HomeKit] Update Feuchtigkeit Garten
[02:39:52] [HomeKit] Update Feuchtigkeit Garten
[02:45:05] [HomeKit] Update Feuchtigkeit Garten
[02:50:18] [HomeKit] Update Temperatur Garten
[02:53:33] [HomeKit] Update Temperatur Wohnzimmer
[02:55:31] [HomeKit] Update Temperatur Garten
[02:55:31] [HomeKit] Update Feuchtigkeit Garten
[03:00:44] [HomeKit] Update Temperatur Garten
[03:05:57] [HomeKit] Update Temperatur Garten
[03:16:23] [HomeKit] Update Temperatur Garten
[03:16:23] [HomeKit] Update Feuchtigkeit Garten
[03:21:36] [HomeKit] Update Feuchtigkeit Garten
[03:26:49] [HomeKit] Update Feuchtigkeit Garten
[03:32:02] [HomeKit] Update Feuchtigkeit Garten
[03:42:28] [HomeKit] Update Temperatur Garten
[03:42:29] [HomeKit] Update Feuchtigkeit Garten
[03:47:42] [HomeKit] Update Feuchtigkeit Garten
[03:52:55] [HomeKit] Update Feuchtigkeit Garten
[03:58:08] [HomeKit] Update Feuchtigkeit Garten
[04:01:22] [HomeKit] Update Temperatur Wohnzimmer
[04:03:21] [HomeKit] Update Feuchtigkeit Garten
[04:08:34] [HomeKit] Update Temperatur Garten
[04:19:00] [HomeKit] Update Temperatur Garten
[04:19:00] [HomeKit] Update Feuchtigkeit Garten
[04:24:13] [HomeKit] Update Temperatur Garten
[04:29:26] [HomeKit] Update Temperatur Garten
[04:29:26] [HomeKit] Update Feuchtigkeit Garten
[04:34:39] [HomeKit] Update Feuchtigkeit Garten
[04:45:05] [HomeKit] Update Temperatur Garten
[04:55:31] [HomeKit] Update Feuchtigkeit Garten
[05:05:57] [HomeKit] Update Feuchtigkeit Garten
[05:16:23] [HomeKit] Update Feuchtigkeit Garten
[05:21:36] [HomeKit] Update Feuchtigkeit Garten
[05:26:49] [HomeKit] Update Feuchtigkeit Garten
[05:32:02] [HomeKit] Update Feuchtigkeit Garten
[05:37:15] [HomeKit] Update Feuchtigkeit Garten
[05:42:28] [HomeKit] Update Temperatur Garten
[05:45:42] [HomeKit] Update Temperatur Wohnzimmer
[05:47:41] [HomeKit] Update Feuchtigkeit Garten
[05:52:54] [HomeKit] Update Temperatur Garten
[05:58:07] [HomeKit] Update Feuchtigkeit Garten
[06:02:26] [HomeKit] Update Küche Rolllade
[06:02:33] [HomeKit] Update Küche Rolllade
[06:03:20] [HomeKit] Update Temperatur Garten
[06:08:33] [HomeKit] Update Feuchtigkeit Garten
[06:13:46] [HomeKit] Update Feuchtigkeit Garten
[06:15:39] [HomeKit] Update Küche Rolllade
[06:18:59] [HomeKit] Update Feuchtigkeit Garten
[06:23:43] [HomeKit] GET Anfrage für LED Kette Nils
[06:23:43] [HomeKit] GET Anfrage für Nils Dachboden Licht
[06:23:43] [HomeKit] GET Anfrage für Kompressor
[06:23:43] [HomeKit] GET Anfrage (Target): Nils Rolllade | Current Target State: 0
[06:23:43] [HomeKit] GET Anfrage (CurrentPosition): Nils Rolllade | Current State: 0
[06:23:43] [HomeKit] GET Anfrage für Temperatur Garten
[06:23:43] [HomeKit] GET Anfrage für Feuchtigkeit Garten
[06:23:43] [HomeKit] GET Anfrage für Subwoofer Nils Zimmer
[06:23:43] [HomeKit] GET Anfrage für Treppe Licht Pflanze
[06:23:43] [HomeKit] GET Anfrage für Nils Zimmer Licht
[06:24:25] [HomeKit] GET Anfrage für LED Kette Nils
[06:24:25] [HomeKit] GET Anfrage für Nils Dachboden Licht
[06:24:25] [HomeKit] GET Anfrage für Kompressor
[06:24:25] [HomeKit] GET Anfrage (Target): Nils Rolllade | Current Target State: 0
[06:24:25] [HomeKit] GET Anfrage (CurrentPosition): Nils Rolllade | Current State: 0
[06:24:25] [HomeKit] GET Anfrage für Temperatur Garten
[06:24:25] [HomeKit] GET Anfrage für Feuchtigkeit Garten
[06:24:25] [HomeKit] GET Anfrage für Subwoofer Nils Zimmer
[06:24:25] [HomeKit] GET Anfrage für Treppe Licht Pflanze
[06:24:25] [HomeKit] GET Anfrage für Nils Zimmer Licht
[06:29:25] [HomeKit] Update Temperatur Garten
[06:29:25] [HomeKit] Update Feuchtigkeit Garten
[06:34:38] [HomeKit] Update Temperatur Garten
[06:34:38] [HomeKit] Update Feuchtigkeit Garten
[06:39:51] [HomeKit] Update Temperatur Garten
[06:45:04] [HomeKit] Update Temperatur Garten
[06:45:04] [HomeKit] Update Feuchtigkeit Garten
[06:55:30] [HomeKit] Update Temperatur Garten
[06:55:30] [HomeKit] Update Feuchtigkeit Garten
[07:00:43] [HomeKit] Update Temperatur Garten
[07:11:09] [HomeKit] Update Feuchtigkeit Garten
[07:13:11] [HomeKit] Update Wohnzimmer Rolllade Tür
[07:13:13] [HomeKit] Update Wohnzimmer Rolllade Tür
[07:13:47] [HomeKit] Update Wohnzimmer Rolllade Tür
[07:16:23] [HomeKit] Update Feuchtigkeit Garten
[07:21:35] [HomeKit] Update Feuchtigkeit Garten
[07:26:49] [HomeKit] Update Feuchtigkeit Garten
[07:32:02] [HomeKit] Update Feuchtigkeit Garten
[08:03:20] [HomeKit] Update Feuchtigkeit Garten
[08:08:33] [HomeKit] Update Temperatur Garten
[08:13:46] [HomeKit] Update Feuchtigkeit Garten
[08:18:59] [HomeKit] Update Temperatur Garten
[08:18:59] [HomeKit] Update Feuchtigkeit Garten
[08:24:12] [HomeKit] Update Temperatur Garten
[08:24:12] [HomeKit] Update Feuchtigkeit Garten
[08:26:02] [HomeKit] Update Wohnzimmer Rolllade Fenster
[08:26:04] [HomeKit] Update Küche Rolllade
[08:26:06] [HomeKit] Update Gäste WC Rolllade
[08:26:08] [HomeKit] Update Arbeitszimmer Rolllade Garten
[08:26:09] [HomeKit] Update Arbeitszimmer Rolllade Kindergarten
[08:26:09] [HomeKit] Update Schlafzimmer Rolllade
[08:29:25] [HomeKit] Update Feuchtigkeit Garten
[08:30:00] [HomeKit] Update Nils Rolllade
[08:34:38] [HomeKit] Update Feuchtigkeit Garten
[08:35:44] [HomeKit] GET Anfrage für Feuchtigkeit Garten
[08:35:44] [HomeKit] GET Anfrage für Subwoofer Nils Zimmer
[08:35:44] [HomeKit] GET Anfrage (Target): Nils Rolllade | Current Target State: 100
[08:35:44] [HomeKit] GET Anfrage (CurrentPosition): Nils Rolllade | Current State: 100
[08:35:44] [HomeKit] GET Anfrage für Kompressor
[08:35:44] [HomeKit] GET Anfrage für Temperatur Garten
[08:35:44] [HomeKit] GET Anfrage für LED Kette Nils
[08:35:44] [HomeKit] GET Anfrage für Nils Dachboden Licht
[08:35:44] [HomeKit] GET Anfrage für Treppe Licht Pflanze
[08:35:44] [HomeKit] GET Anfrage für Nils Zimmer Licht
[08:39:51] [HomeKit] Update Temperatur Garten
[08:39:51] [HomeKit] Update Feuchtigkeit Garten
[08:45:04] [HomeKit] Update Temperatur Garten
[08:45:04] [HomeKit] Update Feuchtigkeit Garten
[08:50:17] [HomeKit] Update Feuchtigkeit Garten
[08:55:30] [HomeKit] Update Temperatur Garten
[09:00:43] [HomeKit] Update Temperatur Garten
[09:00:43] [HomeKit] Update Feuchtigkeit Garten
[09:05:56] [HomeKit] Update Temperatur Garten
[09:05:56] [HomeKit] Update Feuchtigkeit Garten
[09:09:10] [HomeKit] Update Temperatur Wohnzimmer
[09:11:09] [HomeKit] Update Feuchtigkeit Garten
[09:16:22] [HomeKit] Update Temperatur Garten
[09:16:22] [HomeKit] Update Feuchtigkeit Garten
[09:21:35] [HomeKit] Update Temperatur Garten
[09:21:35] [HomeKit] Update Feuchtigkeit Garten
[09:26:48] [HomeKit] Update Temperatur Garten
[09:26:48] [HomeKit] Update Feuchtigkeit Garten
[09:32:01] [HomeKit] Update Temperatur Garten
[09:32:01] [HomeKit] Update Feuchtigkeit Garten
[09:37:14] [HomeKit] Update Temperatur Garten
[09:37:14] [HomeKit] Update Feuchtigkeit Garten
[09:40:28] [HomeKit] Update Temperatur Wohnzimmer
[09:47:40] [HomeKit] Update Temperatur Garten
[09:47:40] [HomeKit] Update Feuchtigkeit Garten
[09:52:53] [HomeKit] Update Feuchtigkeit Garten
[09:58:06] [HomeKit] Update Temperatur Garten
[09:58:06] [HomeKit] Update Feuchtigkeit Garten
[10:03:19] [HomeKit] Update Temperatur Garten
[10:03:19] [HomeKit] Update Feuchtigkeit Garten
[10:08:32] [HomeKit] Update Temperatur Garten
[10:08:32] [HomeKit] Update Feuchtigkeit Garten
[10:13:45] [HomeKit] Update Temperatur Garten
[10:13:45] [HomeKit] Update Feuchtigkeit Garten
[10:18:58] [HomeKit] Update Temperatur Garten
[10:18:58] [HomeKit] Update Feuchtigkeit Garten
[10:19:44] [HomeKit] GET Anfrage für Feuchtigkeit Garten
[10:19:45] [HomeKit] GET Anfrage für Subwoofer Nils Zimmer
[10:19:45] [HomeKit] GET Anfrage (CurrentPosition): Nils Rolllade | Current State: 100
[10:19:45] [HomeKit] GET Anfrage (Target): Nils Rolllade | Current Target State: 100
[10:19:45] [HomeKit] GET Anfrage für Kompressor
[10:19:45] [HomeKit] GET Anfrage für Temperatur Garten
[10:19:45] [HomeKit] GET Anfrage für LED Kette Nils
[10:19:45] [HomeKit] GET Anfrage für Nils Dachboden Licht
[10:19:45] [HomeKit] GET Anfrage für Nils Zimmer Licht
[10:19:45] [HomeKit] GET Anfrage für Treppe Licht Pflanze
[10:24:11] [HomeKit] Update Temperatur Garten
[10:29:24] [HomeKit] Update Temperatur Garten
[10:34:37] [HomeKit] Update Temperatur Garten
[10:34:37] [HomeKit] Update Feuchtigkeit Garten
[10:39:50] [HomeKit] Update Temperatur Garten
[10:39:50] [HomeKit] Update Feuchtigkeit Garten
[10:45:03] [HomeKit] Update Feuchtigkeit Garten
[10:48:17] [HomeKit] Update Temperatur Wohnzimmer
[10:50:17] [HomeKit] Update Temperatur Garten
[10:50:17] [HomeKit] Update Feuchtigkeit Garten
[10:55:30] [HomeKit] Update Temperatur Garten
[10:55:30] [HomeKit] Update Feuchtigkeit Garten
[10:56:45] [HomeKit] GET Anfrage für Feuchtigkeit Garten
[10:56:45] [HomeKit] GET Anfrage für Subwoofer Nils Zimmer
[10:56:45] [HomeKit] GET Anfrage (CurrentPosition): Nils Rolllade | Current State: 100
[10:56:45] [HomeKit] GET Anfrage (Target): Nils Rolllade | Current Target State: 100
[10:56:45] [HomeKit] GET Anfrage für Kompressor
[10:56:45] [HomeKit] GET Anfrage für Temperatur Garten
[10:56:45] [HomeKit] GET Anfrage für LED Kette Nils
[10:56:45] [HomeKit] GET Anfrage für Nils Dachboden Licht
[10:56:45] [HomeKit] GET Anfrage für Nils Zimmer Licht
[10:56:45] [HomeKit] GET Anfrage für Treppe Licht Pflanze
[10:58:43] [HomeKit] Update Temperatur Wohnzimmer
[11:00:43] [HomeKit] Update Temperatur Garten
[11:03:56] [HomeKit] Update Temperatur Wohnzimmer
[11:05:56] [HomeKit] Update Temperatur Garten
[11:05:56] [HomeKit] Update Feuchtigkeit Garten
[11:11:09] [HomeKit] Update Temperatur Garten
[11:16:22] [HomeKit] Update Feuchtigkeit Garten
[11:21:35] [HomeKit] Update Temperatur Garten
[11:21:35] [HomeKit] Update Feuchtigkeit Garten
[11:26:48] [HomeKit] Update Temperatur Garten
[11:26:48] [HomeKit] Update Feuchtigkeit Garten
[11:32:01] [HomeKit] Update Feuchtigkeit Garten
[11:37:14] [HomeKit] Update Temperatur Garten
[11:42:27] [HomeKit] Update Temperatur Garten
[11:42:27] [HomeKit] Update Feuchtigkeit Garten
[11:47:40] [HomeKit] Update Temperatur Garten
[11:47:40] [HomeKit] Update Feuchtigkeit Garten
[11:52:53] [HomeKit] Update Temperatur Garten
[11:52:53] [HomeKit] Update Feuchtigkeit Garten
[11:54:48] [HomeKit] GET Anfrage für Feuchtigkeit Garten
[11:54:48] [HomeKit] GET Anfrage für Subwoofer Nils Zimmer
[11:54:48] [HomeKit] GET Anfrage (CurrentPosition): Nils Rolllade | Current State: 100
[11:54:48] [HomeKit] GET Anfrage (Target): Nils Rolllade | Current Target State: 100
[11:54:48] [HomeKit] GET Anfrage für Kompressor
[11:54:48] [HomeKit] GET Anfrage für Temperatur Garten
[11:54:48] [HomeKit] GET Anfrage für LED Kette Nils
[11:54:48] [HomeKit] GET Anfrage für Nils Dachboden Licht
[11:54:48] [HomeKit] GET Anfrage für Nils Zimmer Licht
[11:54:48] [HomeKit] GET Anfrage für Treppe Licht Pflanze
[11:58:06] [HomeKit] Update Feuchtigkeit Garten
[12:03:19] [HomeKit] Update Temperatur Garten
[12:08:32] [HomeKit] Update Temperatur Garten
[12:08:32] [HomeKit] Update Feuchtigkeit Garten
[12:13:45] [HomeKit] Update Temperatur Garten
[12:13:45] [HomeKit] Update Feuchtigkeit Garten
[12:18:58] [HomeKit] Update Temperatur Garten
[12:18:58] [HomeKit] Update Feuchtigkeit Garten
[12:24:11] [HomeKit] Update Temperatur Garten
[12:24:11] [HomeKit] Update Feuchtigkeit Garten
[12:39:50] [HomeKit] Update Temperatur Garten
[12:39:50] [HomeKit] Update Feuchtigkeit Garten
[12:45:03] [HomeKit] Update Feuchtigkeit Garten
[12:45:09] [HomeKit] GET Anfrage für Feuchtigkeit Garten
[12:45:09] [HomeKit] GET Anfrage für Subwoofer Nils Zimmer
[12:45:09] [HomeKit] GET Anfrage (CurrentPosition): Nils Rolllade | Current State: 100
[12:45:09] [HomeKit] GET Anfrage (Target): Nils Rolllade | Current Target State: 100
[12:45:09] [HomeKit] GET Anfrage für Kompressor
[12:45:09] [HomeKit] GET Anfrage für Temperatur Garten
[12:45:09] [HomeKit] GET Anfrage für LED Kette Nils
[12:45:09] [HomeKit] GET Anfrage für Nils Dachboden Licht
[12:45:09] [HomeKit] GET Anfrage für Nils Zimmer Licht
[12:45:09] [HomeKit] GET Anfrage für Treppe Licht Pflanze
[12:50:16] [HomeKit] Update Feuchtigkeit Garten
[13:00:42] [HomeKit] Update Temperatur Garten
[13:00:42] [HomeKit] Update Feuchtigkeit Garten
[13:05:55] [HomeKit] Update Temperatur Garten
[13:05:55] [HomeKit] Update Feuchtigkeit Garten
[13:11:08] [HomeKit] Update Feuchtigkeit Garten
[13:16:21] [HomeKit] Update Temperatur Garten
[13:26:47] [HomeKit] Update Temperatur Garten
[13:26:47] [HomeKit] Update Feuchtigkeit Garten
[13:32:00] [HomeKit] Update Temperatur Garten
[13:32:00] [HomeKit] Update Feuchtigkeit Garten
[13:37:13] [HomeKit] Update Temperatur Garten
[13:37:13] [HomeKit] Update Feuchtigkeit Garten
[13:42:26] [HomeKit] Update Temperatur Garten
[13:42:26] [HomeKit] Update Feuchtigkeit Garten
[13:52:52] [HomeKit] Update Feuchtigkeit Garten
[13:58:05] [HomeKit] Update Temperatur Garten
[13:58:05] [HomeKit] Update Feuchtigkeit Garten
[14:03:18] [HomeKit] Update Temperatur Garten
[14:08:31] [HomeKit] Update Temperatur Garten
[14:08:31] [HomeKit] Update Feuchtigkeit Garten
[14:13:44] [HomeKit] Update Temperatur Garten
[14:13:44] [HomeKit] Update Feuchtigkeit Garten
[14:18:57] [HomeKit] Update Temperatur Garten
[14:18:57] [HomeKit] Update Feuchtigkeit Garten
[14:24:10] [HomeKit] Update Temperatur Garten
[14:24:10] [HomeKit] Update Feuchtigkeit Garten
[14:29:23] [HomeKit] Update Feuchtigkeit Garten
[14:34:37] [HomeKit] Update Temperatur Garten
[14:39:50] [HomeKit] Update Feuchtigkeit Garten
[14:45:03] [HomeKit] Update Temperatur Garten
[14:45:03] [HomeKit] Update Feuchtigkeit Garten
[14:55:29] [HomeKit] Update Temperatur Garten
[14:55:29] [HomeKit] Update Feuchtigkeit Garten
[15:00:42] [HomeKit] Update Feuchtigkeit Garten
[15:11:08] [HomeKit] Update Temperatur Garten
[15:11:08] [HomeKit] Update Feuchtigkeit Garten
[15:16:21] [HomeKit] Update Feuchtigkeit Garten
[15:21:34] [HomeKit] Update Feuchtigkeit Garten
[15:26:47] [HomeKit] Update Feuchtigkeit Garten
[15:32:00] [HomeKit] Update Feuchtigkeit Garten
[15:37:13] [HomeKit] Update Feuchtigkeit Garten
[15:42:26] [HomeKit] Update Temperatur Garten
[15:42:26] [HomeKit] Update Feuchtigkeit Garten
[15:47:39] [HomeKit] Update Feuchtigkeit Garten
[15:51:12] [HomeKit] GET Anfrage für Feuchtigkeit Garten
[15:51:12] [HomeKit] GET Anfrage für Subwoofer Nils Zimmer
[15:51:12] [HomeKit] GET Anfrage (CurrentPosition): Nils Rolllade | Current State: 100
[15:51:12] [HomeKit] GET Anfrage (Target): Nils Rolllade | Current Target State: 100
[15:51:12] [HomeKit] GET Anfrage für Kompressor
[15:51:12] [HomeKit] GET Anfrage für Temperatur Garten
[15:51:12] [HomeKit] GET Anfrage für LED Kette Nils
[15:51:12] [HomeKit] GET Anfrage für Nils Dachboden Licht
[15:51:12] [HomeKit] GET Anfrage für Nils Zimmer Licht
[15:51:12] [HomeKit] GET Anfrage für Treppe Licht Pflanze
[15:51:15] [HomeKit] GET Anfrage für Feuchtigkeit Garten
[15:51:15] [HomeKit] GET Anfrage für Subwoofer Nils Zimmer
[15:51:15] [HomeKit] GET Anfrage (CurrentPosition): Nils Rolllade | Current State: 100
[15:51:15] [HomeKit] GET Anfrage (Target): Nils Rolllade | Current Target State: 100
[15:51:15] [HomeKit] GET Anfrage für Kompressor
[15:51:15] [HomeKit] GET Anfrage für Temperatur Garten
[15:51:15] [HomeKit] GET Anfrage für LED Kette Nils
[15:51:15] [HomeKit] GET Anfrage für Nils Dachboden Licht
[15:51:15] [HomeKit] GET Anfrage für Nils Zimmer Licht
[15:51:15] [HomeKit] GET Anfrage für Treppe Licht Pflanze
[15:51:28] [HomeKit] SET Befehl0
[15:51:28] [HomeKit] AUSSSSSS
[15:52:52] [HomeKit] Update Feuchtigkeit Garten
[15:58:05] [HomeKit] Update Temperatur Garten
[15:58:05] [HomeKit] Update Feuchtigkeit Garten
[16:00:51] [HomeKit] GET Anfrage für Feuchtigkeit Garten
[16:00:51] [HomeKit] GET Anfrage für Subwoofer Nils Zimmer
[16:00:51] [HomeKit] GET Anfrage (CurrentPosition): Nils Rolllade | Current State: 100
[16:00:51] [HomeKit] GET Anfrage (Target): Nils Rolllade | Current Target State: 100
[16:00:51] [HomeKit] GET Anfrage für Kompressor
[16:00:51] [HomeKit] GET Anfrage für Temperatur Garten
[16:00:51] [HomeKit] GET Anfrage für LED Kette Nils
[16:00:51] [HomeKit] GET Anfrage für Nils Dachboden Licht
[16:00:51] [HomeKit] GET Anfrage für Nils Zimmer Licht
[16:00:51] [HomeKit] GET Anfrage für Treppe Licht Pflanze
[16:01:18] [HomeKit] Update Temperatur Wohnzimmer
[16:03:18] [HomeKit] Update Feuchtigkeit Garten
[16:04:37] [HomeKit] GET Anfrage für Feuchtigkeit Garten
[16:04:37] [HomeKit] GET Anfrage für Subwoofer Nils Zimmer
[16:04:37] [HomeKit] GET Anfrage (CurrentPosition): Nils Rolllade | Current State: 100
[16:04:37] [HomeKit] GET Anfrage (Target): Nils Rolllade | Current Target State: 100
[16:04:37] [HomeKit] GET Anfrage für Kompressor
[16:04:37] [HomeKit] GET Anfrage für Temperatur Garten
[16:04:37] [HomeKit] GET Anfrage für LED Kette Nils
[16:04:37] [HomeKit] GET Anfrage für Nils Dachboden Licht
[16:04:37] [HomeKit] GET Anfrage für Nils Zimmer Licht
[16:04:37] [HomeKit] GET Anfrage für Treppe Licht Pflanze
[16:06:31] [HomeKit] Update Temperatur Wohnzimmer
[16:08:31] [HomeKit] Update Feuchtigkeit Garten
[16:08:37] [HomeKit] GET Anfrage für Feuchtigkeit Garten
[16:08:37] [HomeKit] GET Anfrage für Subwoofer Nils Zimmer
[16:08:37] [HomeKit] GET Anfrage (CurrentPosition): Nils Rolllade | Current State: 100
[16:08:37] [HomeKit] GET Anfrage (Target): Nils Rolllade | Current Target State: 100
[16:08:37] [HomeKit] GET Anfrage für Kompressor
[16:08:37] [HomeKit] GET Anfrage für Temperatur Garten
[16:08:37] [HomeKit] GET Anfrage für LED Kette Nils
[16:08:37] [HomeKit] GET Anfrage für Nils Dachboden Licht
[16:08:37] [HomeKit] GET Anfrage für Nils Zimmer Licht
[16:08:37] [HomeKit] GET Anfrage für Treppe Licht Pflanze
[16:08:41] [HomeKit] SET Befehl1
[16:08:41] [HomeKit] ANNNNNNN
[16:11:44] [HomeKit] Update Temperatur Wohnzimmer
[16:13:44] [HomeKit] Update Temperatur Garten
[16:13:44] [HomeKit] Update Feuchtigkeit Garten
[16:16:57] [HomeKit] Update Temperatur Wohnzimmer
[16:18:57] [HomeKit] Update Feuchtigkeit Garten
[16:22:10] [HomeKit] Update Temperatur Wohnzimmer
[16:24:10] [HomeKit] Update Temperatur Garten
[16:24:10] [HomeKit] Update Feuchtigkeit Garten
[16:27:23] [HomeKit] Update Temperatur Wohnzimmer
[16:29:23] [HomeKit] Update Feuchtigkeit Garten
[16:32:36] [HomeKit] Update Temperatur Wohnzimmer
[16:37:49] [HomeKit] Update Temperatur Wohnzimmer
[16:43:02] [HomeKit] Update Temperatur Wohnzimmer
[16:45:02] [HomeKit] Update Temperatur Garten
[16:45:02] [HomeKit] Update Feuchtigkeit Garten
[16:48:15] [HomeKit] Update Temperatur Wohnzimmer
[16:50:15] [HomeKit] Update Feuchtigkeit Garten
[16:53:28] [HomeKit] Update Temperatur Wohnzimmer
[16:55:28] [HomeKit] Update Feuchtigkeit Garten
[16:58:41] [HomeKit] Update Temperatur Wohnzimmer
[16:58:53] [HomeKit] Update Wohnzimmer Rolllade Tür
[16:59:12] [HomeKit] Update Wohnzimmer Rolllade Tür
[16:59:14] [HomeKit] Update Wohnzimmer Rolllade Tür
[16:59:26] [HomeKit] Update Wohnzimmer Rolllade Tür
[16:59:29] [HomeKit] Update Wohnzimmer Rolllade Tür
[17:00:41] [HomeKit] Update Feuchtigkeit Garten
[17:05:54] [HomeKit] Update Temperatur Garten
[17:05:54] [HomeKit] Update Feuchtigkeit Garten
[17:09:07] [HomeKit] Update Temperatur Wohnzimmer
[17:11:07] [HomeKit] Update Temperatur Garten
[17:11:07] [HomeKit] Update Feuchtigkeit Garten
[17:14:20] [HomeKit] Update Temperatur Wohnzimmer
[17:15:15] [HomeKit] GET Anfrage für Feuchtigkeit Garten
[17:15:15] [HomeKit] GET Anfrage für Subwoofer Nils Zimmer
[17:15:15] [HomeKit] GET Anfrage (CurrentPosition): Nils Rolllade | Current State: 100
[17:15:15] [HomeKit] GET Anfrage (Target): Nils Rolllade | Current Target State: 100
[17:15:15] [HomeKit] GET Anfrage für Kompressor
[17:15:15] [HomeKit] GET Anfrage für Temperatur Garten
[17:15:15] [HomeKit] GET Anfrage für LED Kette Nils
[17:15:15] [HomeKit] GET Anfrage für Nils Dachboden Licht
[17:15:15] [HomeKit] GET Anfrage für Nils Zimmer Licht
[17:15:15] [HomeKit] GET Anfrage für Treppe Licht Pflanze
[17:16:20] [HomeKit] Update Temperatur Garten
[17:16:20] [HomeKit] Update Feuchtigkeit Garten
[17:19:33] [HomeKit] Update Temperatur Wohnzimmer
[17:24:46] [HomeKit] Update Temperatur Wohnzimmer
[17:29:59] [HomeKit] Update Temperatur Wohnzimmer
[17:31:59] [HomeKit] Update Feuchtigkeit Garten
[17:34:00] [HomeKit] Update Gäste WC Rolllade
[17:34:02] [HomeKit] Update Wohnzimmer Rolllade Fenster
[17:34:03] [HomeKit] Update Küche Rolllade
[17:34:05] [HomeKit] Update Wohnzimmer Rolllade Tür
[17:34:10] [HomeKit] Update Nils Rolllade
[17:34:11] [HomeKit] Update Arbeitszimmer Rolllade Garten
[17:34:12] [HomeKit] Update Arbeitszimmer Rolllade Kindergarten
[17:34:13] [HomeKit] Update Schlafzimmer Rolllade
[17:35:12] [HomeKit] Update Temperatur Wohnzimmer
[17:40:25] [HomeKit] Update Temperatur Wohnzimmer
[17:42:25] [HomeKit] Update Temperatur Garten
[17:52:51] [HomeKit] Update Feuchtigkeit Garten
[18:03:17] [HomeKit] Update Feuchtigkeit Garten
[18:08:30] [HomeKit] Update Feuchtigkeit Garten
[18:11:43] [HomeKit] Update Temperatur Wohnzimmer
[18:13:44] [HomeKit] Update Feuchtigkeit Garten
[18:18:57] [HomeKit] Update Feuchtigkeit Garten
[18:22:09] [HomeKit] Update Temperatur Wohnzimmer
[18:24:10] [HomeKit] Update Feuchtigkeit Garten
[18:27:22] [HomeKit] Update Temperatur Wohnzimmer
[18:29:23] [HomeKit] Update Temperatur Garten
[18:29:23] [HomeKit] Update Feuchtigkeit Garten
[18:31:22] [HomeKit] GET Anfrage für Feuchtigkeit Garten
[18:31:22] [HomeKit] GET Anfrage für Subwoofer Nils Zimmer
[18:31:22] [HomeKit] GET Anfrage (CurrentPosition): Nils Rolllade | Current State: 0
[18:31:22] [HomeKit] GET Anfrage (Target): Nils Rolllade | Current Target State: 0
[18:31:22] [HomeKit] GET Anfrage für Kompressor
[18:31:22] [HomeKit] GET Anfrage für Temperatur Garten
[18:31:22] [HomeKit] GET Anfrage für LED Kette Nils
[18:31:22] [HomeKit] GET Anfrage für Nils Dachboden Licht
[18:31:22] [HomeKit] GET Anfrage für Nils Zimmer Licht
[18:31:22] [HomeKit] GET Anfrage für Treppe Licht Pflanze
[18:34:36] [HomeKit] Update Feuchtigkeit Garten
[18:37:48] [HomeKit] Update Temperatur Wohnzimmer
[18:39:49] [HomeKit] Update Feuchtigkeit Garten
[18:43:01] [HomeKit] Update Temperatur Wohnzimmer
[18:45:02] [HomeKit] Update Temperatur Garten
[18:45:02] [HomeKit] Update Feuchtigkeit Garten
[18:50:15] [HomeKit] Update Feuchtigkeit Garten
[18:53:27] [HomeKit] Update Temperatur Wohnzimmer
[18:55:28] [HomeKit] Update Feuchtigkeit Garten
[19:00:41] [HomeKit] Update Feuchtigkeit Garten
[19:03:53] [HomeKit] Update Temperatur Wohnzimmer
[19:05:54] [HomeKit] Update Feuchtigkeit Garten
[19:09:06] [HomeKit] Update Temperatur Wohnzimmer
[19:11:07] [HomeKit] Update Temperatur Garten
[19:16:20] [HomeKit] Update Temperatur Garten
[19:16:20] [HomeKit] Update Feuchtigkeit Garten
[19:19:32] [HomeKit] Update Temperatur Wohnzimmer
[19:21:33] [HomeKit] Update Temperatur Garten
[19:21:33] [HomeKit] Update Feuchtigkeit Garten
[19:24:45] [HomeKit] Update Temperatur Wohnzimmer
[19:25:05] [HomeKit] GET Anfrage (Target): Küche Rolllade | Current Target State: 0
[19:25:05] [HomeKit] GET Anfrage (CurrentPosition): Küche Rolllade | Current State: 0
[19:25:05] [HomeKit] GET Anfrage für Treppe Licht Pflanze
[19:25:05] [HomeKit] GET Anfrage für LED Kette Nils
[19:25:05] [HomeKit] GET Anfrage (Target): Nils Rolllade | Current Target State: 0
[19:25:05] [HomeKit] GET Anfrage (CurrentPosition): Nils Rolllade | Current State: 0
[19:25:05] [HomeKit] GET Anfrage (CurrentPosition): Gäste WC Rolllade | Current State: 0
[19:25:05] [HomeKit] GET Anfrage (Target): Gäste WC Rolllade | Current Target State: 0
[19:25:05] [HomeKit] GET Anfrage (Target): Wohnzimmer Rolllade Tür | Current Target State: 0
[19:25:05] [HomeKit] GET Anfrage (CurrentPosition): Wohnzimmer Rolllade Tür | Current State: 0
[19:25:05] [HomeKit] GET Anfrage für Feuchtigkeit Garten
[19:25:05] [HomeKit] GET Anfrage (Target): Schlafzimmer Rolllade | Current Target State: 0
[19:25:05] [HomeKit] GET Anfrage (CurrentPosition): Schlafzimmer Rolllade | Current State: 0
[19:25:05] [HomeKit] GET Anfrage für Nils Zimmer Licht
[19:25:05] [HomeKit] GET Anfrage für Kompressor
[19:25:05] [HomeKit] GET Anfrage für Keller Licht
[19:25:05] [HomeKit] GET Anfrage (Target): Wohnzimmer Rolllade Fenster | Current Target State: 0
[19:25:05] [HomeKit] GET Anfrage (CurrentPosition): Wohnzimmer Rolllade Fenster | Current State: 0
[19:25:05] [HomeKit] GET Anfrage für Eingangs Flur Licht
[19:25:05] [HomeKit] GET Anfrage für Fernseher
[19:25:05] [HomeKit] GET Anfrage für Nils Dachboden Licht
[19:25:05] [HomeKit] GET Anfrage (Target): Arbeitszimmer Rolllade Garten | Current Target State: 0
[19:25:05] [HomeKit] GET Anfrage (CurrentPosition): Arbeitszimmer Rolllade Garten | Current State: 0
[19:25:05] [HomeKit] GET Anfrage für Subwoofer Nils Zimmer
[19:25:05] [HomeKit] GET Anfrage für Feuchtigkeit Wohnzimmer
[19:25:05] [HomeKit] GET Anfrage (Target): Arbeitszimmer Rolllade Kindergarten | Current Target State: 0
[19:25:05] [HomeKit] GET Anfrage (CurrentPosition): Arbeitszimmer Rolllade Kindergarten | Current State: 0
[19:25:05] [HomeKit] GET Anfrage für Temperatur Garten
[19:25:05] [HomeKit] GET Anfrage für Arbeitszimmer Licht
[19:25:05] [HomeKit] GET Anfrage für Brunnen
[19:25:08] [HomeKit] SET Befehlt: 1
[19:25:08] [HomeKit] ANNNNNNN
[19:25:08] [HomeKit] Callback
[19:25:11] [HomeKit] SET Befehlt: false
[19:25:11] [HomeKit] AUSSSSSS
[19:25:11] [HomeKit] SET Befehltrue
[19:25:11] [HomeKit] ANNNNNNN
[19:25:11] [HomeKit] SET Befehlt: false
[19:25:11] [HomeKit] AUSSSSSS
[19:25:11] [HomeKit] SET Befehlt: true
[19:25:11] [HomeKit] ANNNNNNN
[19:25:11] [HomeKit] Callback
[19:25:11] [HomeKit] Callback
[19:25:11] [HomeKit] Callback
[19:26:46] [HomeKit] Update Feuchtigkeit Garten
[19:28:56] [HomeKit] GET Anfrage (Target): Küche Rolllade | Current Target State: 0
[19:28:56] [HomeKit] GET Anfrage (CurrentPosition): Küche Rolllade | Current State: 0
[19:28:56] [HomeKit] GET Anfrage für Treppe Licht Pflanze
[19:28:56] [HomeKit] GET Anfrage für LED Kette Nils
[19:28:56] [HomeKit] GET Anfrage (Target): Nils Rolllade | Current Target State: 0
[19:28:56] [HomeKit] GET Anfrage (CurrentPosition): Nils Rolllade | Current State: 0
[19:28:56] [HomeKit] GET Anfrage (CurrentPosition): Gäste WC Rolllade | Current State: 0
[19:28:56] [HomeKit] GET Anfrage (Target): Gäste WC Rolllade | Current Target State: 0
[19:28:56] [HomeKit] GET Anfrage (Target): Wohnzimmer Rolllade Tür | Current Target State: 0
[19:28:56] [HomeKit] GET Anfrage (CurrentPosition): Wohnzimmer Rolllade Tür | Current State: 0
[19:28:56] [HomeKit] GET Anfrage für Feuchtigkeit Garten
[19:28:56] [HomeKit] GET Anfrage (Target): Schlafzimmer Rolllade | Current Target State: 0
[19:28:56] [HomeKit] GET Anfrage (CurrentPosition): Schlafzimmer Rolllade | Current State: 0
[19:28:56] [HomeKit] GET Anfrage für Nils Zimmer Licht
[19:28:56] [HomeKit] GET Anfrage für Kompressor
[19:28:56] [HomeKit] GET Anfrage für Keller Licht
[19:28:56] [HomeKit] GET Anfrage (Target): Wohnzimmer Rolllade Fenster | Current Target State: 0
[19:28:56] [HomeKit] GET Anfrage (CurrentPosition): Wohnzimmer Rolllade Fenster | Current State: 0
[19:28:56] [HomeKit] GET Anfrage für Eingangs Flur Licht
[19:28:56] [HomeKit] GET Anfrage für Fernseher
[19:28:56] [HomeKit] GET Anfrage für Nils Dachboden Licht
[19:28:56] [HomeKit] GET Anfrage (Target): Arbeitszimmer Rolllade Garten | Current Target State: 0
[19:28:56] [HomeKit] GET Anfrage (CurrentPosition): Arbeitszimmer Rolllade Garten | Current State: 0
[19:28:56] [HomeKit] GET Anfrage für Subwoofer Nils Zimmer
[19:28:56] [HomeKit] GET Anfrage für Feuchtigkeit Wohnzimmer
[19:28:56] [HomeKit] GET Anfrage (Target): Arbeitszimmer Rolllade Kindergarten | Current Target State: 0
[19:28:56] [HomeKit] GET Anfrage (CurrentPosition): Arbeitszimmer Rolllade Kindergarten | Current State: 0
[19:28:56] [HomeKit] GET Anfrage für Temperatur Garten
[19:28:56] [HomeKit] GET Anfrage für Arbeitszimmer Licht
[19:28:56] [HomeKit] GET Anfrage für Brunnen
[19:30:47] [HomeKit] GET Anfrage für LED Kette Nils
[19:30:47] [HomeKit] GET Anfrage für Nils Dachboden Licht
[19:30:47] [HomeKit] GET Anfrage für Kompressor
[19:30:47] [HomeKit] GET Anfrage (CurrentPosition): Nils Rolllade | Current State: 0
[19:30:47] [HomeKit] GET Anfrage (Target): Nils Rolllade | Current Target State: 0
[19:30:47] [HomeKit] GET Anfrage für Temperatur Garten
[19:30:47] [HomeKit] GET Anfrage für Feuchtigkeit Garten
[19:30:47] [HomeKit] GET Anfrage für Nils Zimmer Licht
[19:30:47] [HomeKit] GET Anfrage für Treppe Licht Pflanze
[19:30:47] [HomeKit] GET Anfrage für Subwoofer Nils Zimmer
[19:31:59] [HomeKit] Update Feuchtigkeit Garten
[19:32:13] [HomeKit] GET Anfrage für LED Kette Nils
[19:32:13] [HomeKit] GET Anfrage für Nils Dachboden Licht
[19:32:13] [HomeKit] GET Anfrage für Kompressor
[19:32:13] [HomeKit] GET Anfrage (CurrentPosition): Nils Rolllade | Current State: 0
[19:32:13] [HomeKit] GET Anfrage (Target): Nils Rolllade | Current Target State: 0
[19:32:13] [HomeKit] GET Anfrage für Temperatur Garten
[19:32:13] [HomeKit] GET Anfrage für Feuchtigkeit Garten
[19:32:13] [HomeKit] GET Anfrage für Nils Zimmer Licht
[19:32:13] [HomeKit] GET Anfrage für Treppe Licht Pflanze
[19:32:13] [HomeKit] GET Anfrage für Subwoofer Nils Zimmer
[19:35:11] [HomeKit] Update Temperatur Wohnzimmer
[19:40:24] [HomeKit] Update Temperatur Wohnzimmer
[19:42:25] [HomeKit] Update Feuchtigkeit Garten
[19:43:00] [HomeKit] Update Küche Rolllade
[19:43:07] [HomeKit] Update Küche Rolllade
[19:47:38] [HomeKit] Update Feuchtigkeit Garten
[19:50:51] [HomeKit] Update Temperatur Wohnzimmer
[19:52:51] [HomeKit] Update Feuchtigkeit Garten
[19:56:04] [HomeKit] Update Temperatur Wohnzimmer
[19:58:04] [HomeKit] Update Temperatur Garten
[19:58:04] [HomeKit] Update Feuchtigkeit Garten
[20:03:17] [HomeKit] Update Feuchtigkeit Garten
[20:08:30] [HomeKit] Update Temperatur Garten
[20:08:30] [HomeKit] Update Feuchtigkeit Garten
[20:11:43] [HomeKit] Update Temperatur Wohnzimmer
[20:13:43] [HomeKit] Update Temperatur Garten
[20:13:43] [HomeKit] Update Feuchtigkeit Garten
[20:16:56] [HomeKit] Update Temperatur Wohnzimmer
[20:18:56] [HomeKit] Update Feuchtigkeit Garten
[20:24:09] [HomeKit] Update Temperatur Garten
[20:24:24] [HomeKit] Update Küche Rolllade
[20:27:22] [HomeKit] Update Temperatur Wohnzimmer
[20:29:22] [HomeKit] Update Temperatur Garten
[20:29:22] [HomeKit] Update Feuchtigkeit Garten
[20:34:35] [HomeKit] Update Temperatur Garten
[20:34:35] [HomeKit] Update Feuchtigkeit Garten
[20:37:48] [HomeKit] Update Temperatur Wohnzimmer
[20:39:48] [HomeKit] Update Feuchtigkeit Garten
[20:45:01] [HomeKit] Update Feuchtigkeit Garten
[20:50:14] [HomeKit] Update Feuchtigkeit Garten
[20:53:27] [HomeKit] Update Temperatur Wohnzimmer
[20:55:27] [HomeKit] Update Feuchtigkeit Garten
[21:00:40] [HomeKit] Update Feuchtigkeit Garten
[21:03:53] [HomeKit] Update Temperatur Wohnzimmer
[21:11:06] [HomeKit] Update Temperatur Garten
[21:11:06] [HomeKit] Update Feuchtigkeit Garten
[21:16:19] [HomeKit] Update Feuchtigkeit Garten
[21:19:32] [HomeKit] Update Temperatur Wohnzimmer
[21:21:32] [HomeKit] Update Feuchtigkeit Garten
[21:26:45] [HomeKit] Update Temperatur Garten
[21:26:45] [HomeKit] Update Feuchtigkeit Garten
[21:26:52] [HomeKit] GET Anfrage für Feuchtigkeit Garten
[21:26:52] [HomeKit] GET Anfrage (Target): Wohnzimmer Rolllade Fenster | Current Target State: 0
[21:26:52] [HomeKit] GET Anfrage (CurrentPosition): Wohnzimmer Rolllade Fenster | Current State: 0
[21:26:52] [HomeKit] GET Anfrage für Subwoofer Nils Zimmer
[21:26:52] [HomeKit] GET Anfrage (CurrentPosition): Arbeitszimmer Rolllade Kindergarten | Current State: 0
[21:26:52] [HomeKit] GET Anfrage (Target): Arbeitszimmer Rolllade Kindergarten | Current Target State: 0
[21:26:52] [HomeKit] GET Anfrage für LED Kette Nils
[21:26:52] [HomeKit] GET Anfrage (CurrentPosition): Nils Rolllade | Current State: 0
[21:26:52] [HomeKit] GET Anfrage (Target): Nils Rolllade | Current Target State: 0
[21:26:52] [HomeKit] GET Anfrage für Feuchtigkeit Wohnzimmer
[21:26:52] [HomeKit] GET Anfrage für Treppe Licht Pflanze
[21:26:52] [HomeKit] GET Anfrage (Target): Wohnzimmer Rolllade Tür | Current Target State: 0
[21:26:52] [HomeKit] GET Anfrage (CurrentPosition): Wohnzimmer Rolllade Tür | Current State: 0
[21:26:52] [HomeKit] GET Anfrage (Target): Küche Rolllade | Current Target State: 0
[21:26:52] [HomeKit] GET Anfrage (CurrentPosition): Küche Rolllade | Current State: 0
[21:26:52] [HomeKit] GET Anfrage für Eingangs Flur Licht
[21:26:52] [HomeKit] GET Anfrage für Nils Dachboden Licht
[21:26:52] [HomeKit] GET Anfrage für Brunnen
[21:26:52] [HomeKit] GET Anfrage für Arbeitszimmer Licht
[21:26:52] [HomeKit] GET Anfrage (CurrentPosition): Gäste WC Rolllade | Current State: 0
[21:26:52] [HomeKit] GET Anfrage (Target): Gäste WC Rolllade | Current Target State: 0
[21:26:52] [HomeKit] GET Anfrage für Fernseher
[21:26:52] [HomeKit] GET Anfrage für Kompressor
[21:26:52] [HomeKit] GET Anfrage für Nils Zimmer Licht
[21:26:52] [HomeKit] GET Anfrage für Keller Licht
[21:26:52] [HomeKit] GET Anfrage (Target): Arbeitszimmer Rolllade Garten | Current Target State: 0
[21:26:52] [HomeKit] GET Anfrage (CurrentPosition): Arbeitszimmer Rolllade Garten | Current State: 0
[21:26:52] [HomeKit] GET Anfrage für Temperatur Garten
[21:26:52] [HomeKit] GET Anfrage (Target): Schlafzimmer Rolllade | Current Target State: 0
[21:26:52] [HomeKit] GET Anfrage (CurrentPosition): Schlafzimmer Rolllade | Current State: 0
[21:26:57] [HomeKit] GET Anfrage für Feuchtigkeit Garten
[21:26:57] [HomeKit] GET Anfrage für Subwoofer Nils Zimmer
[21:26:57] [HomeKit] GET Anfrage (CurrentPosition): Nils Rolllade | Current State: 0
[21:26:57] [HomeKit] GET Anfrage (Target): Nils Rolllade | Current Target State: 0
[21:26:57] [HomeKit] GET Anfrage für Kompressor
[21:26:57] [HomeKit] GET Anfrage für Temperatur Garten
[21:26:57] [HomeKit] GET Anfrage für LED Kette Nils
[21:26:57] [HomeKit] GET Anfrage für Nils Dachboden Licht
[21:26:57] [HomeKit] GET Anfrage für Nils Zimmer Licht
[21:26:57] [HomeKit] GET Anfrage für Treppe Licht Pflanze
[21:27:01] [HomeKit] GET Anfrage für Feuchtigkeit Garten
[21:27:01] [HomeKit] GET Anfrage (Target): Wohnzimmer Rolllade Fenster | Current Target State: 0
[21:27:01] [HomeKit] GET Anfrage (CurrentPosition): Wohnzimmer Rolllade Fenster | Current State: 0
[21:27:01] [HomeKit] GET Anfrage für Subwoofer Nils Zimmer
[21:27:01] [HomeKit] GET Anfrage (CurrentPosition): Arbeitszimmer Rolllade Kindergarten | Current State: 0
[21:27:01] [HomeKit] GET Anfrage (Target): Arbeitszimmer Rolllade Kindergarten | Current Target State: 0
[21:27:01] [HomeKit] GET Anfrage für LED Kette Nils
[21:27:01] [HomeKit] GET Anfrage (Target): Nils Rolllade | Current Target State: 0
[21:27:01] [HomeKit] GET Anfrage (CurrentPosition): Nils Rolllade | Current State: 0
[21:27:01] [HomeKit] GET Anfrage für Feuchtigkeit Wohnzimmer
[21:27:01] [HomeKit] GET Anfrage für Treppe Licht Pflanze
[21:27:01] [HomeKit] GET Anfrage (CurrentPosition): Wohnzimmer Rolllade Tür | Current State: 0
[21:27:01] [HomeKit] GET Anfrage (Target): Wohnzimmer Rolllade Tür | Current Target State: 0
[21:27:01] [HomeKit] GET Anfrage (Target): Küche Rolllade | Current Target State: 0
[21:27:01] [HomeKit] GET Anfrage (CurrentPosition): Küche Rolllade | Current State: 0
[21:27:01] [HomeKit] GET Anfrage für Eingangs Flur Licht
[21:27:01] [HomeKit] GET Anfrage für Nils Dachboden Licht
[21:27:01] [HomeKit] GET Anfrage für Brunnen
[21:27:01] [HomeKit] GET Anfrage für Arbeitszimmer Licht
[21:27:01] [HomeKit] GET Anfrage (CurrentPosition): Gäste WC Rolllade | Current State: 0
[21:27:01] [HomeKit] GET Anfrage (Target): Gäste WC Rolllade | Current Target State: 0
[21:27:01] [HomeKit] GET Anfrage für Fernseher
[21:27:01] [HomeKit] GET Anfrage für Kompressor
[21:27:01] [HomeKit] GET Anfrage für Nils Zimmer Licht
[21:27:01] [HomeKit] GET Anfrage für Keller Licht
[21:27:01] [HomeKit] GET Anfrage (Target): Arbeitszimmer Rolllade Garten | Current Target State: 0
[21:27:01] [HomeKit] GET Anfrage (CurrentPosition): Arbeitszimmer Rolllade Garten | Current State: 0
[21:27:01] [HomeKit] GET Anfrage für Temperatur Garten
[21:27:01] [HomeKit] GET Anfrage (CurrentPosition): Schlafzimmer Rolllade | Current State: 0
[21:27:01] [HomeKit] GET Anfrage (Target): Schlafzimmer Rolllade | Current Target State: 0
[21:27:05] [HomeKit] GET Anfrage für Feuchtigkeit Garten
[21:27:05] [HomeKit] GET Anfrage (Target): Wohnzimmer Rolllade Fenster | Current Target State: 0
[21:27:05] [HomeKit] GET Anfrage (CurrentPosition): Wohnzimmer Rolllade Fenster | Current State: 0
[21:27:05] [HomeKit] GET Anfrage für Subwoofer Nils Zimmer
[21:27:05] [HomeKit] GET Anfrage (Target): Arbeitszimmer Rolllade Kindergarten | Current Target State: 0
[21:27:05] [HomeKit] GET Anfrage (CurrentPosition): Arbeitszimmer Rolllade Kindergarten | Current State: 0
[21:27:05] [HomeKit] GET Anfrage für LED Kette Nils
[21:27:05] [HomeKit] GET Anfrage (CurrentPosition): Nils Rolllade | Current State: 0
[21:27:05] [HomeKit] GET Anfrage (Target): Nils Rolllade | Current Target State: 0
[21:27:05] [HomeKit] GET Anfrage für Feuchtigkeit Wohnzimmer
[21:27:05] [HomeKit] GET Anfrage für Treppe Licht Pflanze
[21:27:05] [HomeKit] GET Anfrage (Target): Wohnzimmer Rolllade Tür | Current Target State: 0
[21:27:05] [HomeKit] GET Anfrage (CurrentPosition): Wohnzimmer Rolllade Tür | Current State: 0
[21:27:05] [HomeKit] GET Anfrage (CurrentPosition): Küche Rolllade | Current State: 0
[21:27:05] [HomeKit] GET Anfrage (Target): Küche Rolllade | Current Target State: 0
[21:27:05] [HomeKit] GET Anfrage für Eingangs Flur Licht
[21:27:05] [HomeKit] GET Anfrage für Nils Dachboden Licht
[21:27:05] [HomeKit] GET Anfrage für Brunnen
[21:27:05] [HomeKit] GET Anfrage für Arbeitszimmer Licht
[21:27:05] [HomeKit] GET Anfrage (Target): Gäste WC Rolllade | Current Target State: 0
[21:27:05] [HomeKit] GET Anfrage (CurrentPosition): Gäste WC Rolllade | Current State: 0
[21:27:05] [HomeKit] GET Anfrage für Fernseher
[21:27:05] [HomeKit] GET Anfrage für Kompressor
[21:27:05] [HomeKit] GET Anfrage für Nils Zimmer Licht
[21:27:05] [HomeKit] GET Anfrage für Keller Licht
[21:27:05] [HomeKit] GET Anfrage (Target): Arbeitszimmer Rolllade Garten | Current Target State: 0
[21:27:05] [HomeKit] GET Anfrage (CurrentPosition): Arbeitszimmer Rolllade Garten | Current State: 0
[21:27:05] [HomeKit] GET Anfrage für Temperatur Garten
[21:27:05] [HomeKit] GET Anfrage (CurrentPosition): Schlafzimmer Rolllade | Current State: 0
[21:27:05] [HomeKit] GET Anfrage (Target): Schlafzimmer Rolllade | Current Target State: 0
[21:27:13] [HomeKit] SET Befehlt: 0
[21:27:13] [HomeKit] AUSSSSSS
[21:27:13] [HomeKit] Callback
[21:27:14] [HomeKit] SET Befehlt: 0
[21:27:14] [HomeKit] AUSSSSSS
[21:27:14] [HomeKit] Callback
[21:27:15] [HomeKit] SET Befehlt: 0
[21:27:15] [HomeKit] AUSSSSSS
[21:27:15] [HomeKit] Callback
[21:27:16] [HomeKit] SET Befehl0
[21:27:16] [HomeKit] AUSSSSSS
[21:31:58] [HomeKit] Update Feuchtigkeit Garten
[21:37:11] [HomeKit] Update Temperatur Garten
[21:37:11] [HomeKit] Update Feuchtigkeit Garten
[21:42:24] [HomeKit] Update Feuchtigkeit Garten
[21:47:38] [HomeKit] Update Temperatur Garten
[21:50:50] [HomeKit] Update Temperatur Wohnzimmer
[21:52:51] [HomeKit] Update Feuchtigkeit Garten
[22:03:17] [HomeKit] Update Temperatur Garten
[22:06:29] [HomeKit] Update Temperatur Wohnzimmer
[22:18:56] [HomeKit] Update Temperatur Garten
[22:18:56] [HomeKit] Update Feuchtigkeit Garten
[22:29:22] [HomeKit] Update Feuchtigkeit Garten
[22:39:48] [HomeKit] Update Feuchtigkeit Garten
[22:45:01] [HomeKit] Update Feuchtigkeit Garten
[22:48:13] [HomeKit] Update Temperatur Wohnzimmer
[22:50:14] [HomeKit] Update Feuchtigkeit Garten
[22:53:26] [HomeKit] Update Temperatur Wohnzimmer
[22:55:27] [HomeKit] Update Feuchtigkeit Garten
[22:58:39] [HomeKit] Update Temperatur Wohnzimmer
[23:00:40] [HomeKit] Update Feuchtigkeit Garten
[23:05:53] [HomeKit] Update Feuchtigkeit Garten
[23:11:06] [HomeKit] Update Feuchtigkeit Garten
[23:16:19] [HomeKit] Update Feuchtigkeit Garten
[23:21:32] [HomeKit] Update Feuchtigkeit Garten
[23:24:44] [HomeKit] Update Temperatur Wohnzimmer
[23:26:45] [HomeKit] Update Temperatur Garten
[23:26:45] [HomeKit] Update Feuchtigkeit Garten
[23:31:58] [HomeKit] Update Temperatur Garten
[23:37:11] [HomeKit] Update Feuchtigkeit Garten
[23:42:24] [HomeKit] Update Feuchtigkeit Garten
[23:47:37] [HomeKit] Update Feuchtigkeit Garten
[23:52:50] [HomeKit] Update Feuchtigkeit Garten
[23:56:02] [HomeKit] Update Temperatur Wohnzimmer
[23:58:03] [HomeKit] Update Feuchtigkeit Garten
